#
# A fatal error has been detected by the Java Runtime Environment:
#
#  Internal Error (jvmciRuntime.cpp:1609), pid=5333, tid=5348
#  fatal error: Fatal exception in JVMCI: Error calling jdk.vm.ci.services.Services.serializeSavedProperties
#
# JRE version: OpenJDK Runtime Environment GraalVM CE 22.3.0 (17.0.5+8) (build 17.0.5+8-jvmci-22.3-b08)
# Java VM: OpenJDK 64-Bit Server VM GraalVM CE 22.3.0 (17.0.5+8-jvmci-22.3-b08, mixed mode, sharing, tiered, jvmci, jvmci compiler, compressed oops, compressed class ptrs, parallel gc, linux-amd64)
# Problematic frame:
# V  [libjvm.so+0x972714]  JVMCIRuntime::fatal_exception(JVMCIEnv*, char const*)+0x74
#
# Core dump will be written. Default location: Core dumps may be processed with "/usr/share/apport/apport -p%p -s%s -c%c -d%d -P%P -u%u -g%g -- %E" (or dumping to /home/runner/javamngbatch6/core.5333)
#
# If you would like to submit a bug report, please visit:
#   https://github.com/oracle/graal/issues
#

---------------  S U M M A R Y ------------

Command Line: -XX:ThreadPriorityPolicy=1 -XX:+UnlockExperimentalVMOptions -XX:+EnableJVMCIProduct -XX:JVMCIThreadsPerNativeLibraryRuntime=1 -XX:-UnlockExperimentalVMOptions -Declipse.application=org.eclipse.jdt.ls.core.id1 -Dosgi.bundles.defaultStartLevel=4 -Declipse.product=org.eclipse.jdt.ls.core.product -Dlog.level=ALL -Xverify:none -XX:+UseParallelGC -XX:GCTimeRatio=4 -XX:AdaptiveSizePolicyWeight=90 -Dsun.zip.disableMemoryMapping=true -Xmx512m -Xms100m /nix/store/m6gcpi1ii6rghy04cjwjddcavv7i90df-jdt-language-server-1.9.0/share/java/plugins/org.eclipse.equinox.launcher_1.6.400.v20210924-0641.jar --add-modules=ALL-SYSTEM --add-opens java.base/java.util=ALL-UNNAMED --add-opens java.base/java.lang=ALL-UNNAMED -configuration /home/runner/.cache/jdt-language-server/config -data /home/runner/.cache/jdt-language-server/data/home/runner/javamngbatch6

Host: AMD EPYC 7B12, 8 cores, 1G, Ubuntu 20.04.2 LTS
Time: Thu Aug 24 09:03:50 2023 UTC elapsed time: 1787.341248 seconds (0d 0h 29m 47s)

---------------  T H R E A D  ---------------

Current thread (0x00007f47d00b21e0):  JavaThread "JVMCI-native CompilerThread0" daemon [_thread_in_vm, id=5348, stack(0x00007f47b6ccd000,0x00007f47b6ecd000)]


Current CompileTask:
JVMCI-native:1787341 7592 %     4       org.eclipse.jdt.internal.core.index.DiskIndex::copyQueryResults @ 21 (218 bytes)

Stack: [0x00007f47b6ccd000,0x00007f47b6ecd000],  sp=0x00007f47b6ecb380,  free space=2040k
Native frames: (J=compiled Java code, j=interpreted, Vv=VM code, C=native code)
V  [libjvm.so+0x972714]  JVMCIRuntime::fatal_exception(JVMCIEnv*, char const*)+0x74
V  [libjvm.so+0x93e2fe]  JVMCIEnv::copy_saved_properties()+0x14e
V  [libjvm.so+0x9732a9]  JVMCIRuntime::initialize(JVMCIEnv*)+0xb19
V  [libjvm.so+0x9738a2]  JVMCIRuntime::get_HotSpotJVMCIRuntime(JVMCIEnv*)+0x12
V  [libjvm.so+0x9749f2]  JVMCIRuntime::compile_method(JVMCIEnv*, JVMCICompiler*, methodHandle const&, int)+0xd2
V  [libjvm.so+0x5b0d20]  CompileBroker::invoke_compiler_on_method(CompileTask*)+0x1470
V  [libjvm.so+0x5b12e8]  CompileBroker::compiler_thread_loop()+0x528
V  [libjvm.so+0xd82460]  JavaThread::thread_main_inner()+0xd0
V  [libjvm.so+0xd85a40]  Thread::call_run()+0xc0
V  [libjvm.so+0xbdb1e1]  thread_native_entry(Thread*)+0xe1

Register to memory mapping:

RAX=0x00007f47d6943000 points into unknown readable memory: 0x0000000000000058 | 58 00 00 00 00 00 00 00
RBX=0x00007f47d7a3e398: <offset 0x0000000000ef5398> in /nix/store/gpxl5qgg8kicmcvivwmybwjlpf7wh20l-graalvm17-ce-22.3.0/lib/server/libjvm.so at 0x00007f47d6b49000
RCX=0x00007f47d79f61e8: <offset 0x0000000000ead1e8> in /nix/store/gpxl5qgg8kicmcvivwmybwjlpf7wh20l-graalvm17-ce-22.3.0/lib/server/libjvm.so at 0x00007f47d6b49000
RDX=0x0000000000000649 is an unknown value
RSP=0x00007f47b6ecb380 is pointing into the stack for thread: 0x00007f47d00b21e0
RBP=0x00007f47b6ecb3a0 is pointing into the stack for thread: 0x00007f47d00b21e0
RSI=0x00007f47d7a3ec48: <offset 0x0000000000ef5c48> in /nix/store/gpxl5qgg8kicmcvivwmybwjlpf7wh20l-graalvm17-ce-22.3.0/lib/server/libjvm.so at 0x00007f47d6b49000
RDI=0x00000000e0000000 is an oop: java.util.jar.Attributes 
{0x00000000e0000000} - klass: 'java/util/jar/Attributes'
 - ---- fields (total size 2 words):
 - protected 'map' 'Ljava/util/Map;' @12  a 'java/util/LinkedHashMap'{0x00000000e0000010} (e0000010)
R8 =0x00007f47d7a3e398: <offset 0x0000000000ef5398> in /nix/store/gpxl5qgg8kicmcvivwmybwjlpf7wh20l-graalvm17-ce-22.3.0/lib/server/libjvm.so at 0x00007f47d6b49000
R9 =0x00007f47b6ecb330 is pointing into the stack for thread: 0x00007f47d00b21e0
R10=0x00007f47b6ecc948 is pointing into the stack for thread: 0x00007f47d00b21e0
R11=0x0000000000000293 is an unknown value
R12=0x0 is NULL
R13=0x00007f47d00b21e0 is a thread
R14=0x00007f47d0000b80 points into unknown readable memory: 0x00007f47d7c6fa38 | 38 fa c6 d7 47 7f 00 00
R15=0x00007f47d7d7de40: <offset 0x0000000001234e40> in /nix/store/gpxl5qgg8kicmcvivwmybwjlpf7wh20l-graalvm17-ce-22.3.0/lib/server/libjvm.so at 0x00007f47d6b49000


Registers:
RAX=0x00007f47d6943000, RBX=0x00007f47d7a3e398, RCX=0x00007f47d79f61e8, RDX=0x0000000000000649
RSP=0x00007f47b6ecb380, RBP=0x00007f47b6ecb3a0, RSI=0x00007f47d7a3ec48, RDI=0x00000000e0000000
R8 =0x00007f47d7a3e398, R9 =0x00007f47b6ecb330, R10=0x00007f47b6ecc948, R11=0x0000000000000293
R12=0x0000000000000000, R13=0x00007f47d00b21e0, R14=0x00007f47d0000b80, R15=0x00007f47d7d7de40
RIP=0x00007f47d74bb714, EFLAGS=0x0000000000010206, CSGSFS=0x002b000000000033, ERR=0x0000000000000006
  TRAPNO=0x000000000000000e

Top of Stack: (sp=0x00007f47b6ecb380)
0x00007f47b6ecb380:   00007f47b6ecb940 00007f47d00b21e0
0x00007f47b6ecb390:   00007f47d52d48c8 0000000800c417a0
0x00007f47b6ecb3a0:   00007f47b6ecb500 00007f47d74872fe
0x00007f47b6ecb3b0:   00007f47b6ecb3e0 00007f47b6ecb440 

Instructions: (pc=0x00007f47d74bb714)
0x00007f47d74bb614:   30 e8 f6 cf e8 ff 4c 89 e7 e8 2e 48 d1 ff 84 db
0x00007f47d74bb624:   75 2a 4d 85 ed 74 04 4d 8b 6d 00 48 83 c4 08 44
0x00007f47d74bb634:   89 f9 4c 89 f2 4c 89 ee 5b 4c 89 e7 41 5c 41 5d
0x00007f47d74bb644:   41 5e 41 5f 5d e9 e2 47 d1 ff 66 90 48 83 c4 08
0x00007f47d74bb654:   5b 41 5c 41 5d 41 5e 41 5f 5d c3 90 31 d2 be 08
0x00007f47d74bb664:   00 00 00 4c 89 ff e8 b1 78 a3 ff 49 89 c5 e9 37
0x00007f47d74bb674:   ff ff ff 66 0f 1f 84 00 00 00 00 00 48 8b 7a 08
0x00007f47d74bb684:   e9 6d ff ff ff 0f 1f 80 00 00 00 00 e8 5b 48 0a
0x00007f47d74bb694:   00 84 c0 75 89 e9 6a ff ff ff 66 90 55 48 89 e5
0x00007f47d74bb6a4:   41 56 41 55 41 54 49 89 fc 53 48 89 f3 66 48 8d
0x00007f47d74bb6b4:   3d 27 5e 85 00 66 66 48 e8 df 43 8d ff 4c 8b 28
0x00007f47d74bb6c4:   8b 05 be 72 8a 00 85 c0 75 14 ba 01 00 00 00 48
0x00007f47d74bb6d4:   8d 0d ae 72 8a 00 f0 0f b1 11 85 c0 74 4e be c8
0x00007f47d74bb6e4:   00 00 00 4c 89 ef e8 01 0b 41 00 48 8d 05 12 ac
0x00007f47d74bb6f4:   85 00 49 89 d8 48 8d 0d e8 aa 53 00 ba 49 06 00
0x00007f47d74bb704:   00 48 8d 35 3c 35 58 00 bf 00 00 00 e0 48 8b 00
0x00007f47d74bb714:   c6 00 58 31 c0 e8 e2 91 c6 ff 5b 41 5c 41 5d 41
0x00007f47d74bb724:   5e 5d e9 55 34 26 00 0f 1f 44 00 00 48 8d 05 81
0x00007f47d74bb734:   a3 8b 00 48 89 df 4c 8b 30 e8 9e 43 8d ff 48 89
0x00007f47d74bb744:   de 48 89 c2 49 8b 06 4c 89 f7 ff 50 08 4c 89 f7
0x00007f47d74bb754:   e8 a7 5c 27 00 4d 85 e4 74 12 be 01 00 00 00 4c
0x00007f47d74bb764:   89 e7 e8 35 43 fc ff eb 82 0f 1f 00 be 01 00 00
0x00007f47d74bb774:   00 4c 89 ef e8 d3 fd ff ff e9 6d ff ff ff 66 66
0x00007f47d74bb784:   2e 0f 1f 84 00 00 00 00 00 0f 1f 00 55 48 89 e5
0x00007f47d74bb794:   41 57 41 56 41 55 41 54 53 48 81 ec 08 02 00 00
0x00007f47d74bb7a4:   64 48 8b 04 25 28 00 00 00 48 89 45 c8 8b 07 83
0x00007f47d74bb7b4:   f8 02 0f 84 11 04 00 00 4c 8b 6f 18 49 89 ff 49
0x00007f47d74bb7c4:   89 f4 4d 85 ed 74 14 4c 89 ef e8 5d 57 22 00 41
0x00007f47d74bb7d4:   8b 07 83 f8 02 0f 84 19 04 00 00 48 8d 1d 9a 06
0x00007f47d74bb7e4:   8a 00 4c 8d 35 0b 3c 58 00 eb 38 90 48 85 d2 7f
0x00007f47d74bb7f4:   0d 48 8d 05 b4 c0 85 00 48 83 38 00 7e 0e 41 8b
0x00007f47d74bb804:   77 2c 4c 89 f7 31 c0 e8 a0 b2 f7 ff 49 8b 7f 18 


Stack slot to memory mapping:
stack at sp + 0 slots: 0x00007f47b6ecb940 is pointing into the stack for thread: 0x00007f47d00b21e0
stack at sp + 1 slots: 0x00007f47d00b21e0 is a thread
stack at sp + 2 slots: 0x00007f47d52d48c8 points into unknown readable memory: 0x6573001880c9ffff | ff ff c9 80 18 00 73 65
stack at sp + 3 slots: 0x0000000800c417a0 is a pointer to class: 
jdk.vm.ci.services.Services {0x0000000800c417a0}
 - instance size:     2
 - klass size:        65
 - access:            public final synchronized 
 - state:             fully_initialized
 - name:              'jdk/vm/ci/services/Services'
 - super:             'java/lang/Object'
 - sub:               
 - arrays:            NULL
 - methods:           Array<T>(0x00007f47d4443518)
 - method ordering:   Array<T>(0x0000000800928960)
 - default_methods:   Array<T>(0x0000000000000000)
 - local interfaces:  Array<T>(0x00000008005ce810)
 - trans. interfaces: Array<T>(0x00000008005ce810)
 - constants:         constant pool [427] {0x00007f47d44425f8} for 'jdk/vm/ci/services/Services' cache=0x00007f47d44447e8
 - class loader data:  loader data: 0x00007f47d00283f0 of 'bootstrap'
 - source file:       'Services.java'
 - class annotations:       Array<T>(0x0000000000000000)
 - class type annotations:  Array<T>(0x0000000000000000)
 - field annotations:       Array<T>(0x0000000000000000)
 - field type annotations:  Array<T>(0x0000000000000000)
 - inner classes:     Array<T>(0x00007f47d44447b8)
 - nest members:     Array<T>(0x00007f47d44447d8)
 - permitted subclasses:     Array<T>(0x00000008005ce7a0)
 - java mirror:       a 'java/lang/Class'{0x00000000e029e478} = 'jdk/vm/ci/services/Services'
 - vtable length      5  (start addr: 0x0000000800c41970)
 - itable length      2 (start addr: 0x0000000800c41998)
 - ---- static fields (3 words):
 - public static final 'IS_BUILDING_NATIVE_IMAGE' 'Z' @128 
 - public static final 'IS_IN_NATIVE_IMAGE' 'Z' @129 
 - private static volatile 'savedProperties' 'Ljava/util/Map;' @112 
 - static final 'JVMCI_ENABLED' 'Z' @130 
 - private static final 'servicesCache' 'Ljava/util/Map;' @116 
 - private static final 'MAX_UNICODE_IN_UTF8_LENGTH' 'I' @120 
 - private static final 'MAX_UTF8_PROPERTY_STRING_LENGTH' 'I' @124 
 - ---- non-static fields (0 words):
 - non-static oop maps: 
stack at sp + 4 slots: 0x00007f47b6ecb500 is pointing into the stack for thread: 0x00007f47d00b21e0
stack at sp + 5 slots: 0x00007f47d74872fe: <offset 0x000000000093e2fe> in /nix/store/gpxl5qgg8kicmcvivwmybwjlpf7wh20l-graalvm17-ce-22.3.0/lib/server/libjvm.so at 0x00007f47d6b49000
stack at sp + 6 slots: 0x00007f47b6ecb3e0 is pointing into the stack for thread: 0x00007f47d00b21e0
stack at sp + 7 slots: 0x00007f47b6ecb440 is pointing into the stack for thread: 0x00007f47d00b21e0


---------------  P R O C E S S  ---------------

Threads class SMR info:
_java_thread_list=0x00007f4740245eb0, length=26, elements={
0x00007f47d0026690, 0x00007f47d00a64d0, 0x00007f47d00a7910, 0x00007f47d00ae050,
0x00007f47d00af400, 0x00007f47d00b07f0, 0x00007f47d00b21e0, 0x00007f47d00b36f0,
0x00007f47d00b4b40, 0x00007f47d00d8160, 0x00007f47d011fd80, 0x00007f47d02fcd20,
0x00007f47d0344b50, 0x00007f47d0347b90, 0x00007f4764032f10, 0x00007f476443d0b0,
0x00007f47580010d0, 0x00007f47646d3c80, 0x00007f47646f91a0, 0x00007f47d036e350,
0x00007f47d03ffb00, 0x00007f4754015ba0, 0x00007f475c0011c0, 0x00007f473c139e90,
0x00007f473c13e8f0, 0x00007f4740244da0
}

Java Threads: ( => current thread )
  0x00007f47d0026690 JavaThread "main" [_thread_blocked, id=5339, stack(0x00007f47d6964000,0x00007f47d6a64000)]
  0x00007f47d00a64d0 JavaThread "Reference Handler" daemon [_thread_blocked, id=5342, stack(0x00007f47d412e000,0x00007f47d422e000)]
  0x00007f47d00a7910 JavaThread "Finalizer" daemon [_thread_blocked, id=5343, stack(0x00007f47d402e000,0x00007f47d412e000)]
  0x00007f47d00ae050 JavaThread "Signal Dispatcher" daemon [_thread_blocked, id=5344, stack(0x00007f47b70cd000,0x00007f47b71cd000)]
  0x00007f47d00af400 JavaThread "Service Thread" daemon [_thread_blocked, id=5346, stack(0x00007f47b6fcd000,0x00007f47b70cd000)]
  0x00007f47d00b07f0 JavaThread "Monitor Deflation Thread" daemon [_thread_blocked, id=5347, stack(0x00007f47b6ecd000,0x00007f47b6fcd000)]
=>0x00007f47d00b21e0 JavaThread "JVMCI-native CompilerThread0" daemon [_thread_in_vm, id=5348, stack(0x00007f47b6ccd000,0x00007f47b6ecd000)]
  0x00007f47d00b36f0 JavaThread "C1 CompilerThread0" daemon [_thread_blocked, id=5349, stack(0x00007f47b6acd000,0x00007f47b6ccd000)]
  0x00007f47d00b4b40 JavaThread "Sweeper thread" daemon [_thread_blocked, id=5350, stack(0x00007f47b69cd000,0x00007f47b6acd000)]
  0x00007f47d00d8160 JavaThread "Common-Cleaner" daemon [_thread_blocked, id=5351, stack(0x00007f47b68cd000,0x00007f47b69cd000)]
  0x00007f47d011fd80 JavaThread "Notification Thread" daemon [_thread_blocked, id=5353, stack(0x00007f47b67cd000,0x00007f47b68cd000)]
  0x00007f47d02fcd20 JavaThread "Active Thread: Equinox Container: 5ec25480-604f-4717-9847-c93b4e2e5617" [_thread_blocked, id=5368, stack(0x00007f47b65cb000,0x00007f47b66cb000)]
  0x00007f47d0344b50 JavaThread "Framework Event Dispatcher: Equinox Container: 5ec25480-604f-4717-9847-c93b4e2e5617" daemon [_thread_blocked, id=5369, stack(0x00007f47b4100000,0x00007f47b4200000)]
  0x00007f47d0347b90 JavaThread "Start Level: Equinox Container: 5ec25480-604f-4717-9847-c93b4e2e5617" daemon [_thread_blocked, id=5370, stack(0x00007f477ed00000,0x00007f477ee00000)]
  0x00007f4764032f10 JavaThread "SCR Component Actor" daemon [_thread_blocked, id=5372, stack(0x00007f477eb00000,0x00007f477ec00000)]
  0x00007f476443d0b0 JavaThread "Worker-JM" [_thread_blocked, id=5383, stack(0x00007f477e700000,0x00007f477e800000)]
  0x00007f47580010d0 JavaThread "Worker-2: Compacting resource model" [_thread_blocked, id=5389, stack(0x00007f477e100000,0x00007f477e200000)]
  0x00007f47646d3c80 JavaThread "Java indexing" daemon [_thread_blocked, id=5391, stack(0x00007f477df00000,0x00007f477e000000)]
  0x00007f47646f91a0 JavaThread "Bundle File Closer" daemon [_thread_blocked, id=5408, stack(0x00007f477dd00000,0x00007f477de00000)]
  0x00007f47d036e350 JavaThread "pool-3-thread-1" [_thread_blocked, id=5412, stack(0x00007f477db00000,0x00007f477dc00000)]
  0x00007f47d03ffb00 JavaThread "pool-2-thread-1" [_thread_blocked, id=5415, stack(0x00007f477da00000,0x00007f477db00000)]
  0x00007f4754015ba0 JavaThread "Worker-3: Java indexing... " [_thread_blocked, id=5422, stack(0x00007f477e900000,0x00007f477ea00000)]
  0x00007f475c0011c0 JavaThread "Worker-4: Periodic workspace save." [_thread_blocked, id=5423, stack(0x00007f477d900000,0x00007f477da00000)]
  0x00007f473c139e90 JavaThread "Thread-4" [_thread_blocked, id=5812, stack(0x00007f477d700000,0x00007f477d800000)]
  0x00007f473c13e8f0 JavaThread "Thread-7" [_thread_blocked, id=7162, stack(0x00007f477e300000,0x00007f477e400000)]
  0x00007f4740244da0 JavaThread "Worker-5" [_thread_blocked, id=12465, stack(0x00007f477d500000,0x00007f477d600000)]

Other Threads:
  0x00007f47d00a1c10 VMThread "VM Thread" [stack: 0x00007f47d4230000,0x00007f47d4330000] [id=5341] _threads_hazard_ptr=0x00007f4740245eb0
  0x00007f47d0121720 WatcherThread [stack: 0x00007f47b66cd000,0x00007f47b67cd000] [id=5354]
  0x00007f47d003df30 GCTaskThread "GC Thread#0" [stack: 0x00007f47d6527000,0x00007f47d6627000] [id=5340]

Threads with active compile tasks:
JVMCI-native CompilerThread0  1787431 7592 %     4       org.eclipse.jdt.internal.core.index.DiskIndex::copyQueryResults @ 21 (218 bytes)

VM state: synchronizing (normal execution)

VM Mutex/Monitor currently owned by a thread:  ([mutex/lock_event])
[0x00007f47d0023840] Threads_lock - owner thread: 0x00007f47d00a1c10
[0x00007f47d0023ff0] Heap_lock - owner thread: 0x00007f47646d3c80

OutOfMemory and StackOverflow Exception counts:
OutOfMemoryError java_heap_errors=5
LinkageErrors=70

Heap address: 0x00000000e0000000, size: 512 MB, Compressed Oops mode: 32-bit

CDS archive(s) mapped at: [0x0000000800000000-0x0000000800bc8000-0x0000000800bc8000), size 12353536, SharedBaseAddress: 0x0000000800000000, ArchiveRelocationMode: 0.
Compressed class space mapped at: 0x0000000800c00000-0x0000000840c00000, reserved size: 1073741824
Narrow klass base: 0x0000000800000000, Narrow klass shift: 0, Narrow klass range: 0x100000000

GC Precious Log:
 CPUs: 8 total, 1 available
 Memory: 1024M
 Large Page Support: Disabled
 NUMA Support: Disabled
 Compressed Oops: Enabled (32-bit)
 Alignments: Space 512K, Generation 512K, Heap 2M
 Heap Min Capacity: 100M
 Heap Initial Capacity: 100M
 Heap Max Capacity: 512M
 Pre-touch: Disabled
 Parallel Workers: 1

Heap:
 PSYoungGen      total 59392K, used 29696K [0x00000000f5580000, 0x00000000fb100000, 0x0000000100000000)
  eden space 29696K, 100% used [0x00000000f5580000,0x00000000f7280000,0x00000000f7280000)
  from space 29696K, 0% used [0x00000000f9400000,0x00000000f9400000,0x00000000fb100000)
  to   space 31232K, 0% used [0x00000000f7280000,0x00000000f7280000,0x00000000f9100000)
 ParOldGen       total 349696K, used 349695K [0x00000000e0000000, 0x00000000f5580000, 0x00000000f5580000)
  object space 349696K, 99% used [0x00000000e0000000,0x00000000f557ff00,0x00000000f5580000)
 Metaspace       used 52852K, committed 53760K, reserved 1097728K
  class space    used 5223K, committed 5632K, reserved 1048576K

Card table byte_map: [0x00007f47d6627000,0x00007f47d6728000] _byte_map_base: 0x00007f47d5f27000

Marking Bits: (ParMarkBitMap*) 0x00007f47d7d774c0
 Begin Bits: [0x00007f47d547a000, 0x00007f47d5c7a000)
 End Bits:   [0x00007f47d5c7a000, 0x00007f47d647a000)

Polling page: 0x00007f47d6941000

Metaspace:

Usage:
  Non-class:     46.51 MB used.
      Class:      5.10 MB used.
       Both:     51.61 MB used.

Virtual space:
  Non-class space:       48.00 MB reserved,      47.00 MB ( 98%) committed,  6 nodes.
      Class space:        1.00 GB reserved,       5.50 MB ( <1%) committed,  1 nodes.
             Both:        1.05 GB reserved,      52.50 MB (  5%) committed. 

Chunk freelists:
   Non-Class:  147.00 KB
       Class:  2.55 MB
        Both:  2.70 MB

MaxMetaspaceSize: unlimited
CompressedClassSpaceSize: 1.00 GB
Initial GC threshold: 21.00 MB
Current GC threshold: 87.31 MB
CDS: on
MetaspaceReclaimPolicy: balanced
 - commit_granule_bytes: 65536.
 - commit_granule_words: 8192.
 - virtual_space_node_default_size: 1048576.
 - enlarge_chunks_in_place: 1.
 - new_chunks_are_fully_committed: 0.
 - uncommit_free_chunks: 1.
 - use_allocation_guard: 0.
 - handle_deallocations: 1.


Internal statistics:

num_allocs_failed_limit: 6.
num_arena_births: 428.
num_arena_deaths: 92.
num_vsnodes_births: 7.
num_vsnodes_deaths: 0.
num_space_committed: 839.
num_space_uncommitted: 0.
num_chunks_returned_to_freelist: 125.
num_chunks_taken_from_freelist: 2714.
num_chunk_merges: 48.
num_chunk_splits: 1729.
num_chunks_enlarged: 1027.
num_purges: 2.
num_inconsistent_stats: 0.

CodeHeap 'non-profiled nmethods': size=120036Kb used=2636Kb max_used=2636Kb free=117400Kb
 bounds [0x00007f47bef7a000, 0x00007f47bf21a000, 0x00007f47c64b3000]
CodeHeap 'profiled nmethods': size=120032Kb used=13464Kb max_used=13464Kb free=106567Kb
 bounds [0x00007f47b7a42000, 0x00007f47b87b2000, 0x00007f47bef7a000]
CodeHeap 'non-nmethods': size=5692Kb used=1375Kb max_used=1376Kb free=4317Kb
 bounds [0x00007f47b74b3000, 0x00007f47b7723000, 0x00007f47b7a42000]
 total_blobs=6804 nmethods=6088 adapters=581
 compilation: enabled
              stopped_count=0, restarted_count=0
 full_count=0

JVMCI Events (20 events):
Event: 1485.453 Thread 0x00007f47d00b21e0 destroyed JavaVM[19]@0x00007f477cf9e340 for JVMCI runtime 0
Event: 1485.453 Thread 0x00007f47d00b21e0 compacted oop handles in JVMCI runtime 0 from 42 to 42
Event: 1485.453 Thread 0x00007f47d00b21e0 releasing handles for JVMCI runtime 0: oop handles=42, metadata handles={total=87, live=76, blocks=29}
Event: 1485.453 Thread 0x00007f47d00b21e0 detached from JVMCI runtime 0
Event: 1670.236 Thread 0x00007f47d00b21e0 attached to JVMCI runtime 0
Event: 1670.238 Thread 0x00007f47d00b21e0 created JavaVM[20]@0x00007f477cf9e340 for JVMCI runtime 0
Event: 1670.238 Thread 0x00007f47d00b21e0 initializing JVMCI runtime 0
Event: 1670.238 Thread 0x00007f47d00b21e0 done waiting for JavaVM references initialization in JVMCI runtime 0
Event: 1685.449 Thread 0x00007f47d00b21e0 initialized JVMCI runtime 0
Event: 1686.845 Thread 0x00007f47d00b21e0 detaching from JVMCI runtime 0: releasing idle compiler thread (0 other threads still attached)
Event: 1686.845 Thread 0x00007f47d00b21e0 shutting down HotSpotJVMCIRuntime for JVMCI runtime 0
Event: 1686.845 Thread 0x00007f47d00b21e0 shut down JVMCI runtime 0
Event: 1686.846 Thread 0x00007f47d00b21e0 destroyed JavaVM[20]@0x00007f477cf9e340 for JVMCI runtime 0
Event: 1686.846 Thread 0x00007f47d00b21e0 compacted oop handles in JVMCI runtime 0 from 50 to 50
Event: 1686.846 Thread 0x00007f47d00b21e0 releasing handles for JVMCI runtime 0: oop handles=50, metadata handles={total=96, live=83, blocks=29}
Event: 1686.846 Thread 0x00007f47d00b21e0 detached from JVMCI runtime 0
Event: 1745.549 Thread 0x00007f47d00b21e0 attached to JVMCI runtime 0
Event: 1745.551 Thread 0x00007f47d00b21e0 created JavaVM[21]@0x00007f477cf9e340 for JVMCI runtime 0
Event: 1745.551 Thread 0x00007f47d00b21e0 initializing JVMCI runtime 0
Event: 1745.551 Thread 0x00007f47d00b21e0 done waiting for JavaVM references initialization in JVMCI runtime 0

Compilation events (20 events):
Event: 1417.764 Thread 0x00007f47d00b21e0 nmethod 7579 0x00007f47bf20bc10 code [0x00007f47bf20bda0, 0x00007f47bf20be10]
Event: 1442.157 Thread 0x00007f47d00b21e0 7580       4       java.lang.Thread::interrupted (23 bytes)
Event: 1482.675 Thread 0x00007f47d00b21e0 nmethod 7580 0x00007f47bf20bf90 code [0x00007f47bf20c100, 0x00007f47bf20c168]
Event: 1483.978 Thread 0x00007f47d00b36f0 7581       3       java.util.concurrent.locks.AbstractQueuedSynchronizer$Node::<init> (5 bytes)
Event: 1485.452 Thread 0x00007f47d00b36f0 nmethod 7581 0x00007f47b8181b90 code [0x00007f47b8181d40, 0x00007f47b8181e90]
Event: 1586.331 Thread 0x00007f47d00b36f0 7585       3       java.util.concurrent.locks.AbstractQueuedSynchronizer$Node::clearStatus (12 bytes)
Event: 1587.548 Thread 0x00007f47d00b36f0 nmethod 7585 0x00007f47b8181790 code [0x00007f47b8181940, 0x00007f47b8181aa0]
Event: 1621.476 Thread 0x00007f47d00b36f0 7586       3       java.util.concurrent.locks.LockSupport::parkNanos (29 bytes)
Event: 1624.135 Thread 0x00007f47d00b36f0 nmethod 7586 0x00007f47b8181290 code [0x00007f47b8181460, 0x00007f47b8181660]
Event: 1653.865 Thread 0x00007f47d00b36f0 7587       1       org.eclipse.jdt.ls.core.internal.LanguageServer::getParentProcessId (5 bytes)
Event: 1653.865 Thread 0x00007f47d00b36f0 nmethod 7587 0x00007f47bf20c990 code [0x00007f47bf20cb20, 0x00007f47bf20cbf0]
Event: 1670.236 Thread 0x00007f47d00b21e0 7588       4       java.util.concurrent.locks.AbstractQueuedSynchronizer$ConditionObject::signal (34 bytes)
Event: 1685.460 Thread 0x00007f47d00b21e0 nmethod 7588 0x00007f47bf20cc90 code [0x00007f47bf20ce00, 0x00007f47bf20cee8]
Event: 1714.057 Thread 0x00007f47d00b36f0 7589       3       java.util.LinkedList::get (14 bytes)
Event: 1714.058 Thread 0x00007f47d00b36f0 nmethod 7589 0x00007f47b8180b10 code [0x00007f47b8180d00, 0x00007f47b8181100]
Event: 1717.935 Thread 0x00007f47d00b36f0 7590  s    3       org.eclipse.jdt.internal.core.search.processing.JobManager::currentJob (35 bytes)
Event: 1717.935 Thread 0x00007f47d00b36f0 nmethod 7590 0x00007f47b817fe90 code [0x00007f47b8180060, 0x00007f47b81809b0]
Event: 1738.255 Thread 0x00007f47d00b36f0 7591       3       org.eclipse.core.internal.jobs.DeadlockDetector::reduceGraph (509 bytes)
Event: 1739.433 Thread 0x00007f47d00b36f0 nmethod 7591 0x00007f47b8335290 code [0x00007f47b8335600, 0x00007f47b8338540]
Event: 1745.549 Thread 0x00007f47d00b21e0 7592 %     4       org.eclipse.jdt.internal.core.index.DiskIndex::copyQueryResults @ 21 (218 bytes)

GC Heap History (20 events):
Event: 1775.129 GC heap before
{Heap before GC invocations=1467 (full 1370):
 PSYoungGen      total 59392K, used 29696K [0x00000000f5580000, 0x00000000fb100000, 0x0000000100000000)
  eden space 29696K, 100% used [0x00000000f5580000,0x00000000f7280000,0x00000000f7280000)
  from space 29696K, 0% used [0x00000000f9400000,0x00000000f9400000,0x00000000fb100000)
  to   space 31232K, 0% used [0x00000000f7280000,0x00000000f7280000,0x00000000f9100000)
 ParOldGen       total 349696K, used 349695K [0x00000000e0000000, 0x00000000f5580000, 0x00000000f5580000)
  object space 349696K, 99% used [0x00000000e0000000,0x00000000f557ffd8,0x00000000f5580000)
 Metaspace       used 52852K, committed 53760K, reserved 1097728K
  class space    used 5223K, committed 5632K, reserved 1048576K
}
Event: 1776.378 GC heap after
{Heap after GC invocations=1467 (full 1370):
 PSYoungGen      total 60928K, used 29695K [0x00000000f5580000, 0x00000000fb100000, 0x0000000100000000)
  eden space 29696K, 99% used [0x00000000f5580000,0x00000000f727ffd0,0x00000000f7280000)
  from space 31232K, 0% used [0x00000000f7280000,0x00000000f7280000,0x00000000f9100000)
  to   space 29696K, 0% used [0x00000000f9400000,0x00000000f9400000,0x00000000fb100000)
 ParOldGen       total 349696K, used 349695K [0x00000000e0000000, 0x00000000f5580000, 0x00000000f5580000)
  object space 349696K, 99% used [0x00000000e0000000,0x00000000f557ffd8,0x00000000f5580000)
 Metaspace       used 52852K, committed 53760K, reserved 1097728K
  class space    used 5223K, committed 5632K, reserved 1048576K
}
Event: 1776.379 GC heap before
{Heap before GC invocations=1468 (full 1371):
 PSYoungGen      total 60928K, used 29695K [0x00000000f5580000, 0x00000000fb100000, 0x0000000100000000)
  eden space 29696K, 99% used [0x00000000f5580000,0x00000000f727ffe8,0x00000000f7280000)
  from space 31232K, 0% used [0x00000000f7280000,0x00000000f7280000,0x00000000f9100000)
  to   space 29696K, 0% used [0x00000000f9400000,0x00000000f9400000,0x00000000fb100000)
 ParOldGen       total 349696K, used 349695K [0x00000000e0000000, 0x00000000f5580000, 0x00000000f5580000)
  object space 349696K, 99% used [0x00000000e0000000,0x00000000f557ffd8,0x00000000f5580000)
 Metaspace       used 52852K, committed 53760K, reserved 1097728K
  class space    used 5223K, committed 5632K, reserved 1048576K
}
Event: 1777.670 GC heap after
{Heap after GC invocations=1468 (full 1371):
 PSYoungGen      total 59392K, used 29695K [0x00000000f5580000, 0x00000000fb100000, 0x0000000100000000)
  eden space 29696K, 99% used [0x00000000f5580000,0x00000000f727ffe8,0x00000000f7280000)
  from space 29696K, 0% used [0x00000000f9400000,0x00000000f9400000,0x00000000fb100000)
  to   space 31232K, 0% used [0x00000000f7280000,0x00000000f7280000,0x00000000f9100000)
 ParOldGen       total 349696K, used 349695K [0x00000000e0000000, 0x00000000f5580000, 0x00000000f5580000)
  object space 349696K, 99% used [0x00000000e0000000,0x00000000f557ffd8,0x00000000f5580000)
 Metaspace       used 52852K, committed 53760K, reserved 1097728K
  class space    used 5223K, committed 5632K, reserved 1048576K
}
Event: 1777.671 GC heap before
{Heap before GC invocations=1469 (full 1372):
 PSYoungGen      total 59392K, used 29696K [0x00000000f5580000, 0x00000000fb100000, 0x0000000100000000)
  eden space 29696K, 100% used [0x00000000f5580000,0x00000000f7280000,0x00000000f7280000)
  from space 29696K, 0% used [0x00000000f9400000,0x00000000f9400000,0x00000000fb100000)
  to   space 31232K, 0% used [0x00000000f7280000,0x00000000f7280000,0x00000000f9100000)
 ParOldGen       total 349696K, used 349696K [0x00000000e0000000, 0x00000000f5580000, 0x00000000f5580000)
  object space 349696K, 100% used [0x00000000e0000000,0x00000000f5580000,0x00000000f5580000)
 Metaspace       used 52852K, committed 53760K, reserved 1097728K
  class space    used 5223K, committed 5632K, reserved 1048576K
}
Event: 1778.873 GC heap after
{Heap after GC invocations=1469 (full 1372):
 PSYoungGen      total 60928K, used 29696K [0x00000000f5580000, 0x00000000fb100000, 0x0000000100000000)
  eden space 29696K, 100% used [0x00000000f5580000,0x00000000f7280000,0x00000000f7280000)
  from space 31232K, 0% used [0x00000000f7280000,0x00000000f7280000,0x00000000f9100000)
  to   space 29696K, 0% used [0x00000000f9400000,0x00000000f9400000,0x00000000fb100000)
 ParOldGen       total 349696K, used 349696K [0x00000000e0000000, 0x00000000f5580000, 0x00000000f5580000)
  object space 349696K, 100% used [0x00000000e0000000,0x00000000f5580000,0x00000000f5580000)
 Metaspace       used 52852K, committed 53760K, reserved 1097728K
  class space    used 5223K, committed 5632K, reserved 1048576K
}
Event: 1778.873 GC heap before
{Heap before GC invocations=1470 (full 1373):
 PSYoungGen      total 60928K, used 29696K [0x00000000f5580000, 0x00000000fb100000, 0x0000000100000000)
  eden space 29696K, 100% used [0x00000000f5580000,0x00000000f7280000,0x00000000f7280000)
  from space 31232K, 0% used [0x00000000f7280000,0x00000000f7280000,0x00000000f9100000)
  to   space 29696K, 0% used [0x00000000f9400000,0x00000000f9400000,0x00000000fb100000)
 ParOldGen       total 349696K, used 349696K [0x00000000e0000000, 0x00000000f5580000, 0x00000000f5580000)
  object space 349696K, 100% used [0x00000000e0000000,0x00000000f5580000,0x00000000f5580000)
 Metaspace       used 52852K, committed 53760K, reserved 1097728K
  class space    used 5223K, committed 5632K, reserved 1048576K
}
Event: 1780.150 GC heap after
{Heap after GC invocations=1470 (full 1373):
 PSYoungGen      total 59392K, used 29696K [0x00000000f5580000, 0x00000000fb100000, 0x0000000100000000)
  eden space 29696K, 100% used [0x00000000f5580000,0x00000000f7280000,0x00000000f7280000)
  from space 29696K, 0% used [0x00000000f9400000,0x00000000f9400000,0x00000000fb100000)
  to   space 31232K, 0% used [0x00000000f7280000,0x00000000f7280000,0x00000000f9100000)
 ParOldGen       total 349696K, used 349696K [0x00000000e0000000, 0x00000000f5580000, 0x00000000f5580000)
  object space 349696K, 100% used [0x00000000e0000000,0x00000000f5580000,0x00000000f5580000)
 Metaspace       used 52852K, committed 53760K, reserved 1097728K
  class space    used 5223K, committed 5632K, reserved 1048576K
}
Event: 1780.151 GC heap before
{Heap before GC invocations=1471 (full 1374):
 PSYoungGen      total 59392K, used 29696K [0x00000000f5580000, 0x00000000fb100000, 0x0000000100000000)
  eden space 29696K, 100% used [0x00000000f5580000,0x00000000f7280000,0x00000000f7280000)
  from space 29696K, 0% used [0x00000000f9400000,0x00000000f9400000,0x00000000fb100000)
  to   space 31232K, 0% used [0x00000000f7280000,0x00000000f7280000,0x00000000f9100000)
 ParOldGen       total 349696K, used 349696K [0x00000000e0000000, 0x00000000f5580000, 0x00000000f5580000)
  object space 349696K, 100% used [0x00000000e0000000,0x00000000f5580000,0x00000000f5580000)
 Metaspace       used 52852K, committed 53760K, reserved 1097728K
  class space    used 5223K, committed 5632K, reserved 1048576K
}
Event: 1781.356 GC heap after
{Heap after GC invocations=1471 (full 1374):
 PSYoungGen      total 60928K, used 29695K [0x00000000f5580000, 0x00000000fb100000, 0x0000000100000000)
  eden space 29696K, 99% used [0x00000000f5580000,0x00000000f727ffb0,0x00000000f7280000)
  from space 31232K, 0% used [0x00000000f7280000,0x00000000f7280000,0x00000000f9100000)
  to   space 29696K, 0% used [0x00000000f9400000,0x00000000f9400000,0x00000000fb100000)
 ParOldGen       total 349696K, used 349695K [0x00000000e0000000, 0x00000000f5580000, 0x00000000f5580000)
  object space 349696K, 99% used [0x00000000e0000000,0x00000000f557fd08,0x00000000f5580000)
 Metaspace       used 52852K, committed 53760K, reserved 1097728K
  class space    used 5223K, committed 5632K, reserved 1048576K
}
Event: 1781.357 GC heap before
{Heap before GC invocations=1472 (full 1375):
 PSYoungGen      total 60928K, used 29696K [0x00000000f5580000, 0x00000000fb100000, 0x0000000100000000)
  eden space 29696K, 100% used [0x00000000f5580000,0x00000000f7280000,0x00000000f7280000)
  from space 31232K, 0% used [0x00000000f7280000,0x00000000f7280000,0x00000000f9100000)
  to   space 29696K, 0% used [0x00000000f9400000,0x00000000f9400000,0x00000000fb100000)
 ParOldGen       total 349696K, used 349695K [0x00000000e0000000, 0x00000000f5580000, 0x00000000f5580000)
  object space 349696K, 99% used [0x00000000e0000000,0x00000000f557fd08,0x00000000f5580000)
 Metaspace       used 52852K, committed 53760K, reserved 1097728K
  class space    used 5223K, committed 5632K, reserved 1048576K
}
Event: 1782.661 GC heap after
{Heap after GC invocations=1472 (full 1375):
 PSYoungGen      total 59392K, used 29696K [0x00000000f5580000, 0x00000000fb100000, 0x0000000100000000)
  eden space 29696K, 100% used [0x00000000f5580000,0x00000000f7280000,0x00000000f7280000)
  from space 29696K, 0% used [0x00000000f9400000,0x00000000f9400000,0x00000000fb100000)
  to   space 31232K, 0% used [0x00000000f7280000,0x00000000f7280000,0x00000000f9100000)
 ParOldGen       total 349696K, used 349695K [0x00000000e0000000, 0x00000000f5580000, 0x00000000f5580000)
  object space 349696K, 99% used [0x00000000e0000000,0x00000000f557fd08,0x00000000f5580000)
 Metaspace       used 52852K, committed 53760K, reserved 1097728K
  class space    used 5223K, committed 5632K, reserved 1048576K
}
Event: 1782.661 GC heap before
{Heap before GC invocations=1473 (full 1376):
 PSYoungGen      total 59392K, used 29696K [0x00000000f5580000, 0x00000000fb100000, 0x0000000100000000)
  eden space 29696K, 100% used [0x00000000f5580000,0x00000000f7280000,0x00000000f7280000)
  from space 29696K, 0% used [0x00000000f9400000,0x00000000f9400000,0x00000000fb100000)
  to   space 31232K, 0% used [0x00000000f7280000,0x00000000f7280000,0x00000000f9100000)
 ParOldGen       total 349696K, used 349695K [0x00000000e0000000, 0x00000000f5580000, 0x00000000f5580000)
  object space 349696K, 99% used [0x00000000e0000000,0x00000000f557fda0,0x00000000f5580000)
 Metaspace       used 52852K, committed 53760K, reserved 1097728K
  class space    used 5223K, committed 5632K, reserved 1048576K
}
Event: 1783.830 GC heap after
{Heap after GC invocations=1473 (full 1376):
 PSYoungGen      total 60928K, used 29696K [0x00000000f5580000, 0x00000000fb100000, 0x0000000100000000)
  eden space 29696K, 100% used [0x00000000f5580000,0x00000000f7280000,0x00000000f7280000)
  from space 31232K, 0% used [0x00000000f7280000,0x00000000f7280000,0x00000000f9100000)
  to   space 29696K, 0% used [0x00000000f9400000,0x00000000f9400000,0x00000000fb100000)
 ParOldGen       total 349696K, used 349695K [0x00000000e0000000, 0x00000000f5580000, 0x00000000f5580000)
  object space 349696K, 99% used [0x00000000e0000000,0x00000000f557fd20,0x00000000f5580000)
 Metaspace       used 52852K, committed 53760K, reserved 1097728K
  class space    used 5223K, committed 5632K, reserved 1048576K
}
Event: 1783.831 GC heap before
{Heap before GC invocations=1474 (full 1377):
 PSYoungGen      total 60928K, used 29696K [0x00000000f5580000, 0x00000000fb100000, 0x0000000100000000)
  eden space 29696K, 100% used [0x00000000f5580000,0x00000000f7280000,0x00000000f7280000)
  from space 31232K, 0% used [0x00000000f7280000,0x00000000f7280000,0x00000000f9100000)
  to   space 29696K, 0% used [0x00000000f9400000,0x00000000f9400000,0x00000000fb100000)
 ParOldGen       total 349696K, used 349695K [0x00000000e0000000, 0x00000000f5580000, 0x00000000f5580000)
  object space 349696K, 99% used [0x00000000e0000000,0x00000000f557fd20,0x00000000f5580000)
 Metaspace       used 52852K, committed 53760K, reserved 1097728K
  class space    used 5223K, committed 5632K, reserved 1048576K
}
Event: 1785.024 GC heap after
{Heap after GC invocations=1474 (full 1377):
 PSYoungGen      total 59392K, used 29696K [0x00000000f5580000, 0x00000000fb100000, 0x0000000100000000)
  eden space 29696K, 100% used [0x00000000f5580000,0x00000000f7280000,0x00000000f7280000)
  from space 29696K, 0% used [0x00000000f9400000,0x00000000f9400000,0x00000000fb100000)
  to   space 31232K, 0% used [0x00000000f7280000,0x00000000f7280000,0x00000000f9100000)
 ParOldGen       total 349696K, used 349695K [0x00000000e0000000, 0x00000000f5580000, 0x00000000f5580000)
  object space 349696K, 99% used [0x00000000e0000000,0x00000000f557fd20,0x00000000f5580000)
 Metaspace       used 52852K, committed 53760K, reserved 1097728K
  class space    used 5223K, committed 5632K, reserved 1048576K
}
Event: 1785.024 GC heap before
{Heap before GC invocations=1475 (full 1378):
 PSYoungGen      total 59392K, used 29696K [0x00000000f5580000, 0x00000000fb100000, 0x0000000100000000)
  eden space 29696K, 100% used [0x00000000f5580000,0x00000000f7280000,0x00000000f7280000)
  from space 29696K, 0% used [0x00000000f9400000,0x00000000f9400000,0x00000000fb100000)
  to   space 31232K, 0% used [0x00000000f7280000,0x00000000f7280000,0x00000000f9100000)
 ParOldGen       total 349696K, used 349695K [0x00000000e0000000, 0x00000000f5580000, 0x00000000f5580000)
  object space 349696K, 99% used [0x00000000e0000000,0x00000000f557fd20,0x00000000f5580000)
 Metaspace       used 52852K, committed 53760K, reserved 1097728K
  class space    used 5223K, committed 5632K, reserved 1048576K
}
Event: 1786.273 GC heap after
{Heap after GC invocations=1475 (full 1378):
 PSYoungGen      total 60928K, used 29696K [0x00000000f5580000, 0x00000000fb100000, 0x0000000100000000)
  eden space 29696K, 100% used [0x00000000f5580000,0x00000000f7280000,0x00000000f7280000)
  from space 31232K, 0% used [0x00000000f7280000,0x00000000f7280000,0x00000000f9100000)
  to   space 29696K, 0% used [0x00000000f9400000,0x00000000f9400000,0x00000000fb100000)
 ParOldGen       total 349696K, used 349695K [0x00000000e0000000, 0x00000000f5580000, 0x00000000f5580000)
  object space 349696K, 99% used [0x00000000e0000000,0x00000000f557fd20,0x00000000f5580000)
 Metaspace       used 52852K, committed 53760K, reserved 1097728K
  class space    used 5223K, committed 5632K, reserved 1048576K
}
Event: 1786.273 GC heap before
{Heap before GC invocations=1476 (full 1379):
 PSYoungGen      total 60928K, used 29696K [0x00000000f5580000, 0x00000000fb100000, 0x0000000100000000)
  eden space 29696K, 100% used [0x00000000f5580000,0x00000000f7280000,0x00000000f7280000)
  from space 31232K, 0% used [0x00000000f7280000,0x00000000f7280000,0x00000000f9100000)
  to   space 29696K, 0% used [0x00000000f9400000,0x00000000f9400000,0x00000000fb100000)
 ParOldGen       total 349696K, used 349695K [0x00000000e0000000, 0x00000000f5580000, 0x00000000f5580000)
  object space 349696K, 99% used [0x00000000e0000000,0x00000000f557fd20,0x00000000f5580000)
 Metaspace       used 52852K, committed 53760K, reserved 1097728K
  class space    used 5223K, committed 5632K, reserved 1048576K
}
Event: 1787.335 GC heap after
{Heap after GC invocations=1476 (full 1379):
 PSYoungGen      total 59392K, used 29696K [0x00000000f5580000, 0x00000000fb100000, 0x0000000100000000)
  eden space 29696K, 100% used [0x00000000f5580000,0x00000000f7280000,0x00000000f7280000)
  from space 29696K, 0% used [0x00000000f9400000,0x00000000f9400000,0x00000000fb100000)
  to   space 31232K, 0% used [0x00000000f7280000,0x00000000f7280000,0x00000000f9100000)
 ParOldGen       total 349696K, used 349695K [0x00000000e0000000, 0x00000000f5580000, 0x00000000f5580000)
  object space 349696K, 99% used [0x00000000e0000000,0x00000000f557fd20,0x00000000f5580000)
 Metaspace       used 52852K, committed 53760K, reserved 1097728K
  class space    used 5223K, committed 5632K, reserved 1048576K
}

Dll operation events (8 events):
Event: 0.003 Loaded shared library /nix/store/gpxl5qgg8kicmcvivwmybwjlpf7wh20l-graalvm17-ce-22.3.0/lib/libjava.so
Event: 0.008 Loaded shared library /nix/store/gpxl5qgg8kicmcvivwmybwjlpf7wh20l-graalvm17-ce-22.3.0/lib/libjsvml.so
Event: 0.249 Loaded shared library /nix/store/gpxl5qgg8kicmcvivwmybwjlpf7wh20l-graalvm17-ce-22.3.0/lib/libnio.so
Event: 0.253 Loaded shared library /nix/store/gpxl5qgg8kicmcvivwmybwjlpf7wh20l-graalvm17-ce-22.3.0/lib/libzip.so
Event: 0.256 Loaded shared library /nix/store/gpxl5qgg8kicmcvivwmybwjlpf7wh20l-graalvm17-ce-22.3.0/lib/libjvmcicompiler.so
Event: 0.645 Loaded shared library /nix/store/gpxl5qgg8kicmcvivwmybwjlpf7wh20l-graalvm17-ce-22.3.0/lib/libjimage.so
Event: 2.175 Loaded shared library /nix/store/gpxl5qgg8kicmcvivwmybwjlpf7wh20l-graalvm17-ce-22.3.0/lib/libnet.so
Event: 3.353 Loaded shared library /home/runner/.cache/jdt-language-server/config/org.eclipse.equinox.launcher/org.eclipse.equinox.launcher.gtk.linux.x86_64_1.2.400.v20211117-0650/eclipse_11600.so

Deoptimization events (20 events):
Event: 112.238 Thread 0x00007f47646d3c80 DEOPT PACKING pc=0x00007f47b80ee9dd sp=0x00007f477dffe530
Event: 112.238 Thread 0x00007f47646d3c80 DEOPT UNPACKING pc=0x00007f47b7505325 sp=0x00007f477dffda20 mode 0
Event: 112.240 Thread 0x00007f47646d3c80 DEOPT PACKING pc=0x00007f47b80ee9dd sp=0x00007f477dffe530
Event: 112.240 Thread 0x00007f47646d3c80 DEOPT UNPACKING pc=0x00007f47b7505325 sp=0x00007f477dffda20 mode 0
Event: 112.241 Thread 0x00007f47646d3c80 DEOPT PACKING pc=0x00007f47b80ee9dd sp=0x00007f477dffe530
Event: 112.241 Thread 0x00007f47646d3c80 DEOPT UNPACKING pc=0x00007f47b7505325 sp=0x00007f477dffda20 mode 0
Event: 112.324 Thread 0x00007f47646d3c80 DEOPT PACKING pc=0x00007f47b8248a9b sp=0x00007f477dffe4b0
Event: 112.324 Thread 0x00007f47646d3c80 DEOPT UNPACKING pc=0x00007f47b7505325 sp=0x00007f477dffd968 mode 0
Event: 112.326 Thread 0x00007f47646d3c80 DEOPT PACKING pc=0x00007f47b8248a9b sp=0x00007f477dffe4b0
Event: 112.326 Thread 0x00007f47646d3c80 DEOPT UNPACKING pc=0x00007f47b7505325 sp=0x00007f477dffd968 mode 0
Event: 566.874 Thread 0x00007f47d00b21e0 DEOPT PACKING pc=0x00007f47b850258c sp=0x00007f47b6ecaef0
Event: 566.874 Thread 0x00007f47d00b21e0 DEOPT UNPACKING pc=0x00007f47b7505325 sp=0x00007f47b6eca458 mode 0
Event: 1728.127 Thread 0x00007f47646d3c80 Uncommon trap: trap_request=0xffffff8f fr.pc=0x00007f47bf1f178c relative=0x000000000000104c
Event: 1728.127 Thread 0x00007f47646d3c80 Uncommon trap: reason=constraint action=none pc=0x00007f47bf1f178c method=org.eclipse.jdt.internal.core.index.DiskIndex.copyQueryResults(Lorg/eclipse/jdt/internal/compiler/util/HashtableOfObject;I)V @ 123 jvmci
Event: 1728.127 Thread 0x00007f47646d3c80 DEOPT PACKING pc=0x00007f47bf1f178c sp=0x00007f477dffe550
Event: 1728.127 Thread 0x00007f47646d3c80 DEOPT UNPACKING pc=0x00007f47b7505325 sp=0x00007f477dffda28 mode 3
Event: 1785.024 Thread 0x00007f47d00b21e0 Uncommon trap: trap_request=0xffffff8f fr.pc=0x00007f47bf02999b relative=0x000000000000017b
Event: 1785.024 Thread 0x00007f47d00b21e0 Uncommon trap: reason=constraint action=none pc=0x00007f47bf02999b method=java.io.ByteArrayOutputStream.<init>(I)V @ 0 jvmci
Event: 1785.024 Thread 0x00007f47d00b21e0 DEOPT PACKING pc=0x00007f47bf02999b sp=0x00007f47b6ecb020
Event: 1785.024 Thread 0x00007f47d00b21e0 DEOPT UNPACKING pc=0x00007f47b7505325 sp=0x00007f47b6eca4c8 mode 3

Classes unloaded (20 events):
Event: 119.631 Thread 0x00007f47d00a1c10 Unloading class 0x0000000800d91400 'java/lang/invoke/LambdaForm$MH+0x0000000800d91400'
Event: 119.631 Thread 0x00007f47d00a1c10 Unloading class 0x0000000800d91000 'java/lang/invoke/LambdaForm$MH+0x0000000800d91000'
Event: 119.631 Thread 0x00007f47d00a1c10 Unloading class 0x0000000800d90c00 'java/lang/invoke/LambdaForm$MH+0x0000000800d90c00'
Event: 119.631 Thread 0x00007f47d00a1c10 Unloading class 0x0000000800d90800 'java/lang/invoke/LambdaForm$MH+0x0000000800d90800'
Event: 119.631 Thread 0x00007f47d00a1c10 Unloading class 0x0000000800d90400 'java/lang/invoke/LambdaForm$MH+0x0000000800d90400'
Event: 119.631 Thread 0x00007f47d00a1c10 Unloading class 0x0000000800d90000 'java/lang/invoke/LambdaForm$MH+0x0000000800d90000'
Event: 119.631 Thread 0x00007f47d00a1c10 Unloading class 0x0000000800cb2800 'java/lang/invoke/LambdaForm$MH+0x0000000800cb2800'
Event: 119.631 Thread 0x00007f47d00a1c10 Unloading class 0x0000000800cb2000 'java/lang/invoke/LambdaForm$MH+0x0000000800cb2000'
Event: 119.631 Thread 0x00007f47d00a1c10 Unloading class 0x0000000800cb1c00 'java/lang/invoke/LambdaForm$MH+0x0000000800cb1c00'
Event: 119.631 Thread 0x00007f47d00a1c10 Unloading class 0x0000000800cb1800 'java/lang/invoke/LambdaForm$MH+0x0000000800cb1800'
Event: 119.631 Thread 0x00007f47d00a1c10 Unloading class 0x0000000800cb1000 'java/lang/invoke/LambdaForm$MH+0x0000000800cb1000'
Event: 119.631 Thread 0x00007f47d00a1c10 Unloading class 0x0000000800cb0c00 'java/lang/invoke/LambdaForm$MH+0x0000000800cb0c00'
Event: 119.631 Thread 0x00007f47d00a1c10 Unloading class 0x0000000800cb0800 'java/lang/invoke/LambdaForm$MH+0x0000000800cb0800'
Event: 119.631 Thread 0x00007f47d00a1c10 Unloading class 0x0000000800cb0000 'java/lang/invoke/LambdaForm$MH+0x0000000800cb0000'
Event: 119.631 Thread 0x00007f47d00a1c10 Unloading class 0x0000000800c85000 'jdk/internal/reflect/GeneratedMethodAccessor5'
Event: 119.631 Thread 0x00007f47d00a1c10 Unloading class 0x0000000800c84c00 'jdk/internal/reflect/GeneratedMethodAccessor4'
Event: 119.631 Thread 0x00007f47d00a1c10 Unloading class 0x0000000800c84800 'jdk/internal/reflect/GeneratedMethodAccessor3'
Event: 119.631 Thread 0x00007f47d00a1c10 Unloading class 0x0000000800c84400 'jdk/internal/reflect/GeneratedMethodAccessor2'
Event: 119.631 Thread 0x00007f47d00a1c10 Unloading class 0x0000000800c84000 'jdk/internal/reflect/GeneratedMethodAccessor1'
Event: 119.631 Thread 0x00007f47d00a1c10 Unloading class 0x0000000800c01c00 'java/lang/invoke/LambdaForm$DMH+0x0000000800c01c00'

Classes redefined (0 events):
No events

Internal exceptions (20 events):
Event: 24.232 Thread 0x00007f47580010d0 Exception <a 'java/lang/NoSuchMethodError'{0x00000000f59bedf0}: 'java.lang.Object java.lang.invoke.DirectMethodHandle$Holder.invokeSpecial(java.lang.Object, java.lang.Object, java.lang.Object, java.lang.Object, int, java.lang.Object)'> (0x00000000f59bedf0) 
thrown [src/hotspot/share/interpreter/linkResolver.cpp, line 758]
Event: 24.233 Thread 0x00007f47580010d0 Exception <a 'java/lang/NoSuchMethodError'{0x00000000f59c28d8}: 'java.lang.Object java.lang.invoke.Invokers$Holder.linkToTargetMethod(java.lang.Object, java.lang.Object, int, java.lang.Object, java.lang.Object)'> (0x00000000f59c28d8) 
thrown [src/hotspot/share/interpreter/linkResolver.cpp, line 758]
Event: 24.444 Thread 0x00007f47580010d0 Exception <a 'java/io/FileNotFoundException'{0x00000000f5c6acf0}> (0x00000000f5c6acf0) 
thrown [src/hotspot/share/prims/jni.cpp, line 516]
Event: 24.444 Thread 0x00007f47580010d0 Exception <a 'java/io/FileNotFoundException'{0x00000000f5c6bf50}> (0x00000000f5c6bf50) 
thrown [src/hotspot/share/prims/jni.cpp, line 516]
Event: 25.329 Thread 0x00007f473c139e90 Exception <a 'java/lang/NoSuchMethodError'{0x00000000f5b18ef8}: 'java.lang.Object java.lang.invoke.DirectMethodHandle$Holder.invokeStatic(java.lang.Object, int, java.lang.Object, java.lang.Object, java.lang.Object, java.lang.Object)'> (0x00000000f5b18ef8) 
thrown [src/hotspot/share/interpreter/linkResolver.cpp, line 758]
Event: 25.330 Thread 0x00007f473c139e90 Exception <a 'java/lang/NoSuchMethodError'{0x00000000f5b66b50}: 'java.lang.Object java.lang.invoke.DirectMethodHandle$Holder.newInvokeSpecial(java.lang.Object, int, java.lang.Object, java.lang.Object, java.lang.Object)'> (0x00000000f5b66b50) 
thrown [src/hotspot/share/interpreter/linkResolver.cpp, line 758]
Event: 25.735 Thread 0x00007f473c13ae70 Exception <a 'java/lang/NoSuchMethodError'{0x00000000f607ba70}: 'void java.lang.invoke.DirectMethodHandle$Holder.invokeSpecial(java.lang.Object, java.lang.Object, int)'> (0x00000000f607ba70) 
thrown [src/hotspot/share/interpreter/linkResolver.cpp, line 758]
Event: 26.129 Thread 0x00007f47540010d0 Exception <a 'java/lang/NoSuchMethodError'{0x00000000f6599bb8}: 'java.lang.Object java.lang.invoke.DirectMethodHandle$Holder.invokeStatic(java.lang.Object, java.lang.Object, int, java.lang.Object)'> (0x00000000f6599bb8) 
thrown [src/hotspot/share/interpreter/linkResolver.cpp, line 758]
Event: 26.129 Thread 0x00007f47540010d0 Exception <a 'java/lang/NoSuchMethodError'{0x00000000f65a29d0}: 'java.lang.Object java.lang.invoke.DirectMethodHandle$Holder.newInvokeSpecial(java.lang.Object, java.lang.Object, int)'> (0x00000000f65a29d0) 
thrown [src/hotspot/share/interpreter/linkResolver.cpp, line 758]
Event: 26.246 Thread 0x00007f473c139e90 Exception <a 'java/lang/NoSuchMethodError'{0x00000000f6764638}: 'int java.lang.invoke.DirectMethodHandle$Holder.invokeSpecial(java.lang.Object, java.lang.Object, java.lang.Object)'> (0x00000000f6764638) 
thrown [src/hotspot/share/interpreter/linkResolver.cpp, line 758]
Event: 26.441 Thread 0x00007f473c13ae70 Exception <a 'java/lang/NoSuchMethodError'{0x00000000f69e44c0}: 'int java.lang.invoke.DirectMethodHandle$Holder.invokeSpecialIFC(java.lang.Object, java.lang.Object, java.lang.Object, java.lang.Object)'> (0x00000000f69e44c0) 
thrown [src/hotspot/share/interpreter/linkResolver.cpp, line 758]
Event: 84.439 Thread 0x00007f473c139e90 Exception <a 'java/io/FileNotFoundException'{0x00000000f593f3e8}> (0x00000000f593f3e8) 
thrown [src/hotspot/share/prims/jni.cpp, line 516]
Event: 93.625 Thread 0x00007f47646d3c80 Implicit null exception at 0x00007f47bf163c46 to 0x00007f47bf167914
Event: 1728.127 Thread 0x00007f47646d3c80 Exception <a 'java/lang/OutOfMemoryError'{0x00000000e00bd370}> (0x00000000e00bd370) 
thrown [src/hotspot/share/gc/shared/memAllocator.cpp, line 138]
Event: 1728.127 Thread 0x00007f47646d3c80 Implicit null exception at 0x00007f47bf1f11d3 to 0x00007f47bf1f1771
Event: 1734.329 Thread 0x00007f475c0011c0 Exception <a 'java/lang/OutOfMemoryError'{0x00000000e00bc830}> (0x00000000e00bc830) 
thrown [src/hotspot/share/gc/shared/memAllocator.cpp, line 136]
Event: 1780.150 Thread 0x00007f475c0011c0 Exception <a 'java/lang/OutOfMemoryError'{0x00000000e00bce20}> (0x00000000e00bce20) 
thrown [src/hotspot/share/gc/shared/memAllocator.cpp, line 136]
Event: 1785.024 Thread 0x00007f47d00b21e0 Exception <a 'java/lang/OutOfMemoryError'{0x00000000e00bc830}> (0x00000000e00bc830) 
thrown [src/hotspot/share/gc/shared/memAllocator.cpp, line 138]
Event: 1785.024 Thread 0x00007f47d00b21e0 Implicit null exception at 0x00007f47bf029951 to 0x00007f47bf029980
Event: 1787.335 Thread 0x00007f47d00b21e0 Exception <a 'java/lang/OutOfMemoryError'{0x00000000e00bcb50}> (0x00000000e00bcb50) 
thrown [src/hotspot/share/gc/shared/memAllocator.cpp, line 136]

VM Operations (20 events):
Event: 1771.533 Executing VM operation: ParallelGCFailedAllocation
Event: 1772.668 Executing VM operation: ParallelGCFailedAllocation done
Event: 1772.668 Executing VM operation: ParallelGCFailedAllocation
Event: 1773.938 Executing VM operation: ParallelGCFailedAllocation done
Event: 1773.938 Executing VM operation: ParallelGCFailedAllocation
Event: 1775.128 Executing VM operation: ParallelGCFailedAllocation done
Event: 1775.128 Executing VM operation: ParallelGCFailedAllocation
Event: 1776.378 Executing VM operation: ParallelGCFailedAllocation done
Event: 1776.378 Executing VM operation: ParallelGCFailedAllocation
Event: 1777.671 Executing VM operation: ParallelGCFailedAllocation done
Event: 1777.671 Executing VM operation: ParallelGCFailedAllocation
Event: 1780.150 Executing VM operation: ParallelGCFailedAllocation done
Event: 1780.151 Executing VM operation: ParallelGCFailedAllocation
Event: 1781.356 Executing VM operation: ParallelGCFailedAllocation done
Event: 1781.357 Executing VM operation: ParallelGCFailedAllocation
Event: 1782.661 Executing VM operation: ParallelGCFailedAllocation done
Event: 1782.661 Executing VM operation: ParallelGCFailedAllocation
Event: 1785.024 Executing VM operation: ParallelGCFailedAllocation done
Event: 1785.024 Executing VM operation: ParallelGCFailedAllocation
Event: 1787.335 Executing VM operation: ParallelGCFailedAllocation done

Events (20 events):
Event: 1390.463 Protecting memory [0x00007f477d500000,0x00007f477d504000] with protection modes 0
Event: 1534.625 loading class java/util/stream/Nodes$CollectorTask$OfRef
Event: 1534.625 loading class java/util/stream/Nodes$CollectorTask
Event: 1534.625 loading class java/util/stream/Nodes$CollectorTask done
Event: 1535.851 loading class java/util/stream/Nodes$CollectorTask$OfRef done
Event: 1539.130 loading class java/util/function/LongFunction
Event: 1539.130 loading class java/util/function/LongFunction done
Event: 1567.172 loading class java/util/stream/Nodes$ConcNode
Event: 1567.172 loading class java/util/stream/Nodes$AbstractConcNode
Event: 1567.172 loading class java/util/stream/Nodes$AbstractConcNode done
Event: 1568.463 loading class java/util/stream/Nodes$ConcNode done
Event: 1704.525 loading class java/util/stream/Nodes$ToArrayTask$OfRef
Event: 1704.525 loading class java/util/stream/Nodes$ToArrayTask
Event: 1707.324 loading class java/util/stream/Nodes$ToArrayTask done
Event: 1708.868 loading class java/util/stream/Nodes$ToArrayTask$OfRef done
Event: 1731.950 Thread 0x00007f4740244da0 Thread exited: 0x00007f4740244da0
Event: 1734.329 loading class java/lang/AssertionError
Event: 1734.329 loading class java/lang/AssertionError done
Event: 1745.551 Thread 0x00007f4740244da0 Thread added: 0x00007f4740244da0
Event: 1745.551 Protecting memory [0x00007f477d500000,0x00007f477d504000] with protection modes 0


Dynamic libraries:
e0000000-f2f80000 rw-p 00000000 00:00 0 
f2f80000-fb100000 rw-p 00000000 00:00 0 
fb100000-100000000 ---p 00000000 00:00 0 
800000000-800449000 rw-p 00001000 00:107e 4611686019135357769            /nix/store/gpxl5qgg8kicmcvivwmybwjlpf7wh20l-graalvm17-ce-22.3.0/lib/server/classes.jsa
800449000-800bc8000 r--p 0044a000 00:107e 4611686019135357769            /nix/store/gpxl5qgg8kicmcvivwmybwjlpf7wh20l-graalvm17-ce-22.3.0/lib/server/classes.jsa
800bc8000-800c00000 ---p 00000000 00:00 0 
800c00000-800c10000 rw-p 00000000 00:00 0 
800c10000-800c30000 rw-p 00000000 00:00 0 
800c30000-800cb0000 rw-p 00000000 00:00 0 
800cb0000-800cf0000 rw-p 00000000 00:00 0 
800cf0000-800db0000 rw-p 00000000 00:00 0 
800db0000-800df0000 rw-p 00000000 00:00 0 
800df0000-801180000 rw-p 00000000 00:00 0 
801180000-840c00000 ---p 00000000 00:00 0 
56061acd5000-56061acd6000 r-xp 00000000 00:107e 4611686019099417844      /nix/store/gpxl5qgg8kicmcvivwmybwjlpf7wh20l-graalvm17-ce-22.3.0/bin/.java-wrapped
56061acd7000-56061acd8000 r--p 00001000 00:107e 4611686019099417844      /nix/store/gpxl5qgg8kicmcvivwmybwjlpf7wh20l-graalvm17-ce-22.3.0/bin/.java-wrapped
56061acd8000-56061acd9000 rw-p 00002000 00:107e 4611686019099417844      /nix/store/gpxl5qgg8kicmcvivwmybwjlpf7wh20l-graalvm17-ce-22.3.0/bin/.java-wrapped
56061acd9000-56061acda000 rw-p 00004000 00:107e 4611686019099417844      /nix/store/gpxl5qgg8kicmcvivwmybwjlpf7wh20l-graalvm17-ce-22.3.0/bin/.java-wrapped
56061acda000-56061acdb000 rw-p 00005000 00:107e 4611686019099417844      /nix/store/gpxl5qgg8kicmcvivwmybwjlpf7wh20l-graalvm17-ce-22.3.0/bin/.java-wrapped
56061c49d000-56061c4e5000 rw-p 00000000 00:00 0                          [heap]
7f4724000000-7f472415b000 rw-p 00000000 00:00 0 
7f472415b000-7f4728000000 ---p 00000000 00:00 0 
7f472c000000-7f472c0f7000 rw-p 00000000 00:00 0 
7f472c0f7000-7f4730000000 ---p 00000000 00:00 0 
7f4731c00000-7f47322f0000 rw-p 00000000 00:00 0 
7f47322f0000-7f4732300000 ---p 00000000 00:00 0 
7f4732300000-7f4732310000 rw-p 00000000 00:00 0 
7f4732310000-7f4732400000 ---p 00000000 00:00 0 
7f47324b3000-7f473c000000 r--s 00000000 00:107e 4611686019135192581      /nix/store/gpxl5qgg8kicmcvivwmybwjlpf7wh20l-graalvm17-ce-22.3.0/lib/modules
7f473c000000-7f473c158000 rw-p 00000000 00:00 0 
7f473c158000-7f4740000000 ---p 00000000 00:00 0 
7f4740000000-7f474028a000 rw-p 00000000 00:00 0 
7f474028a000-7f4744000000 ---p 00000000 00:00 0 
7f4744000000-7f4744021000 rw-p 00000000 00:00 0 
7f4744021000-7f4748000000 ---p 00000000 00:00 0 
7f4748000000-7f4748021000 rw-p 00000000 00:00 0 
7f4748021000-7f474c000000 ---p 00000000 00:00 0 
7f474c000000-7f474c1e2000 rw-p 00000000 00:00 0 
7f474c1e2000-7f4750000000 ---p 00000000 00:00 0 
7f4750000000-7f4750035000 rw-p 00000000 00:00 0 
7f4750035000-7f4754000000 ---p 00000000 00:00 0 
7f4754000000-7f4754195000 rw-p 00000000 00:00 0 
7f4754195000-7f4758000000 ---p 00000000 00:00 0 
7f4758000000-7f475836c000 rw-p 00000000 00:00 0 
7f475836c000-7f475c000000 ---p 00000000 00:00 0 
7f475c000000-7f475c021000 rw-p 00000000 00:00 0 
7f475c021000-7f4760000000 ---p 00000000 00:00 0 
7f4760000000-7f4760021000 rw-p 00000000 00:00 0 
7f4760021000-7f4764000000 ---p 00000000 00:00 0 
7f4764000000-7f476495b000 rw-p 00000000 00:00 0 
7f476495b000-7f4768000000 ---p 00000000 00:00 0 
7f4768000000-7f4768021000 rw-p 00000000 00:00 0 
7f4768021000-7f476c000000 ---p 00000000 00:00 0 
7f476c000000-7f476c021000 rw-p 00000000 00:00 0 
7f476c021000-7f4770000000 ---p 00000000 00:00 0 
7f4770000000-7f4770021000 rw-p 00000000 00:00 0 
7f4770021000-7f4774000000 ---p 00000000 00:00 0 
7f4774000000-7f477402c000 rw-p 00000000 00:00 0 
7f477402c000-7f4778000000 ---p 00000000 00:00 0 
7f4778400000-7f47789f0000 rw-p 00000000 00:00 0 
7f47789f0000-7f4778bf0000 rw-p 00000000 00:00 0 
7f4778bf0000-7f47790f0000 rw-p 00000000 00:00 0 
7f47790f0000-7f47791f0000 rw-p 00000000 00:00 0 
7f47791f0000-7f4779400000 rw-p 00000000 00:00 0 
7f477a400000-7f477a4f0000 rw-p 00000000 00:00 0 
7f477a4f0000-7f477a5f0000 rw-p 00000000 00:00 0 
7f477a5f0000-7f477a9f0000 rw-p 00000000 00:00 0 
7f477a9f0000-7f477ab70000 rw-p 00000000 00:00 0 
7f477ab70000-7f477abf0000 rw-p 00000000 00:00 0 
7f477abf0000-7f477acf0000 rw-p 00000000 00:00 0 
7f477acf0000-7f477adf0000 rw-p 00000000 00:00 0 
7f477adf0000-7f477b350000 rw-p 00000000 00:00 0 
7f477b350000-7f477b370000 rw-p 00000000 00:00 0 
7f477b370000-7f477b400000 rw-p 00000000 00:00 0 
7f477b600000-7f477b610000 r-xp 00000000 00:105d 362                      /home/runner/.cache/jdt-language-server/config/org.eclipse.equinox.launcher/org.eclipse.equinox.launcher.gtk.linux.x86_64_1.2.400.v20211117-0650/eclipse_11600.so
7f477b610000-7f477b80f000 ---p 00010000 00:105d 362                      /home/runner/.cache/jdt-language-server/config/org.eclipse.equinox.launcher/org.eclipse.equinox.launcher.gtk.linux.x86_64_1.2.400.v20211117-0650/eclipse_11600.so
7f477b80f000-7f477b810000 r--p 0000f000 00:105d 362                      /home/runner/.cache/jdt-language-server/config/org.eclipse.equinox.launcher/org.eclipse.equinox.launcher.gtk.linux.x86_64_1.2.400.v20211117-0650/eclipse_11600.so
7f477b810000-7f477b811000 rw-p 00010000 00:105d 362                      /home/runner/.cache/jdt-language-server/config/org.eclipse.equinox.launcher/org.eclipse.equinox.launcher.gtk.linux.x86_64_1.2.400.v20211117-0650/eclipse_11600.so
7f477c300000-7f477c400000 ---p 00000000 00:00 0 
7f477c400000-7f477c9af000 r--p 01122000 00:107e 4611686019135190040      /nix/store/gpxl5qgg8kicmcvivwmybwjlpf7wh20l-graalvm17-ce-22.3.0/lib/libjvmcicompiler.so
7f477c9af000-7f477cb00000 r--p 00000000 00:00 0 
7f477cb00000-7f477cb3d000 rw-p 00000000 00:00 0 
7f477cb3d000-7f477d05d000 rw-p 0185f000 00:107e 4611686019135190040      /nix/store/gpxl5qgg8kicmcvivwmybwjlpf7wh20l-graalvm17-ce-22.3.0/lib/libjvmcicompiler.so
7f477d05d000-7f477d444000 r--p 01d7f000 00:107e 4611686019135190040      /nix/store/gpxl5qgg8kicmcvivwmybwjlpf7wh20l-graalvm17-ce-22.3.0/lib/libjvmcicompiler.so
7f477d500000-7f477d504000 ---p 00000000 00:00 0 
7f477d504000-7f477d600000 rw-p 00000000 00:00 0 
7f477d700000-7f477d704000 ---p 00000000 00:00 0 
7f477d704000-7f477d800000 rw-p 00000000 00:00 0 
7f477d900000-7f477d904000 ---p 00000000 00:00 0 
7f477d904000-7f477da00000 rw-p 00000000 00:00 0 
7f477da00000-7f477da04000 ---p 00000000 00:00 0 
7f477da04000-7f477db00000 rw-p 00000000 00:00 0 
7f477db00000-7f477db04000 ---p 00000000 00:00 0 
7f477db04000-7f477dc00000 rw-p 00000000 00:00 0 
7f477dd00000-7f477dd04000 ---p 00000000 00:00 0 
7f477dd04000-7f477de00000 rw-p 00000000 00:00 0 
7f477df00000-7f477df04000 ---p 00000000 00:00 0 
7f477df04000-7f477e000000 rw-p 00000000 00:00 0 
7f477e100000-7f477e104000 ---p 00000000 00:00 0 
7f477e104000-7f477e200000 rw-p 00000000 00:00 0 
7f477e300000-7f477e304000 ---p 00000000 00:00 0 
7f477e304000-7f477e400000 rw-p 00000000 00:00 0 
7f477e500000-7f477e504000 ---p 00000000 00:00 0 
7f477e504000-7f477e600000 rw-p 00000000 00:00 0 
7f477e700000-7f477e704000 ---p 00000000 00:00 0 
7f477e704000-7f477e800000 rw-p 00000000 00:00 0 
7f477e900000-7f477e904000 ---p 00000000 00:00 0 
7f477e904000-7f477ea00000 rw-p 00000000 00:00 0 
7f477eb00000-7f477eb04000 ---p 00000000 00:00 0 
7f477eb04000-7f477ec00000 rw-p 00000000 00:00 0 
7f477ed00000-7f477ed04000 ---p 00000000 00:00 0 
7f477ed04000-7f477ee00000 rw-p 00000000 00:00 0 
7f477fa68000-7f477ff00000 rw-p 00000000 00:00 0 
7f4780000000-7f4780021000 rw-p 00000000 00:00 0 
7f4780021000-7f4784000000 ---p 00000000 00:00 0 
7f4784000000-7f4784021000 rw-p 00000000 00:00 0 
7f4784021000-7f4788000000 ---p 00000000 00:00 0 
7f4788000000-7f4788021000 rw-p 00000000 00:00 0 
7f4788021000-7f478c000000 ---p 00000000 00:00 0 
7f478c000000-7f478c021000 rw-p 00000000 00:00 0 
7f478c021000-7f4790000000 ---p 00000000 00:00 0 
7f4790000000-7f47900e1000 rw-p 00000000 00:00 0 
7f47900e1000-7f4794000000 ---p 00000000 00:00 0 
7f4794000000-7f4794993000 rw-p 00000000 00:00 0 
7f4794993000-7f4798000000 ---p 00000000 00:00 0 
7f4798000000-7f4798021000 rw-p 00000000 00:00 0 
7f4798021000-7f479c000000 ---p 00000000 00:00 0 
7f479c000000-7f479c021000 rw-p 00000000 00:00 0 
7f479c021000-7f47a0000000 ---p 00000000 00:00 0 
7f47a0000000-7f47a0021000 rw-p 00000000 00:00 0 
7f47a0021000-7f47a4000000 ---p 00000000 00:00 0 
7f47a4000000-7f47a4021000 rw-p 00000000 00:00 0 
7f47a4021000-7f47a8000000 ---p 00000000 00:00 0 
7f47a8000000-7f47a8021000 rw-p 00000000 00:00 0 
7f47a8021000-7f47ac000000 ---p 00000000 00:00 0 
7f47ac000000-7f47ac021000 rw-p 00000000 00:00 0 
7f47ac021000-7f47b0000000 ---p 00000000 00:00 0 
7f47b0000000-7f47b005f000 rw-p 00000000 00:00 0 
7f47b005f000-7f47b4000000 ---p 00000000 00:00 0 
7f47b4100000-7f47b4104000 ---p 00000000 00:00 0 
7f47b4104000-7f47b4200000 rw-p 00000000 00:00 0 
7f47b4200000-7f47b636a000 r-xp 00000000 00:107e 4611686019135190040      /nix/store/gpxl5qgg8kicmcvivwmybwjlpf7wh20l-graalvm17-ce-22.3.0/lib/libjvmcicompiler.so
7f47b636a000-7f47b6569000 ---p 0216a000 00:107e 4611686019135190040      /nix/store/gpxl5qgg8kicmcvivwmybwjlpf7wh20l-graalvm17-ce-22.3.0/lib/libjvmcicompiler.so
7f47b6569000-7f47b656a000 r--p 02169000 00:107e 4611686019135190040      /nix/store/gpxl5qgg8kicmcvivwmybwjlpf7wh20l-graalvm17-ce-22.3.0/lib/libjvmcicompiler.so
7f47b656a000-7f47b656c000 rw-p 0216a000 00:107e 4611686019135190040      /nix/store/gpxl5qgg8kicmcvivwmybwjlpf7wh20l-graalvm17-ce-22.3.0/lib/libjvmcicompiler.so
7f47b656c000-7f47b656d000 rw-p 00000000 00:00 0 
7f47b656d000-7f47b6572000 rw-p 023c3000 00:107e 4611686019135190040      /nix/store/gpxl5qgg8kicmcvivwmybwjlpf7wh20l-graalvm17-ce-22.3.0/lib/libjvmcicompiler.so
7f47b65cb000-7f47b65cf000 ---p 00000000 00:00 0 
7f47b65cf000-7f47b66cb000 rw-p 00000000 00:00 0 
7f47b66cb000-7f47b66cc000 ---p 00000000 00:00 0 
7f47b66cc000-7f47b67cd000 rw-p 00000000 00:00 0 
7f47b67cd000-7f47b67d1000 ---p 00000000 00:00 0 
7f47b67d1000-7f47b68cd000 rw-p 00000000 00:00 0 
7f47b68cd000-7f47b68d1000 ---p 00000000 00:00 0 
7f47b68d1000-7f47b69cd000 rw-p 00000000 00:00 0 
7f47b69cd000-7f47b69d1000 ---p 00000000 00:00 0 
7f47b69d1000-7f47b6acd000 rw-p 00000000 00:00 0 
7f47b6acd000-7f47b6ad1000 ---p 00000000 00:00 0 
7f47b6ad1000-7f47b6ccd000 rw-p 00000000 00:00 0 
7f47b6ccd000-7f47b6cd1000 ---p 00000000 00:00 0 
7f47b6cd1000-7f47b6ecd000 rw-p 00000000 00:00 0 
7f47b6ecd000-7f47b6ed1000 ---p 00000000 00:00 0 
7f47b6ed1000-7f47b6fcd000 rw-p 00000000 00:00 0 
7f47b6fcd000-7f47b6fd1000 ---p 00000000 00:00 0 
7f47b6fd1000-7f47b70cd000 rw-p 00000000 00:00 0 
7f47b70cd000-7f47b70d1000 ---p 00000000 00:00 0 
7f47b70d1000-7f47b71cd000 rw-p 00000000 00:00 0 
7f47b71cd000-7f47b74b3000 r--p 00000000 00:1000 28444448                 /usr/lib/locale/locale-archive
7f47b74b3000-7f47b7723000 rwxp 00000000 00:00 0 
7f47b7723000-7f47b7a42000 ---p 00000000 00:00 0 
7f47b7a42000-7f47b87b2000 rwxp 00000000 00:00 0 
7f47b87b2000-7f47bef7a000 ---p 00000000 00:00 0 
7f47bef7a000-7f47bf21a000 rwxp 00000000 00:00 0 
7f47bf21a000-7f47c64b3000 ---p 00000000 00:00 0 
7f47c64b3000-7f47d0000000 r--s 00000000 00:107e 4611686019135192581      /nix/store/gpxl5qgg8kicmcvivwmybwjlpf7wh20l-graalvm17-ce-22.3.0/lib/modules
7f47d0000000-7f47d0405000 rw-p 00000000 00:00 0 
7f47d0405000-7f47d4000000 ---p 00000000 00:00 0 
7f47d400c000-7f47d4010000 ---p 00000000 00:00 0 
7f47d4010000-7f47d402e000 rw-p 00000000 00:00 0 
7f47d402e000-7f47d4032000 ---p 00000000 00:00 0 
7f47d4032000-7f47d412e000 rw-p 00000000 00:00 0 
7f47d412e000-7f47d4132000 ---p 00000000 00:00 0 
7f47d4132000-7f47d422e000 rw-p 00000000 00:00 0 
7f47d422e000-7f47d422f000 ---p 00000000 00:00 0 
7f47d422f000-7f47d4330000 rw-p 00000000 00:00 0 
7f47d4330000-7f47d43fe000 r-xp 00000000 00:107e 4611686019135190036      /nix/store/gpxl5qgg8kicmcvivwmybwjlpf7wh20l-graalvm17-ce-22.3.0/lib/libjsvml.so
7f47d43fe000-7f47d43ff000 r--p 000cd000 00:107e 4611686019135190036      /nix/store/gpxl5qgg8kicmcvivwmybwjlpf7wh20l-graalvm17-ce-22.3.0/lib/libjsvml.so
7f47d43ff000-7f47d4400000 rw-p 000ce000 00:107e 4611686019135190036      /nix/store/gpxl5qgg8kicmcvivwmybwjlpf7wh20l-graalvm17-ce-22.3.0/lib/libjsvml.so
7f47d4400000-7f47d47f0000 rw-p 00000000 00:00 0 
7f47d47f0000-7f47d4af0000 rw-p 00000000 00:00 0 
7f47d4af0000-7f47d4c00000 rw-p 00000000 00:00 0 
7f47d4c0c000-7f47d4c13000 r-xp 00000000 00:107e 4611686019135192580      /nix/store/gpxl5qgg8kicmcvivwmybwjlpf7wh20l-graalvm17-ce-22.3.0/lib/libzip.so
7f47d4c13000-7f47d4c14000 ---p 00007000 00:107e 4611686019135192580      /nix/store/gpxl5qgg8kicmcvivwmybwjlpf7wh20l-graalvm17-ce-22.3.0/lib/libzip.so
7f47d4c14000-7f47d4c15000 r--p 00007000 00:107e 4611686019135192580      /nix/store/gpxl5qgg8kicmcvivwmybwjlpf7wh20l-graalvm17-ce-22.3.0/lib/libzip.so
7f47d4c15000-7f47d4c16000 rw-p 00008000 00:107e 4611686019135192580      /nix/store/gpxl5qgg8kicmcvivwmybwjlpf7wh20l-graalvm17-ce-22.3.0/lib/libzip.so
7f47d4c16000-7f47d4c18000 rw-p 0000b000 00:107e 4611686019135192580      /nix/store/gpxl5qgg8kicmcvivwmybwjlpf7wh20l-graalvm17-ce-22.3.0/lib/libzip.so
7f47d4c18000-7f47d4c2d000 r-xp 00000000 00:107e 4611686019135192570      /nix/store/gpxl5qgg8kicmcvivwmybwjlpf7wh20l-graalvm17-ce-22.3.0/lib/libnet.so
7f47d4c2d000-7f47d4c2e000 ---p 00015000 00:107e 4611686019135192570      /nix/store/gpxl5qgg8kicmcvivwmybwjlpf7wh20l-graalvm17-ce-22.3.0/lib/libnet.so
7f47d4c2e000-7f47d4c2f000 r--p 00015000 00:107e 4611686019135192570      /nix/store/gpxl5qgg8kicmcvivwmybwjlpf7wh20l-graalvm17-ce-22.3.0/lib/libnet.so
7f47d4c2f000-7f47d4c30000 rw-p 00016000 00:107e 4611686019135192570      /nix/store/gpxl5qgg8kicmcvivwmybwjlpf7wh20l-graalvm17-ce-22.3.0/lib/libnet.so
7f47d4c30000-7f47d4c33000 rw-p 0001b000 00:107e 4611686019135192570      /nix/store/gpxl5qgg8kicmcvivwmybwjlpf7wh20l-graalvm17-ce-22.3.0/lib/libnet.so
7f47d4c33000-7f47d4c46000 r-xp 00000000 00:107e 4611686019135192571      /nix/store/gpxl5qgg8kicmcvivwmybwjlpf7wh20l-graalvm17-ce-22.3.0/lib/libnio.so
7f47d4c46000-7f47d4c47000 r--p 00012000 00:107e 4611686019135192571      /nix/store/gpxl5qgg8kicmcvivwmybwjlpf7wh20l-graalvm17-ce-22.3.0/lib/libnio.so
7f47d4c47000-7f47d4c48000 rw-p 00013000 00:107e 4611686019135192571      /nix/store/gpxl5qgg8kicmcvivwmybwjlpf7wh20l-graalvm17-ce-22.3.0/lib/libnio.so
7f47d4c48000-7f47d4c4d000 rw-p 00019000 00:107e 4611686019135192571      /nix/store/gpxl5qgg8kicmcvivwmybwjlpf7wh20l-graalvm17-ce-22.3.0/lib/libnio.so
7f47d4c4d000-7f47d6525000 rw-p 00000000 00:00 0 
7f47d6525000-7f47d6526000 ---p 00000000 00:00 0 
7f47d6526000-7f47d66bf000 rw-p 00000000 00:00 0 
7f47d66bf000-7f47d6700000 rw-p 00000000 00:00 0 
7f47d6700000-7f47d6727000 ---p 00000000 00:00 0 
7f47d6727000-7f47d672e000 rw-p 00000000 00:00 0 
7f47d672e000-7f47d6813000 ---p 00000000 00:00 0 
7f47d6813000-7f47d682e000 rw-p 00000000 00:00 0 
7f47d682e000-7f47d68fe000 ---p 00000000 00:00 0 
7f47d68fe000-7f47d6903000 rw-p 00000000 00:00 0 
7f47d6903000-7f47d690a000 ---p 00000000 00:00 0 
7f47d690a000-7f47d692e000 r-xp 00000000 00:107e 4611686019135190028      /nix/store/gpxl5qgg8kicmcvivwmybwjlpf7wh20l-graalvm17-ce-22.3.0/lib/libjava.so
7f47d692e000-7f47d692f000 ---p 00024000 00:107e 4611686019135190028      /nix/store/gpxl5qgg8kicmcvivwmybwjlpf7wh20l-graalvm17-ce-22.3.0/lib/libjava.so
7f47d692f000-7f47d6930000 r--p 00024000 00:107e 4611686019135190028      /nix/store/gpxl5qgg8kicmcvivwmybwjlpf7wh20l-graalvm17-ce-22.3.0/lib/libjava.so
7f47d6930000-7f47d6931000 rw-p 00025000 00:107e 4611686019135190028      /nix/store/gpxl5qgg8kicmcvivwmybwjlpf7wh20l-graalvm17-ce-22.3.0/lib/libjava.so
7f47d6931000-7f47d6932000 rw-p 00000000 00:00 0 
7f47d6932000-7f47d6939000 rw-p 0002f000 00:107e 4611686019135190028      /nix/store/gpxl5qgg8kicmcvivwmybwjlpf7wh20l-graalvm17-ce-22.3.0/lib/libjava.so
7f47d6939000-7f47d6941000 rw-s 00000000 00:5f4 663                       /tmp/hsperfdata_runner/5333
7f47d6941000-7f47d6942000 ---p 00000000 00:00 0 
7f47d6942000-7f47d6943000 r--p 00000000 00:00 0 
7f47d6943000-7f47d6944000 rwxp 00000000 00:00 0 
7f47d6944000-7f47d695f000 r-xp 00000000 00:107e 4611686019135190032      /nix/store/gpxl5qgg8kicmcvivwmybwjlpf7wh20l-graalvm17-ce-22.3.0/lib/libjimage.so
7f47d695f000-7f47d6960000 ---p 0001b000 00:107e 4611686019135190032      /nix/store/gpxl5qgg8kicmcvivwmybwjlpf7wh20l-graalvm17-ce-22.3.0/lib/libjimage.so
7f47d6960000-7f47d6962000 r--p 0001b000 00:107e 4611686019135190032      /nix/store/gpxl5qgg8kicmcvivwmybwjlpf7wh20l-graalvm17-ce-22.3.0/lib/libjimage.so
7f47d6962000-7f47d6963000 rw-p 0001d000 00:107e 4611686019135190032      /nix/store/gpxl5qgg8kicmcvivwmybwjlpf7wh20l-graalvm17-ce-22.3.0/lib/libjimage.so
7f47d6963000-7f47d6964000 rw-p 00024000 00:107e 4611686019135190032      /nix/store/gpxl5qgg8kicmcvivwmybwjlpf7wh20l-graalvm17-ce-22.3.0/lib/libjimage.so
7f47d6964000-7f47d6968000 ---p 00000000 00:00 0 
7f47d6968000-7f47d6a64000 rw-p 00000000 00:00 0 
7f47d6a64000-7f47d6a72000 r--p 00000000 00:107e 4611686019027979927      /nix/store/4nlgxhb09sdr51nc9hdm8az5b08vzkgx-glibc-2.35-163/lib/libm.so.6
7f47d6a72000-7f47d6ae5000 r-xp 0000e000 00:107e 4611686019027979927      /nix/store/4nlgxhb09sdr51nc9hdm8az5b08vzkgx-glibc-2.35-163/lib/libm.so.6
7f47d6ae5000-7f47d6b42000 r--p 00081000 00:107e 4611686019027979927      /nix/store/4nlgxhb09sdr51nc9hdm8az5b08vzkgx-glibc-2.35-163/lib/libm.so.6
7f47d6b42000-7f47d6b43000 r--p 000dd000 00:107e 4611686019027979927      /nix/store/4nlgxhb09sdr51nc9hdm8az5b08vzkgx-glibc-2.35-163/lib/libm.so.6
7f47d6b43000-7f47d6b44000 rw-p 000de000 00:107e 4611686019027979927      /nix/store/4nlgxhb09sdr51nc9hdm8az5b08vzkgx-glibc-2.35-163/lib/libm.so.6
7f47d6b44000-7f47d6b45000 r--p 00000000 00:107e 4611686019027979946      /nix/store/4nlgxhb09sdr51nc9hdm8az5b08vzkgx-glibc-2.35-163/lib/librt.so.1
7f47d6b45000-7f47d6b46000 r-xp 00001000 00:107e 4611686019027979946      /nix/store/4nlgxhb09sdr51nc9hdm8az5b08vzkgx-glibc-2.35-163/lib/librt.so.1
7f47d6b46000-7f47d6b47000 r--p 00002000 00:107e 4611686019027979946      /nix/store/4nlgxhb09sdr51nc9hdm8az5b08vzkgx-glibc-2.35-163/lib/librt.so.1
7f47d6b47000-7f47d6b48000 r--p 00002000 00:107e 4611686019027979946      /nix/store/4nlgxhb09sdr51nc9hdm8az5b08vzkgx-glibc-2.35-163/lib/librt.so.1
7f47d6b48000-7f47d6b49000 rw-p 00003000 00:107e 4611686019027979946      /nix/store/4nlgxhb09sdr51nc9hdm8az5b08vzkgx-glibc-2.35-163/lib/librt.so.1
7f47d6b49000-7f47d7c5c000 r-xp 00000000 00:107e 4611686019135360866      /nix/store/gpxl5qgg8kicmcvivwmybwjlpf7wh20l-graalvm17-ce-22.3.0/lib/server/libjvm.so
7f47d7c5c000-7f47d7c5d000 ---p 01113000 00:107e 4611686019135360866      /nix/store/gpxl5qgg8kicmcvivwmybwjlpf7wh20l-graalvm17-ce-22.3.0/lib/server/libjvm.so
7f47d7c5d000-7f47d7d12000 r--p 01113000 00:107e 4611686019135360866      /nix/store/gpxl5qgg8kicmcvivwmybwjlpf7wh20l-graalvm17-ce-22.3.0/lib/server/libjvm.so
7f47d7d12000-7f47d7d46000 rw-p 011c8000 00:107e 4611686019135360866      /nix/store/gpxl5qgg8kicmcvivwmybwjlpf7wh20l-graalvm17-ce-22.3.0/lib/server/libjvm.so
7f47d7d46000-7f47d7da2000 rw-p 00000000 00:00 0 
7f47d7da2000-7f47d7dca000 r--p 00000000 00:107e 4611686019027979918      /nix/store/4nlgxhb09sdr51nc9hdm8az5b08vzkgx-glibc-2.35-163/lib/libc.so.6
7f47d7dca000-7f47d7f40000 r-xp 00028000 00:107e 4611686019027979918      /nix/store/4nlgxhb09sdr51nc9hdm8az5b08vzkgx-glibc-2.35-163/lib/libc.so.6
7f47d7f40000-7f47d7f98000 r--p 0019e000 00:107e 4611686019027979918      /nix/store/4nlgxhb09sdr51nc9hdm8az5b08vzkgx-glibc-2.35-163/lib/libc.so.6
7f47d7f98000-7f47d7f9c000 r--p 001f6000 00:107e 4611686019027979918      /nix/store/4nlgxhb09sdr51nc9hdm8az5b08vzkgx-glibc-2.35-163/lib/libc.so.6
7f47d7f9c000-7f47d7f9e000 rw-p 001fa000 00:107e 4611686019027979918      /nix/store/4nlgxhb09sdr51nc9hdm8az5b08vzkgx-glibc-2.35-163/lib/libc.so.6
7f47d7f9e000-7f47d7fad000 rw-p 00000000 00:00 0 
7f47d7fad000-7f47d7fae000 r--p 00000000 00:107e 4611686019027979923      /nix/store/4nlgxhb09sdr51nc9hdm8az5b08vzkgx-glibc-2.35-163/lib/libdl.so.2
7f47d7fae000-7f47d7faf000 r-xp 00001000 00:107e 4611686019027979923      /nix/store/4nlgxhb09sdr51nc9hdm8az5b08vzkgx-glibc-2.35-163/lib/libdl.so.2
7f47d7faf000-7f47d7fb0000 r--p 00002000 00:107e 4611686019027979923      /nix/store/4nlgxhb09sdr51nc9hdm8az5b08vzkgx-glibc-2.35-163/lib/libdl.so.2
7f47d7fb0000-7f47d7fb1000 r--p 00002000 00:107e 4611686019027979923      /nix/store/4nlgxhb09sdr51nc9hdm8az5b08vzkgx-glibc-2.35-163/lib/libdl.so.2
7f47d7fb1000-7f47d7fb2000 rw-p 00003000 00:107e 4611686019027979923      /nix/store/4nlgxhb09sdr51nc9hdm8az5b08vzkgx-glibc-2.35-163/lib/libdl.so.2
7f47d7fb2000-7f47d7fb3000 r--p 00000000 00:107e 4611686019027979942      /nix/store/4nlgxhb09sdr51nc9hdm8az5b08vzkgx-glibc-2.35-163/lib/libpthread.so.0
7f47d7fb3000-7f47d7fb4000 r-xp 00001000 00:107e 4611686019027979942      /nix/store/4nlgxhb09sdr51nc9hdm8az5b08vzkgx-glibc-2.35-163/lib/libpthread.so.0
7f47d7fb4000-7f47d7fb5000 r--p 00002000 00:107e 4611686019027979942      /nix/store/4nlgxhb09sdr51nc9hdm8az5b08vzkgx-glibc-2.35-163/lib/libpthread.so.0
7f47d7fb5000-7f47d7fb6000 r--p 00002000 00:107e 4611686019027979942      /nix/store/4nlgxhb09sdr51nc9hdm8az5b08vzkgx-glibc-2.35-163/lib/libpthread.so.0
7f47d7fb6000-7f47d7fb7000 rw-p 00003000 00:107e 4611686019027979942      /nix/store/4nlgxhb09sdr51nc9hdm8az5b08vzkgx-glibc-2.35-163/lib/libpthread.so.0
7f47d7fb7000-7f47d7fc5000 r-xp 00000000 00:107e 4611686019135190033      /nix/store/gpxl5qgg8kicmcvivwmybwjlpf7wh20l-graalvm17-ce-22.3.0/lib/libjli.so
7f47d7fc5000-7f47d7fc6000 ---p 0000e000 00:107e 4611686019135190033      /nix/store/gpxl5qgg8kicmcvivwmybwjlpf7wh20l-graalvm17-ce-22.3.0/lib/libjli.so
7f47d7fc6000-7f47d7fc7000 r--p 0000e000 00:107e 4611686019135190033      /nix/store/gpxl5qgg8kicmcvivwmybwjlpf7wh20l-graalvm17-ce-22.3.0/lib/libjli.so
7f47d7fc7000-7f47d7fc8000 rw-p 0000f000 00:107e 4611686019135190033      /nix/store/gpxl5qgg8kicmcvivwmybwjlpf7wh20l-graalvm17-ce-22.3.0/lib/libjli.so
7f47d7fc8000-7f47d7fc9000 rw-p 00012000 00:107e 4611686019135190033      /nix/store/gpxl5qgg8kicmcvivwmybwjlpf7wh20l-graalvm17-ce-22.3.0/lib/libjli.so
7f47d7fc9000-7f47d7fcc000 r--p 00000000 00:107e 4611686019106210071      /nix/store/026hln0aq1hyshaxsdvhg0kmcm6yf45r-zlib-1.2.13/lib/libz.so.1.2.13
7f47d7fcc000-7f47d7fde000 r-xp 00003000 00:107e 4611686019106210071      /nix/store/026hln0aq1hyshaxsdvhg0kmcm6yf45r-zlib-1.2.13/lib/libz.so.1.2.13
7f47d7fde000-7f47d7fe5000 r--p 00015000 00:107e 4611686019106210071      /nix/store/026hln0aq1hyshaxsdvhg0kmcm6yf45r-zlib-1.2.13/lib/libz.so.1.2.13
7f47d7fe5000-7f47d7fe6000 r--p 0001b000 00:107e 4611686019106210071      /nix/store/026hln0aq1hyshaxsdvhg0kmcm6yf45r-zlib-1.2.13/lib/libz.so.1.2.13
7f47d7fe6000-7f47d7fe7000 rw-p 0001c000 00:107e 4611686019106210071      /nix/store/026hln0aq1hyshaxsdvhg0kmcm6yf45r-zlib-1.2.13/lib/libz.so.1.2.13
7f47d7fe7000-7f47d7fe9000 rw-p 00000000 00:00 0 
7f47d7fe9000-7f47d7feb000 r--p 00000000 00:107e 4611686019027979912      /nix/store/4nlgxhb09sdr51nc9hdm8az5b08vzkgx-glibc-2.35-163/lib/ld-linux-x86-64.so.2
7f47d7feb000-7f47d8012000 r-xp 00002000 00:107e 4611686019027979912      /nix/store/4nlgxhb09sdr51nc9hdm8az5b08vzkgx-glibc-2.35-163/lib/ld-linux-x86-64.so.2
7f47d8012000-7f47d801e000 r--p 00029000 00:107e 4611686019027979912      /nix/store/4nlgxhb09sdr51nc9hdm8az5b08vzkgx-glibc-2.35-163/lib/ld-linux-x86-64.so.2
7f47d801e000-7f47d8020000 r--p 00034000 00:107e 4611686019027979912      /nix/store/4nlgxhb09sdr51nc9hdm8az5b08vzkgx-glibc-2.35-163/lib/ld-linux-x86-64.so.2
7f47d8020000-7f47d8022000 rw-p 00036000 00:107e 4611686019027979912      /nix/store/4nlgxhb09sdr51nc9hdm8az5b08vzkgx-glibc-2.35-163/lib/ld-linux-x86-64.so.2
7ffceefad000-7ffceefd1000 rw-p 00000000 00:00 0                          [stack]
7ffceefdc000-7ffceefe0000 r--p 00000000 00:00 0                          [vvar]
7ffceefe0000-7ffceefe2000 r-xp 00000000 00:00 0                          [vdso]
ffffffffff600000-ffffffffff601000 --xp 00000000 00:00 0                  [vsyscall]


VM Arguments:
jvm_args: -XX:ThreadPriorityPolicy=1 -XX:+UnlockExperimentalVMOptions -XX:+EnableJVMCIProduct -XX:JVMCIThreadsPerNativeLibraryRuntime=1 -XX:-UnlockExperimentalVMOptions -Declipse.application=org.eclipse.jdt.ls.core.id1 -Dosgi.bundles.defaultStartLevel=4 -Declipse.product=org.eclipse.jdt.ls.core.product -Dlog.level=ALL -Xverify:none -XX:+UseParallelGC -XX:GCTimeRatio=4 -XX:AdaptiveSizePolicyWeight=90 -Dsun.zip.disableMemoryMapping=true -Xmx512m -Xms100m 
java_command: /nix/store/m6gcpi1ii6rghy04cjwjddcavv7i90df-jdt-language-server-1.9.0/share/java/plugins/org.eclipse.equinox.launcher_1.6.400.v20210924-0641.jar --add-modules=ALL-SYSTEM --add-opens java.base/java.util=ALL-UNNAMED --add-opens java.base/java.lang=ALL-UNNAMED -configuration /home/runner/.cache/jdt-language-server/config -data /home/runner/.cache/jdt-language-server/data/home/runner/javamngbatch6
java_class_path (initial): /nix/store/m6gcpi1ii6rghy04cjwjddcavv7i90df-jdt-language-server-1.9.0/share/java/plugins/org.eclipse.equinox.launcher_1.6.400.v20210924-0641.jar
Launcher Type: SUN_STANDARD

[Global flags]
    uintx AdaptiveSizePolicyWeight                 = 90                                        {product} {command line}
     intx CICompilerCount                          = 2                                         {product} {ergonomic}
     bool EnableJVMCIProduct                       = true                                {JVMCI product} {jimage}
    uintx GCTimeRatio                              = 4                                         {product} {command line}
   size_t InitialHeapSize                          = 104857600                                 {product} {command line}
     uint JVMCIThreadsPerNativeLibraryRuntime      = 1                                   {JVMCI product} {jimage}
   size_t MaxHeapSize                              = 536870912                                 {product} {command line}
   size_t MaxNewSize                               = 178782208                                 {product} {ergonomic}
   size_t MinHeapDeltaBytes                        = 524288                                    {product} {ergonomic}
   size_t MinHeapSize                              = 104857600                                 {product} {command line}
   size_t NewSize                                  = 34603008                                  {product} {ergonomic}
    uintx NonNMethodCodeHeapSize                   = 5826188                                {pd product} {ergonomic}
    uintx NonProfiledCodeHeapSize                  = 122916026                              {pd product} {ergonomic}
   size_t OldSize                                  = 70254592                                  {product} {ergonomic}
    uintx ProfiledCodeHeapSize                     = 122916026                              {pd product} {ergonomic}
    uintx ReservedCodeCacheSize                    = 251658240                              {pd product} {ergonomic}
     bool SegmentedCodeCache                       = true                                      {product} {ergonomic}
   size_t SoftMaxHeapSize                          = 536870912                              {manageable} {ergonomic}
     intx ThreadPriorityPolicy                     = 1                                         {product} {jimage}
     bool UseCompressedClassPointers               = true                           {product lp64_product} {ergonomic}
     bool UseCompressedOops                        = true                           {product lp64_product} {ergonomic}
     bool UseParallelGC                            = true                                      {product} {command line}

Logging:
Log output configuration:
 #0: stdout all=warning uptime,level,tags
 #1: stderr all=off uptime,level,tags

Environment Variables:
JAVA_HOME=/nix/store/gpxl5qgg8kicmcvivwmybwjlpf7wh20l-graalvm17-ce-22.3.0
PATH=/nix/store/1d6ian3r8kdzspw8hacjhl3xkp40g1lj-binutils-wrapper-2.39/bin:/nix/store/dq0xwmsk1g0i2ayg6pb7y87na2knzylh-gcc-wrapper-11.3.0/bin:/nix/store/bap4d0lpcrhpwmpb8ayjcgkmvfj62lnq-bash-interactive-5.1-p16/bin:/nix/store/pr5n59mb4jzmfx6kanwxly0l07p861fg-patchelf-0.15.0/bin:/nix/store/1gf2flfqnpqbr1b4p4qz2f72y42bs56r-gcc-11.3.0/bin:/nix/store/57xv61c5zi8pphjbcwxxjlgc34p61ic9-glibc-2.35-163-bin/bin:/nix/store/a7gvj343m05j2s32xcnwr35v31ynlypr-coreutils-9.1/bin:/nix/store/039g378vc3pc3dvi9dzdlrd0i4q93qwf-binutils-2.39/bin:/nix/store/gpxl5qgg8kicmcvivwmybwjlpf7wh20l-graalvm17-ce-22.3.0/bin:/nix/store/6z9ag3ihc8mq2hzsw48lhbznvzny65nz-apache-maven-3.8.6/bin:/nix/store/m6gcpi1ii6rghy04cjwjddcavv7i90df-jdt-language-server-1.9.0/bin:/nix/store/84xs5alhs01zrbr4ywm05kxbjbp5590l-java-debug/bin:/nix/store/mydc6f4k2z73xlcz7ilif3v2lcaiqvza-findutils-4.9.0/bin:/nix/store/j9p3g8472iijd50vhdprx0nmk2fqn5gv-diffutils-3.8/bin:/nix/store/89zs7rms6x00xfq4dq6m7mjnhkr8a6r4-gnused-4.8/bin:/nix/store/86bp03jkmsl6f92w0yzg4s59g5mhxwmy-gnugrep-3.7/bin:/nix/store/hwcdqw4jrjnd37wxqgsd47hd0j8bnj09-gawk-5.1.1/bin:/nix/store/cfbhw8r8ags41vwqaz47r583d0p4h4a1-gnutar-1.34/bin:/nix/store/p3m1ndl1lapwrlh698bnb5lvvxh67378-gzip-1.12/bin:/nix/store/a8mhcagrsly7c7mpjrpsnaahk4aax056-bzip2-1.0.8-bin/bin:/nix/store/mblgz65m3zv9x548a3d5m96fj2pbwr09-gnumake-4.3/bin:/nix/store/dsd5gz46hdbdk2rfdimqddhq6m8m8fqs-bash-5.1-p16/bin:/nix/store/v7ljksji50mg3w61dykaa3n3y79n6nil-patch-2.7.6/bin:/nix/store/zlcnmqq14jz5x9439jf937mvayyl63da-xz-5.2.7-bin/bin:/nix/store/y6aj732zm9m87c82fpvf103a1xb22blp-file-5.43/bin:/nix/store/i4kzir3m7mrisxmf5xvlnkw01x4qaqr4-prybar-elisp-0.0.0-e0d9a52/bin:/nix/store/lwwivxf6h7x3cvxp9zv8sj0mv7dak99r-prybar-lua-0.0.0-e0d9a52/bin:/nix/store/gxj28g1cg4hq3qanmjv07156h800qr58-prybar-python3-0.0.0-e0d9a52/bin:/nix/store/hshkjnxrgidigf8x75vg6lqng2xlx9i3-prybar-sqlite-0.0.0-e0d9a52/bin:/nix/store/c4w01bpjgyy5ixmwdk8m1pw87zq4sl26-prybar-tcl-0.0.0-e0d9a52/bin:/nix/store/hpbvrlwd5viqmvcaisb3x0118i913a9n-st
LD_LIBRARY_PATH=/nix/store/a4pff549sk2idnkpzk5nsfps3mdkdnvm-cups-2.4.2-lib/lib:/nix/store/72mqxxhh3cy5yifh92wh2yb8cl2hikyy-cairo-1.16.0/lib:/nix/store/2k366jrbsra97gjfxwvrhvixjfxdach5-glib-2.74.1/lib:/nix/store/2j2znigd8ak37rlwh9khz0ry3clqlw1l-gtk+3-3.24.34/lib:/nix/store/hisqvx32cd57apbpcsnkpx6k3549wql1-libglvnd-1.4.0/lib:/nix/store/p36pgcv991mq5srvg765b78yqpxvk3qs-mesa-21.3.3-drivers/lib:/nix/store/mav4251if1ahjq5vkpwycyyvnmy459c4-pulseaudio-14.2/lib
DISPLAY=:0
LANG=en_US.UTF-8

Signal Handlers:
   SIGSEGV: crash_handler in libjvm.so, mask=11100100010111111101111111111110, flags=SA_RESTART|SA_SIGINFO
    SIGBUS: crash_handler in libjvm.so, mask=11100100010111111101111111111110, flags=SA_RESTART|SA_SIGINFO
    SIGFPE: crash_handler in libjvm.so, mask=11100100010111111101111111111110, flags=SA_RESTART|SA_SIGINFO
   SIGPIPE: IsolateEnterStub_IgnoreSIGPIPEStartupHook_noopSignalHandler_8f19bff2f35b5f630d83b364d6b2339320d4ec70_216e8361c6bc87a8f89f58cc10d3b2fd4415bf87 in libjvmcicompiler.so, mask=00000000000000000000000000000000, flags=SA_RESTART
  *** Handler was modified!
  *** Expected: javaSignalHandler in libjvm.so, mask=11100100110111111111111111111110, flags=SA_RESTART|SA_SIGINFO
   SIGXFSZ: javaSignalHandler in libjvm.so, mask=11100100010111111101111111111110, flags=SA_RESTART|SA_SIGINFO
    SIGILL: crash_handler in libjvm.so, mask=11100100010111111101111111111110, flags=SA_RESTART|SA_SIGINFO
   SIGUSR2: SR_handler in libjvm.so, mask=00000000000000000000000000000000, flags=SA_RESTART|SA_SIGINFO
    SIGHUP: UserHandler in libjvm.so, mask=11100100010111111101111111111110, flags=SA_RESTART|SA_SIGINFO
    SIGINT: UserHandler in libjvm.so, mask=11100100010111111101111111111110, flags=SA_RESTART|SA_SIGINFO
   SIGTERM: UserHandler in libjvm.so, mask=11100100010111111101111111111110, flags=SA_RESTART|SA_SIGINFO
   SIGQUIT: UserHandler in libjvm.so, mask=11100100010111111101111111111110, flags=SA_RESTART|SA_SIGINFO
  *** Handler was modified!
  *** Expected: javaSignalHandler in libjvm.so, mask=11100100110111111111111111111110, flags=SA_RESTART|SA_SIGINFO
   SIGTRAP: crash_handler in libjvm.so, mask=11100100010111111101111111111110, flags=SA_RESTART|SA_SIGINFO


---------------  S Y S T E M  ---------------

OS:
DISTRIB_ID=Ubuntu
DISTRIB_RELEASE=20.04
DISTRIB_CODENAME=focal
DISTRIB_DESCRIPTION="Ubuntu 20.04.2 LTS"
uname: Linux 6.2.0-1011-gcp #11~22.04.1-Ubuntu SMP Wed Aug  2 05:19:58 UTC 2023 x86_64
OS uptime: 0 days 9:45 hours
libc: glibc 2.35 NPTL 2.35 
rlimit (soft/hard): STACK 8192k/infinity , CORE infinity/infinity , NPROC infinity/infinity , NOFILE 5242/5242 , AS infinity/infinity , CPU infinity/infinity , DATA infinity/infinity , FSIZE infinity/infinity , MEMLOCK 8192k/8192k
load average: 9.85 10.57 10.15

/proc/meminfo:
MemTotal:       65835948 kB
MemFree:         9187148 kB
MemAvailable:   40425428 kB
Buffers:         2909896 kB
Cached:         26973768 kB
SwapCached:            0 kB
Active:         13307328 kB
Inactive:       40119624 kB
Active(anon):      13668 kB
Inactive(anon): 23078632 kB
Active(file):   13293660 kB
Inactive(file): 17040992 kB
Unevictable:       29212 kB
Mlocked:           29212 kB
SwapTotal:             0 kB
SwapFree:              0 kB
Zswap:                 0 kB
Zswapped:              0 kB
Dirty:              7008 kB
Writeback:             0 kB
AnonPages:      22417896 kB
Mapped:          2212660 kB
Shmem:             23812 kB
KReclaimable:    1630080 kB
Slab:            2336420 kB
SReclaimable:    1630080 kB
SUnreclaim:       706340 kB
KernelStack:      204152 kB
PageTables:       282340 kB
SecPageTables:         0 kB
NFS_Unstable:          0 kB
Bounce:                0 kB
WritebackTmp:          0 kB
CommitLimit:    32917972 kB
Committed_AS:   83728580 kB
VmallocTotal:   34359738367 kB
VmallocUsed:      237896 kB
VmallocChunk:          0 kB
Percpu:            38080 kB
HardwareCorrupted:     0 kB
AnonHugePages:   2973696 kB
ShmemHugePages:        0 kB
ShmemPmdMapped:        0 kB
FileHugePages:         0 kB
FilePmdMapped:         0 kB
HugePages_Total:       0
HugePages_Free:        0
HugePages_Rsvd:        0
HugePages_Surp:        0
Hugepagesize:       2048 kB
Hugetlb:               0 kB
DirectMap4k:      820024 kB
DirectMap2M:    48459776 kB
DirectMap1G:    19922944 kB

/sys/kernel/mm/transparent_hugepage/enabled: always [madvise] never
/sys/kernel/mm/transparent_hugepage/defrag (defrag/compaction efforts parameter): always defer defer+madvise [madvise] never

Process Memory:
Virtual Size: 4381288K (peak: 4477736K)
Resident Set Size: 759024K (peak: 794572K) (anon: 561992K, file: 197032K, shmem: 0K)
Swapped out: 0K
C-Heap outstanding allocations: 39583K, retained: 11260K
glibc malloc tunables: (default)

/proc/sys/kernel/threads-max (system-wide limit on the number of threads): 514277
/proc/sys/vm/max_map_count (maximum number of memory map areas a process may have): 65530
/proc/sys/kernel/pid_max (system-wide limit on number of process identifiers): 4194304

container (cgroup) information:
container_type: cgroupv1
cpu_cpuset_cpus: 2-7
cpu_memory_nodes: 0
active_processor_count: 1
cpu_quota: 50000
cpu_period: 100000
cpu_shares: 512
memory_limit_in_bytes: 1048576 k
memory_and_swap_limit_in_bytes: 1048576 k
memory_soft_limit_in_bytes: 524288 k
memory_usage_in_bytes: 612916 k
memory_max_usage_in_bytes: 709448 k
maximum number of tasks: 1000
current number of tasks: 49

KVM virtualization detected
Steal ticks since vm start: 0
Steal ticks percentage since vm start:  0.000

CPU: total 8 (initial active 1) (8 cores per cpu, 2 threads per core) family 23 model 49 stepping 0 microcode 0xffffffff, cx8, cmov, fxsr, ht, mmx, 3dnowpref, sse, sse2, sse3, ssse3, sse4a, sse4.1, sse4.2, popcnt, lzcnt, tsc, tscinvbit, avx, avx2, aes, clmul, bmi1, bmi2, adx, sha, fma, vzeroupper, clflush, clflushopt, hv
CPU Model and flags from /proc/cpuinfo:
model name	: AMD EPYC 7B12
flags		: fpu vme de pse tsc msr pae mce cx8 apic sep mtrr pge mca cmov pat pse36 clflush mmx fxsr sse sse2 ht syscall nx mmxext fxsr_opt pdpe1gb rdtscp lm constant_tsc rep_good nopl nonstop_tsc cpuid extd_apicid tsc_known_freq pni pclmulqdq ssse3 fma cx16 sse4_1 sse4_2 movbe popcnt aes xsave avx f16c rdrand hypervisor lahf_lm cmp_legacy cr8_legacy abm sse4a misalignsse 3dnowprefetch osvw topoext ssbd ibrs ibpb stibp vmmcall fsgsbase tsc_adjust bmi1 avx2 smep bmi2 rdseed adx smap clflushopt clwb sha_ni xsaveopt xsavec xgetbv1 clzero xsaveerptr arat npt nrip_save umip rdpid

Online cpus: 0-7
Offline cpus: 
BIOS frequency limitation: <Not Available>
Frequency switch latency (ns): <Not Available>
Available cpu frequencies: <Not Available>
Current governor: <Not Available>
Core performance/turbo boost: <Not Available>

Memory: 4k page, physical 1048576k(435656k free), swap 0k(0k free)
Page Sizes: 4k

vm_info: OpenJDK 64-Bit Server VM (17.0.5+8-jvmci-22.3-b08) for linux-amd64 JRE (17.0.5+8-jvmci-22.3-b08), built on Oct 19 2022 09:01:27 by "buildslave" with gcc 10.3.0

END.
