#
# A fatal error has been detected by the Java Runtime Environment:
#
#  Internal Error (jvmciRuntime.cpp:1609), pid=20, tid=42
#  fatal error: Fatal exception in JVMCI: Error calling jdk.vm.ci.services.Services.serializeSavedProperties
#
# JRE version: OpenJDK Runtime Environment GraalVM CE 22.3.0 (17.0.5+8) (build 17.0.5+8-jvmci-22.3-b08)
# Java VM: OpenJDK 64-Bit Server VM GraalVM CE 22.3.0 (17.0.5+8-jvmci-22.3-b08, mixed mode, sharing, tiered, jvmci, jvmci compiler, compressed oops, compressed class ptrs, parallel gc, linux-amd64)
# Problematic frame:
# V  [libjvm.so+0x972714]  JVMCIRuntime::fatal_exception(JVMCIEnv*, char const*)+0x74
#
# Core dump will be written. Default location: Core dumps may be processed with "/usr/share/apport/apport -p%p -s%s -c%c -d%d -P%P -u%u -g%g -- %E" (or dumping to /home/runner/javamngbatch6/core.20)
#
# If you would like to submit a bug report, please visit:
#   https://github.com/oracle/graal/issues
#

---------------  S U M M A R Y ------------

Command Line: -XX:ThreadPriorityPolicy=1 -XX:+UnlockExperimentalVMOptions -XX:+EnableJVMCIProduct -XX:JVMCIThreadsPerNativeLibraryRuntime=1 -XX:-UnlockExperimentalVMOptions -Declipse.application=org.eclipse.jdt.ls.core.id1 -Dosgi.bundles.defaultStartLevel=4 -Declipse.product=org.eclipse.jdt.ls.core.product -Dlog.level=ALL -Xverify:none -XX:+UseParallelGC -XX:GCTimeRatio=4 -XX:AdaptiveSizePolicyWeight=90 -Dsun.zip.disableMemoryMapping=true -Xmx512m -Xms100m /nix/store/m6gcpi1ii6rghy04cjwjddcavv7i90df-jdt-language-server-1.9.0/share/java/plugins/org.eclipse.equinox.launcher_1.6.400.v20210924-0641.jar --add-modules=ALL-SYSTEM --add-opens java.base/java.util=ALL-UNNAMED --add-opens java.base/java.lang=ALL-UNNAMED -configuration /home/runner/.cache/jdt-language-server/config -data /home/runner/.cache/jdt-language-server/data/home/runner/javamngbatch6

Host: AMD EPYC 7B12, 8 cores, 1G, Ubuntu 20.04.2 LTS
Time: Thu Aug 24 08:34:02 2023 UTC elapsed time: 1243.381478 seconds (0d 0h 20m 43s)

---------------  T H R E A D  ---------------

Current thread (0x00007fe8100b21e0):  JavaThread "JVMCI-native CompilerThread0" daemon [_thread_in_vm, id=42, stack(0x00007fe81471a000,0x00007fe81491a000)]


Current CompileTask:
JVMCI-native:1243381 8679       4       jdk.internal.misc.Unsafe::weakCompareAndSetLong (11 bytes)

Stack: [0x00007fe81471a000,0x00007fe81491a000],  sp=0x00007fe814918380,  free space=2040k
Native frames: (J=compiled Java code, j=interpreted, Vv=VM code, C=native code)
V  [libjvm.so+0x972714]  JVMCIRuntime::fatal_exception(JVMCIEnv*, char const*)+0x74
V  [libjvm.so+0x93e2fe]  JVMCIEnv::copy_saved_properties()+0x14e
V  [libjvm.so+0x9732a9]  JVMCIRuntime::initialize(JVMCIEnv*)+0xb19
V  [libjvm.so+0x9738a2]  JVMCIRuntime::get_HotSpotJVMCIRuntime(JVMCIEnv*)+0x12
V  [libjvm.so+0x9749f2]  JVMCIRuntime::compile_method(JVMCIEnv*, JVMCICompiler*, methodHandle const&, int)+0xd2
V  [libjvm.so+0x5b0d20]  CompileBroker::invoke_compiler_on_method(CompileTask*)+0x1470
V  [libjvm.so+0x5b12e8]  CompileBroker::compiler_thread_loop()+0x528
V  [libjvm.so+0xd82460]  JavaThread::thread_main_inner()+0xd0
V  [libjvm.so+0xd85a40]  Thread::call_run()+0xc0
V  [libjvm.so+0xbdb1e1]  thread_native_entry(Thread*)+0xe1

Register to memory mapping:

RAX=0x00007fe817823000 points into unknown readable memory: 0x0000000000000058 | 58 00 00 00 00 00 00 00
RBX=0x00007fe81891e398: <offset 0x0000000000ef5398> in /nix/store/gpxl5qgg8kicmcvivwmybwjlpf7wh20l-graalvm17-ce-22.3.0/lib/server/libjvm.so at 0x00007fe817a29000
RCX=0x00007fe8188d61e8: <offset 0x0000000000ead1e8> in /nix/store/gpxl5qgg8kicmcvivwmybwjlpf7wh20l-graalvm17-ce-22.3.0/lib/server/libjvm.so at 0x00007fe817a29000
RDX=0x0000000000000649 is an unknown value
RSP=0x00007fe814918380 is pointing into the stack for thread: 0x00007fe8100b21e0
RBP=0x00007fe8149183a0 is pointing into the stack for thread: 0x00007fe8100b21e0
RSI=0x00007fe81891ec48: <offset 0x0000000000ef5c48> in /nix/store/gpxl5qgg8kicmcvivwmybwjlpf7wh20l-graalvm17-ce-22.3.0/lib/server/libjvm.so at 0x00007fe817a29000
RDI=0x00000000e0000000 is an oop: [B 
{0x00000000e0000000} - klass: {type array byte}
 - length: 4042
R8 =0x00007fe81891e398: <offset 0x0000000000ef5398> in /nix/store/gpxl5qgg8kicmcvivwmybwjlpf7wh20l-graalvm17-ce-22.3.0/lib/server/libjvm.so at 0x00007fe817a29000
R9 =0x0000000000000003 is an unknown value
R10=0x00007fe818c6fda0: <offset 0x0000000001246da0> in /nix/store/gpxl5qgg8kicmcvivwmybwjlpf7wh20l-graalvm17-ce-22.3.0/lib/server/libjvm.so at 0x00007fe817a29000
R11=0x000000080044f048 is pointing into metadata
R12=0x0 is NULL
R13=0x00007fe8100b21e0 is a thread
R14=0x00007fe810000b80 points into unknown readable memory: 0x00007fe818b4fa38 | 38 fa b4 18 e8 7f 00 00
R15=0x00007fe818c5de40: <offset 0x0000000001234e40> in /nix/store/gpxl5qgg8kicmcvivwmybwjlpf7wh20l-graalvm17-ce-22.3.0/lib/server/libjvm.so at 0x00007fe817a29000


Registers:
RAX=0x00007fe817823000, RBX=0x00007fe81891e398, RCX=0x00007fe8188d61e8, RDX=0x0000000000000649
RSP=0x00007fe814918380, RBP=0x00007fe8149183a0, RSI=0x00007fe81891ec48, RDI=0x00000000e0000000
R8 =0x00007fe81891e398, R9 =0x0000000000000003, R10=0x00007fe818c6fda0, R11=0x000000080044f048
R12=0x0000000000000000, R13=0x00007fe8100b21e0, R14=0x00007fe810000b80, R15=0x00007fe818c5de40
RIP=0x00007fe81839b714, EFLAGS=0x0000000000010206, CSGSFS=0x002b000000000033, ERR=0x0000000000000006
  TRAPNO=0x000000000000000e

Top of Stack: (sp=0x00007fe814918380)
0x00007fe814918380:   00007fe814918940 00007fe8100b21e0
0x00007fe814918390:   00007fe8161b48c8 0000000800c40fc0
0x00007fe8149183a0:   00007fe814918500 00007fe8183672fe
0x00007fe8149183b0:   00007fe8149183e0 00007fe814918440 

Instructions: (pc=0x00007fe81839b714)
0x00007fe81839b614:   30 e8 f6 cf e8 ff 4c 89 e7 e8 2e 48 d1 ff 84 db
0x00007fe81839b624:   75 2a 4d 85 ed 74 04 4d 8b 6d 00 48 83 c4 08 44
0x00007fe81839b634:   89 f9 4c 89 f2 4c 89 ee 5b 4c 89 e7 41 5c 41 5d
0x00007fe81839b644:   41 5e 41 5f 5d e9 e2 47 d1 ff 66 90 48 83 c4 08
0x00007fe81839b654:   5b 41 5c 41 5d 41 5e 41 5f 5d c3 90 31 d2 be 08
0x00007fe81839b664:   00 00 00 4c 89 ff e8 b1 78 a3 ff 49 89 c5 e9 37
0x00007fe81839b674:   ff ff ff 66 0f 1f 84 00 00 00 00 00 48 8b 7a 08
0x00007fe81839b684:   e9 6d ff ff ff 0f 1f 80 00 00 00 00 e8 5b 48 0a
0x00007fe81839b694:   00 84 c0 75 89 e9 6a ff ff ff 66 90 55 48 89 e5
0x00007fe81839b6a4:   41 56 41 55 41 54 49 89 fc 53 48 89 f3 66 48 8d
0x00007fe81839b6b4:   3d 27 5e 85 00 66 66 48 e8 df 43 8d ff 4c 8b 28
0x00007fe81839b6c4:   8b 05 be 72 8a 00 85 c0 75 14 ba 01 00 00 00 48
0x00007fe81839b6d4:   8d 0d ae 72 8a 00 f0 0f b1 11 85 c0 74 4e be c8
0x00007fe81839b6e4:   00 00 00 4c 89 ef e8 01 0b 41 00 48 8d 05 12 ac
0x00007fe81839b6f4:   85 00 49 89 d8 48 8d 0d e8 aa 53 00 ba 49 06 00
0x00007fe81839b704:   00 48 8d 35 3c 35 58 00 bf 00 00 00 e0 48 8b 00
0x00007fe81839b714:   c6 00 58 31 c0 e8 e2 91 c6 ff 5b 41 5c 41 5d 41
0x00007fe81839b724:   5e 5d e9 55 34 26 00 0f 1f 44 00 00 48 8d 05 81
0x00007fe81839b734:   a3 8b 00 48 89 df 4c 8b 30 e8 9e 43 8d ff 48 89
0x00007fe81839b744:   de 48 89 c2 49 8b 06 4c 89 f7 ff 50 08 4c 89 f7
0x00007fe81839b754:   e8 a7 5c 27 00 4d 85 e4 74 12 be 01 00 00 00 4c
0x00007fe81839b764:   89 e7 e8 35 43 fc ff eb 82 0f 1f 00 be 01 00 00
0x00007fe81839b774:   00 4c 89 ef e8 d3 fd ff ff e9 6d ff ff ff 66 66
0x00007fe81839b784:   2e 0f 1f 84 00 00 00 00 00 0f 1f 00 55 48 89 e5
0x00007fe81839b794:   41 57 41 56 41 55 41 54 53 48 81 ec 08 02 00 00
0x00007fe81839b7a4:   64 48 8b 04 25 28 00 00 00 48 89 45 c8 8b 07 83
0x00007fe81839b7b4:   f8 02 0f 84 11 04 00 00 4c 8b 6f 18 49 89 ff 49
0x00007fe81839b7c4:   89 f4 4d 85 ed 74 14 4c 89 ef e8 5d 57 22 00 41
0x00007fe81839b7d4:   8b 07 83 f8 02 0f 84 19 04 00 00 48 8d 1d 9a 06
0x00007fe81839b7e4:   8a 00 4c 8d 35 0b 3c 58 00 eb 38 90 48 85 d2 7f
0x00007fe81839b7f4:   0d 48 8d 05 b4 c0 85 00 48 83 38 00 7e 0e 41 8b
0x00007fe81839b804:   77 2c 4c 89 f7 31 c0 e8 a0 b2 f7 ff 49 8b 7f 18 


Stack slot to memory mapping:
stack at sp + 0 slots: 0x00007fe814918940 is pointing into the stack for thread: 0x00007fe8100b21e0
stack at sp + 1 slots: 0x00007fe8100b21e0 is a thread
stack at sp + 2 slots: 0x00007fe8161b48c8 points into unknown readable memory: 0x65730018e552ffff | ff ff 52 e5 18 00 73 65
stack at sp + 3 slots: 0x0000000800c40fc0 is a pointer to class: 
jdk.vm.ci.services.Services {0x0000000800c40fc0}
 - instance size:     2
 - klass size:        65
 - access:            public final synchronized 
 - state:             fully_initialized
 - name:              'jdk/vm/ci/services/Services'
 - super:             'java/lang/Object'
 - sub:               
 - arrays:            NULL
 - methods:           Array<T>(0x00007fe81503ed88)
 - method ordering:   Array<T>(0x0000000800928960)
 - default_methods:   Array<T>(0x0000000000000000)
 - local interfaces:  Array<T>(0x00000008005ce810)
 - trans. interfaces: Array<T>(0x00000008005ce810)
 - constants:         constant pool [427] {0x00007fe81503dc70} for 'jdk/vm/ci/services/Services' cache=0x00007fe815040058
 - class loader data:  loader data: 0x00007fe8100283f0 of 'bootstrap'
 - source file:       'Services.java'
 - class annotations:       Array<T>(0x0000000000000000)
 - class type annotations:  Array<T>(0x0000000000000000)
 - field annotations:       Array<T>(0x0000000000000000)
 - field type annotations:  Array<T>(0x0000000000000000)
 - inner classes:     Array<T>(0x00007fe815040028)
 - nest members:     Array<T>(0x00007fe815040048)
 - permitted subclasses:     Array<T>(0x00000008005ce7a0)
 - java mirror:       a 'java/lang/Class'{0x00000000e01872d0} = 'jdk/vm/ci/services/Services'
 - vtable length      5  (start addr: 0x0000000800c41190)
 - itable length      2 (start addr: 0x0000000800c411b8)
 - ---- static fields (3 words):
 - public static final 'IS_BUILDING_NATIVE_IMAGE' 'Z' @128 
 - public static final 'IS_IN_NATIVE_IMAGE' 'Z' @129 
 - private static volatile 'savedProperties' 'Ljava/util/Map;' @112 
 - static final 'JVMCI_ENABLED' 'Z' @130 
 - private static final 'servicesCache' 'Ljava/util/Map;' @116 
 - private static final 'MAX_UNICODE_IN_UTF8_LENGTH' 'I' @120 
 - private static final 'MAX_UTF8_PROPERTY_STRING_LENGTH' 'I' @124 
 - ---- non-static fields (0 words):
 - non-static oop maps: 
stack at sp + 4 slots: 0x00007fe814918500 is pointing into the stack for thread: 0x00007fe8100b21e0
stack at sp + 5 slots: 0x00007fe8183672fe: <offset 0x000000000093e2fe> in /nix/store/gpxl5qgg8kicmcvivwmybwjlpf7wh20l-graalvm17-ce-22.3.0/lib/server/libjvm.so at 0x00007fe817a29000
stack at sp + 6 slots: 0x00007fe8149183e0 is pointing into the stack for thread: 0x00007fe8100b21e0
stack at sp + 7 slots: 0x00007fe814918440 is pointing into the stack for thread: 0x00007fe8100b21e0


---------------  P R O C E S S  ---------------

Threads class SMR info:
_java_thread_list=0x00007fe754000b70, length=26, elements={
0x00007fe810026690, 0x00007fe8100a64d0, 0x00007fe8100a7910, 0x00007fe8100ae050,
0x00007fe8100af400, 0x00007fe8100b07f0, 0x00007fe8100b21e0, 0x00007fe8100b36f0,
0x00007fe8100b4b40, 0x00007fe8100d7bc0, 0x00007fe81011ff50, 0x00007fe810303b40,
0x00007fe810336810, 0x00007fe810339210, 0x00007fe8105fe530, 0x00007fe7a8017120,
0x00007fe7a82a9780, 0x00007fe7a830d580, 0x00007fe7980010d0, 0x00007fe7a8489550,
0x00007fe7a8658830, 0x00007fe81042a420, 0x00007fe8103a8480, 0x00007fe778454b90,
0x00007fe7801893f0, 0x00007fe780188220
}

Java Threads: ( => current thread )
  0x00007fe810026690 JavaThread "main" [_thread_blocked, id=34, stack(0x00007fe817844000,0x00007fe817944000)]
  0x00007fe8100a64d0 JavaThread "Reference Handler" daemon [_thread_blocked, id=37, stack(0x00007fe81585b000,0x00007fe81595b000)]
  0x00007fe8100a7910 JavaThread "Finalizer" daemon [_thread_blocked, id=38, stack(0x00007fe814f00000,0x00007fe815000000)]
  0x00007fe8100ae050 JavaThread "Signal Dispatcher" daemon [_thread_blocked, id=39, stack(0x00007fe814b1a000,0x00007fe814c1a000)]
  0x00007fe8100af400 JavaThread "Service Thread" daemon [_thread_blocked, id=40, stack(0x00007fe814a1a000,0x00007fe814b1a000)]
  0x00007fe8100b07f0 JavaThread "Monitor Deflation Thread" daemon [_thread_blocked, id=41, stack(0x00007fe81491a000,0x00007fe814a1a000)]
=>0x00007fe8100b21e0 JavaThread "JVMCI-native CompilerThread0" daemon [_thread_in_vm, id=42, stack(0x00007fe81471a000,0x00007fe81491a000)]
  0x00007fe8100b36f0 JavaThread "C1 CompilerThread0" daemon [_thread_blocked, id=43, stack(0x00007fe81451a000,0x00007fe81471a000)]
  0x00007fe8100b4b40 JavaThread "Sweeper thread" daemon [_thread_blocked, id=44, stack(0x00007fe81441a000,0x00007fe81451a000)]
  0x00007fe8100d7bc0 JavaThread "Common-Cleaner" daemon [_thread_blocked, id=45, stack(0x00007fe81431a000,0x00007fe81441a000)]
  0x00007fe81011ff50 JavaThread "Notification Thread" daemon [_thread_blocked, id=50, stack(0x00007fe81421a000,0x00007fe81431a000)]
  0x00007fe810303b40 JavaThread "Active Thread: Equinox Container: 467ff627-2730-41ef-8fc1-618755b1e7ae" [_thread_blocked, id=73, stack(0x00007fe7f73b3000,0x00007fe7f74b3000)]
  0x00007fe810336810 JavaThread "Framework Event Dispatcher: Equinox Container: 467ff627-2730-41ef-8fc1-618755b1e7ae" daemon [_thread_blocked, id=74, stack(0x00007fe7f4f00000,0x00007fe7f5000000)]
  0x00007fe810339210 JavaThread "Start Level: Equinox Container: 467ff627-2730-41ef-8fc1-618755b1e7ae" daemon [_thread_blocked, id=75, stack(0x00007fe7f4d00000,0x00007fe7f4e00000)]
  0x00007fe8105fe530 JavaThread "Refresh Thread: Equinox Container: 467ff627-2730-41ef-8fc1-618755b1e7ae" daemon [_thread_blocked, id=76, stack(0x00007fe7f4b00000,0x00007fe7f4c00000)]
  0x00007fe7a8017120 JavaThread "SCR Component Actor" daemon [_thread_blocked, id=88, stack(0x00007fe7f4900000,0x00007fe7f4a00000)]
  0x00007fe7a82a9780 JavaThread "Worker-JM" [_thread_blocked, id=90, stack(0x00007fe7f4500000,0x00007fe7f4600000)]
  0x00007fe7a830d580 JavaThread "Worker-0: Periodic workspace save." [_thread_blocked, id=91, stack(0x00007fe7f4300000,0x00007fe7f4400000)]
  0x00007fe7980010d0 JavaThread "Worker-1: Compacting resource model" [_thread_blocked, id=96, stack(0x00007fe7f4100000,0x00007fe7f4200000)]
  0x00007fe7a8489550 JavaThread "Java indexing" daemon [_thread_blocked, id=103, stack(0x00007fe7bed00000,0x00007fe7bee00000)]
  0x00007fe7a8658830 JavaThread "Bundle File Closer" daemon [_thread_blocked, id=104, stack(0x00007fe7bec00000,0x00007fe7bed00000)]
  0x00007fe81042a420 JavaThread "pool-3-thread-1" [_thread_blocked, id=105, stack(0x00007fe7beb00000,0x00007fe7bec00000)]
  0x00007fe8103a8480 JavaThread "pool-2-thread-1" [_thread_blocked, id=117, stack(0x00007fe7be700000,0x00007fe7be800000)]
  0x00007fe778454b90 JavaThread "Okio Watchdog" daemon [_thread_blocked, id=197, stack(0x00007fe7be400000,0x00007fe7be500000)]
  0x00007fe7801893f0 JavaThread "Thread-8" [_thread_blocked, id=776, stack(0x00007fe7be300000,0x00007fe7be400000)]
  0x00007fe780188220 JavaThread "Worker-6" [_thread_blocked, id=2005, stack(0x00007fe7f4400000,0x00007fe7f4500000)]

Other Threads:
  0x00007fe8100a1c10 VMThread "VM Thread" [stack: 0x00007fe81595d000,0x00007fe815a5d000] [id=36] _threads_hazard_ptr=0x00007fe754000b70
  0x00007fe8101218f0 WatcherThread [stack: 0x00007fe81411a000,0x00007fe81421a000] [id=52]
  0x00007fe81003df30 GCTaskThread "GC Thread#0" [stack: 0x00007fe817407000,0x00007fe817507000] [id=35]

Threads with active compile tasks:
JVMCI-native CompilerThread0  1243412 8679       4       jdk.internal.misc.Unsafe::weakCompareAndSetLong (11 bytes)

VM state: synchronizing (normal execution)

VM Mutex/Monitor currently owned by a thread:  ([mutex/lock_event])
[0x00007fe810023840] Threads_lock - owner thread: 0x00007fe8100a1c10
[0x00007fe810023ff0] Heap_lock - owner thread: 0x00007fe7a8489550

OutOfMemory and StackOverflow Exception counts:
OutOfMemoryError java_heap_errors=1
LinkageErrors=69

Heap address: 0x00000000e0000000, size: 512 MB, Compressed Oops mode: 32-bit

CDS archive(s) mapped at: [0x0000000800000000-0x0000000800bc8000-0x0000000800bc8000), size 12353536, SharedBaseAddress: 0x0000000800000000, ArchiveRelocationMode: 0.
Compressed class space mapped at: 0x0000000800c00000-0x0000000840c00000, reserved size: 1073741824
Narrow klass base: 0x0000000800000000, Narrow klass shift: 0, Narrow klass range: 0x100000000

GC Precious Log:
 CPUs: 8 total, 1 available
 Memory: 1024M
 Large Page Support: Disabled
 NUMA Support: Disabled
 Compressed Oops: Enabled (32-bit)
 Alignments: Space 512K, Generation 512K, Heap 2M
 Heap Min Capacity: 100M
 Heap Initial Capacity: 100M
 Heap Max Capacity: 512M
 Pre-touch: Disabled
 Parallel Workers: 1

Heap:
 PSYoungGen      total 72192K, used 46059K [0x00000000f5580000, 0x00000000fba00000, 0x0000000100000000)
  eden space 43520K, 99% used [0x00000000f5580000,0x00000000f7fffff0,0x00000000f8000000)
  from space 28672K, 8% used [0x00000000f9c00000,0x00000000f9e7ac98,0x00000000fb800000)
  to   space 28672K, 0% used [0x00000000f8000000,0x00000000f8000000,0x00000000f9c00000)
 ParOldGen       total 349696K, used 349694K [0x00000000e0000000, 0x00000000f5580000, 0x00000000f5580000)
  object space 349696K, 99% used [0x00000000e0000000,0x00000000f557fb08,0x00000000f5580000)
 Metaspace       used 59576K, committed 60800K, reserved 1105920K
  class space    used 5935K, committed 6464K, reserved 1048576K

Card table byte_map: [0x00007fe817507000,0x00007fe817608000] _byte_map_base: 0x00007fe816e07000

Marking Bits: (ParMarkBitMap*) 0x00007fe818c574c0
 Begin Bits: [0x00007fe81635a000, 0x00007fe816b5a000)
 End Bits:   [0x00007fe816b5a000, 0x00007fe81735a000)

Polling page: 0x00007fe817821000

Metaspace:

Usage:
  Non-class:     52.38 MB used.
      Class:      5.80 MB used.
       Both:     58.18 MB used.

Virtual space:
  Non-class space:       56.00 MB reserved,      53.06 MB ( 95%) committed,  7 nodes.
      Class space:        1.00 GB reserved,       6.31 MB ( <1%) committed,  1 nodes.
             Both:        1.05 GB reserved,      59.38 MB (  5%) committed. 

Chunk freelists:
   Non-Class:  2.50 MB
       Class:  1.80 MB
        Both:  4.31 MB

MaxMetaspaceSize: unlimited
CompressedClassSpaceSize: 1.00 GB
Initial GC threshold: 21.00 MB
Current GC threshold: 98.88 MB
CDS: on
MetaspaceReclaimPolicy: balanced
 - commit_granule_bytes: 65536.
 - commit_granule_words: 8192.
 - virtual_space_node_default_size: 1048576.
 - enlarge_chunks_in_place: 1.
 - new_chunks_are_fully_committed: 0.
 - uncommit_free_chunks: 1.
 - use_allocation_guard: 0.
 - handle_deallocations: 1.


Internal statistics:

num_allocs_failed_limit: 6.
num_arena_births: 510.
num_arena_deaths: 154.
num_vsnodes_births: 8.
num_vsnodes_deaths: 0.
num_space_committed: 949.
num_space_uncommitted: 0.
num_chunks_returned_to_freelist: 216.
num_chunks_taken_from_freelist: 2812.
num_chunk_merges: 89.
num_chunk_splits: 1861.
num_chunks_enlarged: 1176.
num_purges: 4.
num_inconsistent_stats: 0.

CodeHeap 'non-profiled nmethods': size=120036Kb used=2398Kb max_used=2452Kb free=117637Kb
 bounds [0x00007fe7fef7a000, 0x00007fe7ff1ea000, 0x00007fe8064b3000]
CodeHeap 'profiled nmethods': size=120032Kb used=13730Kb max_used=16089Kb free=106301Kb
 bounds [0x00007fe7f7a42000, 0x00007fe7f8a02000, 0x00007fe7fef7a000]
CodeHeap 'non-nmethods': size=5692Kb used=1401Kb max_used=1410Kb free=4290Kb
 bounds [0x00007fe7f74b3000, 0x00007fe7f7723000, 0x00007fe7f7a42000]
 total_blobs=7406 nmethods=6666 adapters=630
 compilation: enabled
              stopped_count=0, restarted_count=0
 full_count=0

JVMCI Events (20 events):
Event: 1029.022 Thread 0x00007fe8100b21e0 destroyed JavaVM[11]@0x00007fe7bd79e340 for JVMCI runtime 0
Event: 1029.022 Thread 0x00007fe8100b21e0 compacted oop handles in JVMCI runtime 0 from 46 to 46
Event: 1029.022 Thread 0x00007fe8100b21e0 releasing handles for JVMCI runtime 0: oop handles=46, metadata handles={total=90, live=79, blocks=34}
Event: 1029.022 Thread 0x00007fe8100b21e0 detached from JVMCI runtime 0
Event: 1121.854 Thread 0x00007fe8100b21e0 attached to JVMCI runtime 0
Event: 1121.865 Thread 0x00007fe8100b21e0 created JavaVM[12]@0x00007fe7bd79e340 for JVMCI runtime 0
Event: 1121.865 Thread 0x00007fe8100b21e0 initializing JVMCI runtime 0
Event: 1121.865 Thread 0x00007fe8100b21e0 done waiting for JavaVM references initialization in JVMCI runtime 0
Event: 1142.213 Thread 0x00007fe8100b21e0 initialized JVMCI runtime 0
Event: 1153.809 Thread 0x00007fe8100b21e0 detaching from JVMCI runtime 0: releasing idle compiler thread (0 other threads still attached)
Event: 1153.809 Thread 0x00007fe8100b21e0 shutting down HotSpotJVMCIRuntime for JVMCI runtime 0
Event: 1153.809 Thread 0x00007fe8100b21e0 shut down JVMCI runtime 0
Event: 1153.810 Thread 0x00007fe8100b21e0 destroyed JavaVM[12]@0x00007fe7bd79e340 for JVMCI runtime 0
Event: 1153.810 Thread 0x00007fe8100b21e0 compacted oop handles in JVMCI runtime 0 from 42 to 42
Event: 1153.810 Thread 0x00007fe8100b21e0 releasing handles for JVMCI runtime 0: oop handles=42, metadata handles={total=86, live=75, blocks=34}
Event: 1153.810 Thread 0x00007fe8100b21e0 detached from JVMCI runtime 0
Event: 1217.741 Thread 0x00007fe8100b21e0 attached to JVMCI runtime 0
Event: 1217.743 Thread 0x00007fe8100b21e0 created JavaVM[13]@0x00007fe7bd79e340 for JVMCI runtime 0
Event: 1219.008 Thread 0x00007fe8100b21e0 initializing JVMCI runtime 0
Event: 1219.008 Thread 0x00007fe8100b21e0 done waiting for JavaVM references initialization in JVMCI runtime 0

Compilation events (20 events):
Event: 1069.383 Thread 0x00007fe8100b36f0 nmethod 8669 0x00007fe7f8088210 code [0x00007fe7f80883e0, 0x00007fe7f80887f0]
Event: 1072.799 Thread 0x00007fe8100b36f0 8670       3       java.lang.Throwable::<init> (34 bytes)
Event: 1074.116 Thread 0x00007fe8100b36f0 nmethod 8670 0x00007fe7f7d9e390 code [0x00007fe7f7d9e540, 0x00007fe7f7d9e940]
Event: 1078.129 Thread 0x00007fe8100b36f0 8671   !   3       org.eclipse.core.internal.jobs.LockManager::aboutToWait (25 bytes)
Event: 1078.129 Thread 0x00007fe8100b36f0 nmethod 8671 0x00007fe7f7b85b10 code [0x00007fe7f7b85ce0, 0x00007fe7f7b85ef0]
Event: 1093.294 Thread 0x00007fe8100b36f0 8672   !   3       java.util.Collections$SynchronizedCollection::size (24 bytes)
Event: 1093.294 Thread 0x00007fe8100b36f0 nmethod 8672 0x00007fe7f7d48790 code [0x00007fe7f7d48940, 0x00007fe7f7d48d40]
Event: 1102.716 Thread 0x00007fe8100b36f0 8673   !   3       java.util.Collections$SynchronizedCollection::isEmpty (24 bytes)
Event: 1104.209 Thread 0x00007fe8100b36f0 nmethod 8673 0x00007fe7f7d65490 code [0x00007fe7f7d65640, 0x00007fe7f7d65a40]
Event: 1116.289 Thread 0x00007fe8100b36f0 8674       3       java.lang.ClassValue$Entry::version (8 bytes)
Event: 1116.289 Thread 0x00007fe8100b36f0 nmethod 8674 0x00007fe7f7bfb510 code [0x00007fe7f7bfb6c0, 0x00007fe7f7bfbc10]
Event: 1121.854 Thread 0x00007fe8100b21e0 8675       4       jdk.internal.reflect.ClassFileAssembler::cpi (22 bytes)
Event: 1150.003 Thread 0x00007fe8100b36f0 8676       3       java.util.concurrent.ScheduledThreadPoolExecutor$DelayedWorkQueue::setIndex (16 bytes)
Event: 1150.004 Thread 0x00007fe8100b36f0 nmethod 8676 0x00007fe7f8225010 code [0x00007fe7f82251c0, 0x00007fe7f8225790]
Event: 1152.523 Thread 0x00007fe8100b21e0 nmethod 8675 0x00007fe7ff0efb90 code [0x00007fe7ff0efd00, 0x00007fe7ff0efd78]
Event: 1165.136 Thread 0x00007fe8100b36f0 8677       1       java.util.concurrent.ThreadPoolExecutor::getQueue (5 bytes)
Event: 1165.136 Thread 0x00007fe8100b36f0 nmethod 8677 0x00007fe7ff0ef890 code [0x00007fe7ff0efa20, 0x00007fe7ff0efaf0]
Event: 1203.193 Thread 0x00007fe8100b36f0 8678       3       java.util.concurrent.locks.AbstractQueuedSynchronizer$ConditionObject::canReacquire (28 bytes)
Event: 1203.194 Thread 0x00007fe8100b36f0 nmethod 8678 0x00007fe7f7f43010 code [0x00007fe7f7f431c0, 0x00007fe7f7f43510]
Event: 1217.741 Thread 0x00007fe8100b21e0 8679       4       jdk.internal.misc.Unsafe::weakCompareAndSetLong (11 bytes)

GC Heap History (20 events):
Event: 1230.427 GC heap before
{Heap before GC invocations=989 (full 862):
 PSYoungGen      total 72192K, used 46059K [0x00000000f5580000, 0x00000000fba00000, 0x0000000100000000)
  eden space 43520K, 100% used [0x00000000f5580000,0x00000000f8000000,0x00000000f8000000)
  from space 28672K, 8% used [0x00000000f9c00000,0x00000000f9e7ac98,0x00000000fb800000)
  to   space 28672K, 0% used [0x00000000f8000000,0x00000000f8000000,0x00000000f9c00000)
 ParOldGen       total 349696K, used 349685K [0x00000000e0000000, 0x00000000f5580000, 0x00000000f5580000)
  object space 349696K, 99% used [0x00000000e0000000,0x00000000f557d698,0x00000000f5580000)
 Metaspace       used 59576K, committed 60800K, reserved 1105920K
  class space    used 5935K, committed 6464K, reserved 1048576K
}
Event: 1231.690 GC heap after
{Heap after GC invocations=989 (full 862):
 PSYoungGen      total 72192K, used 46059K [0x00000000f5580000, 0x00000000fba00000, 0x0000000100000000)
  eden space 43520K, 99% used [0x00000000f5580000,0x00000000f7ffffe8,0x00000000f8000000)
  from space 28672K, 8% used [0x00000000f9c00000,0x00000000f9e7ac98,0x00000000fb800000)
  to   space 28672K, 0% used [0x00000000f8000000,0x00000000f8000000,0x00000000f9c00000)
 ParOldGen       total 349696K, used 349685K [0x00000000e0000000, 0x00000000f5580000, 0x00000000f5580000)
  object space 349696K, 99% used [0x00000000e0000000,0x00000000f557d698,0x00000000f5580000)
 Metaspace       used 59576K, committed 60800K, reserved 1105920K
  class space    used 5935K, committed 6464K, reserved 1048576K
}
Event: 1231.691 GC heap before
{Heap before GC invocations=990 (full 863):
 PSYoungGen      total 72192K, used 46059K [0x00000000f5580000, 0x00000000fba00000, 0x0000000100000000)
  eden space 43520K, 100% used [0x00000000f5580000,0x00000000f8000000,0x00000000f8000000)
  from space 28672K, 8% used [0x00000000f9c00000,0x00000000f9e7ac98,0x00000000fb800000)
  to   space 28672K, 0% used [0x00000000f8000000,0x00000000f8000000,0x00000000f9c00000)
 ParOldGen       total 349696K, used 349687K [0x00000000e0000000, 0x00000000f5580000, 0x00000000f5580000)
  object space 349696K, 99% used [0x00000000e0000000,0x00000000f557dea0,0x00000000f5580000)
 Metaspace       used 59576K, committed 60800K, reserved 1105920K
  class space    used 5935K, committed 6464K, reserved 1048576K
}
Event: 1233.102 GC heap after
{Heap after GC invocations=990 (full 863):
 PSYoungGen      total 72192K, used 46058K [0x00000000f5580000, 0x00000000fba00000, 0x0000000100000000)
  eden space 43520K, 99% used [0x00000000f5580000,0x00000000f7fffe18,0x00000000f8000000)
  from space 28672K, 8% used [0x00000000f9c00000,0x00000000f9e7ac98,0x00000000fb800000)
  to   space 28672K, 0% used [0x00000000f8000000,0x00000000f8000000,0x00000000f9c00000)
 ParOldGen       total 349696K, used 349687K [0x00000000e0000000, 0x00000000f5580000, 0x00000000f5580000)
  object space 349696K, 99% used [0x00000000e0000000,0x00000000f557de88,0x00000000f5580000)
 Metaspace       used 59576K, committed 60800K, reserved 1105920K
  class space    used 5935K, committed 6464K, reserved 1048576K
}
Event: 1233.103 GC heap before
{Heap before GC invocations=991 (full 864):
 PSYoungGen      total 72192K, used 46059K [0x00000000f5580000, 0x00000000fba00000, 0x0000000100000000)
  eden space 43520K, 99% used [0x00000000f5580000,0x00000000f7fffff8,0x00000000f8000000)
  from space 28672K, 8% used [0x00000000f9c00000,0x00000000f9e7ac98,0x00000000fb800000)
  to   space 28672K, 0% used [0x00000000f8000000,0x00000000f8000000,0x00000000f9c00000)
 ParOldGen       total 349696K, used 349687K [0x00000000e0000000, 0x00000000f5580000, 0x00000000f5580000)
  object space 349696K, 99% used [0x00000000e0000000,0x00000000f557de88,0x00000000f5580000)
 Metaspace       used 59576K, committed 60800K, reserved 1105920K
  class space    used 5935K, committed 6464K, reserved 1048576K
}
Event: 1234.387 GC heap after
{Heap after GC invocations=991 (full 864):
 PSYoungGen      total 72192K, used 46059K [0x00000000f5580000, 0x00000000fba00000, 0x0000000100000000)
  eden space 43520K, 99% used [0x00000000f5580000,0x00000000f7ffffc8,0x00000000f8000000)
  from space 28672K, 8% used [0x00000000f9c00000,0x00000000f9e7ac98,0x00000000fb800000)
  to   space 28672K, 0% used [0x00000000f8000000,0x00000000f8000000,0x00000000f9c00000)
 ParOldGen       total 349696K, used 349687K [0x00000000e0000000, 0x00000000f5580000, 0x00000000f5580000)
  object space 349696K, 99% used [0x00000000e0000000,0x00000000f557de88,0x00000000f5580000)
 Metaspace       used 59576K, committed 60800K, reserved 1105920K
  class space    used 5935K, committed 6464K, reserved 1048576K
}
Event: 1234.387 GC heap before
{Heap before GC invocations=992 (full 865):
 PSYoungGen      total 72192K, used 46059K [0x00000000f5580000, 0x00000000fba00000, 0x0000000100000000)
  eden space 43520K, 100% used [0x00000000f5580000,0x00000000f8000000,0x00000000f8000000)
  from space 28672K, 8% used [0x00000000f9c00000,0x00000000f9e7ac98,0x00000000fb800000)
  to   space 28672K, 0% used [0x00000000f8000000,0x00000000f8000000,0x00000000f9c00000)
 ParOldGen       total 349696K, used 349687K [0x00000000e0000000, 0x00000000f5580000, 0x00000000f5580000)
  object space 349696K, 99% used [0x00000000e0000000,0x00000000f557de88,0x00000000f5580000)
 Metaspace       used 59576K, committed 60800K, reserved 1105920K
  class space    used 5935K, committed 6464K, reserved 1048576K
}
Event: 1235.707 GC heap after
{Heap after GC invocations=992 (full 865):
 PSYoungGen      total 72192K, used 46059K [0x00000000f5580000, 0x00000000fba00000, 0x0000000100000000)
  eden space 43520K, 100% used [0x00000000f5580000,0x00000000f8000000,0x00000000f8000000)
  from space 28672K, 8% used [0x00000000f9c00000,0x00000000f9e7ac98,0x00000000fb800000)
  to   space 28672K, 0% used [0x00000000f8000000,0x00000000f8000000,0x00000000f9c00000)
 ParOldGen       total 349696K, used 349687K [0x00000000e0000000, 0x00000000f5580000, 0x00000000f5580000)
  object space 349696K, 99% used [0x00000000e0000000,0x00000000f557de68,0x00000000f5580000)
 Metaspace       used 59576K, committed 60800K, reserved 1105920K
  class space    used 5935K, committed 6464K, reserved 1048576K
}
Event: 1235.708 GC heap before
{Heap before GC invocations=993 (full 866):
 PSYoungGen      total 72192K, used 46059K [0x00000000f5580000, 0x00000000fba00000, 0x0000000100000000)
  eden space 43520K, 100% used [0x00000000f5580000,0x00000000f8000000,0x00000000f8000000)
  from space 28672K, 8% used [0x00000000f9c00000,0x00000000f9e7ac98,0x00000000fb800000)
  to   space 28672K, 0% used [0x00000000f8000000,0x00000000f8000000,0x00000000f9c00000)
 ParOldGen       total 349696K, used 349689K [0x00000000e0000000, 0x00000000f5580000, 0x00000000f5580000)
  object space 349696K, 99% used [0x00000000e0000000,0x00000000f557e650,0x00000000f5580000)
 Metaspace       used 59576K, committed 60800K, reserved 1105920K
  class space    used 5935K, committed 6464K, reserved 1048576K
}
Event: 1237.017 GC heap after
{Heap after GC invocations=993 (full 866):
 PSYoungGen      total 72192K, used 46058K [0x00000000f5580000, 0x00000000fba00000, 0x0000000100000000)
  eden space 43520K, 99% used [0x00000000f5580000,0x00000000f7fffe18,0x00000000f8000000)
  from space 28672K, 8% used [0x00000000f9c00000,0x00000000f9e7ac98,0x00000000fb800000)
  to   space 28672K, 0% used [0x00000000f8000000,0x00000000f8000000,0x00000000f9c00000)
 ParOldGen       total 349696K, used 349689K [0x00000000e0000000, 0x00000000f5580000, 0x00000000f5580000)
  object space 349696K, 99% used [0x00000000e0000000,0x00000000f557e650,0x00000000f5580000)
 Metaspace       used 59576K, committed 60800K, reserved 1105920K
  class space    used 5935K, committed 6464K, reserved 1048576K
}
Event: 1237.018 GC heap before
{Heap before GC invocations=994 (full 867):
 PSYoungGen      total 72192K, used 46059K [0x00000000f5580000, 0x00000000fba00000, 0x0000000100000000)
  eden space 43520K, 99% used [0x00000000f5580000,0x00000000f7fffff8,0x00000000f8000000)
  from space 28672K, 8% used [0x00000000f9c00000,0x00000000f9e7ac98,0x00000000fb800000)
  to   space 28672K, 0% used [0x00000000f8000000,0x00000000f8000000,0x00000000f9c00000)
 ParOldGen       total 349696K, used 349689K [0x00000000e0000000, 0x00000000f5580000, 0x00000000f5580000)
  object space 349696K, 99% used [0x00000000e0000000,0x00000000f557e650,0x00000000f5580000)
 Metaspace       used 59576K, committed 60800K, reserved 1105920K
  class space    used 5935K, committed 6464K, reserved 1048576K
}
Event: 1238.288 GC heap after
{Heap after GC invocations=994 (full 867):
 PSYoungGen      total 72192K, used 46059K [0x00000000f5580000, 0x00000000fba00000, 0x0000000100000000)
  eden space 43520K, 99% used [0x00000000f5580000,0x00000000f7ffffe0,0x00000000f8000000)
  from space 28672K, 8% used [0x00000000f9c00000,0x00000000f9e7ac98,0x00000000fb800000)
  to   space 28672K, 0% used [0x00000000f8000000,0x00000000f8000000,0x00000000f9c00000)
 ParOldGen       total 349696K, used 349689K [0x00000000e0000000, 0x00000000f5580000, 0x00000000f5580000)
  object space 349696K, 99% used [0x00000000e0000000,0x00000000f557e650,0x00000000f5580000)
 Metaspace       used 59576K, committed 60800K, reserved 1105920K
  class space    used 5935K, committed 6464K, reserved 1048576K
}
Event: 1238.288 GC heap before
{Heap before GC invocations=995 (full 868):
 PSYoungGen      total 72192K, used 46059K [0x00000000f5580000, 0x00000000fba00000, 0x0000000100000000)
  eden space 43520K, 100% used [0x00000000f5580000,0x00000000f8000000,0x00000000f8000000)
  from space 28672K, 8% used [0x00000000f9c00000,0x00000000f9e7ac98,0x00000000fb800000)
  to   space 28672K, 0% used [0x00000000f8000000,0x00000000f8000000,0x00000000f9c00000)
 ParOldGen       total 349696K, used 349692K [0x00000000e0000000, 0x00000000f5580000, 0x00000000f5580000)
  object space 349696K, 99% used [0x00000000e0000000,0x00000000f557f0b8,0x00000000f5580000)
 Metaspace       used 59576K, committed 60800K, reserved 1105920K
  class space    used 5935K, committed 6464K, reserved 1048576K
}
Event: 1239.513 GC heap after
{Heap after GC invocations=995 (full 868):
 PSYoungGen      total 72192K, used 46059K [0x00000000f5580000, 0x00000000fba00000, 0x0000000100000000)
  eden space 43520K, 100% used [0x00000000f5580000,0x00000000f8000000,0x00000000f8000000)
  from space 28672K, 8% used [0x00000000f9c00000,0x00000000f9e7ac98,0x00000000fb800000)
  to   space 28672K, 0% used [0x00000000f8000000,0x00000000f8000000,0x00000000f9c00000)
 ParOldGen       total 349696K, used 349692K [0x00000000e0000000, 0x00000000f5580000, 0x00000000f5580000)
  object space 349696K, 99% used [0x00000000e0000000,0x00000000f557f098,0x00000000f5580000)
 Metaspace       used 59576K, committed 60800K, reserved 1105920K
  class space    used 5935K, committed 6464K, reserved 1048576K
}
Event: 1239.513 GC heap before
{Heap before GC invocations=996 (full 869):
 PSYoungGen      total 72192K, used 46059K [0x00000000f5580000, 0x00000000fba00000, 0x0000000100000000)
  eden space 43520K, 100% used [0x00000000f5580000,0x00000000f8000000,0x00000000f8000000)
  from space 28672K, 8% used [0x00000000f9c00000,0x00000000f9e7ac98,0x00000000fb800000)
  to   space 28672K, 0% used [0x00000000f8000000,0x00000000f8000000,0x00000000f9c00000)
 ParOldGen       total 349696K, used 349693K [0x00000000e0000000, 0x00000000f5580000, 0x00000000f5580000)
  object space 349696K, 99% used [0x00000000e0000000,0x00000000f557f738,0x00000000f5580000)
 Metaspace       used 59576K, committed 60800K, reserved 1105920K
  class space    used 5935K, committed 6464K, reserved 1048576K
}
Event: 1240.809 GC heap after
{Heap after GC invocations=996 (full 869):
 PSYoungGen      total 72192K, used 46059K [0x00000000f5580000, 0x00000000fba00000, 0x0000000100000000)
  eden space 43520K, 100% used [0x00000000f5580000,0x00000000f8000000,0x00000000f8000000)
  from space 28672K, 8% used [0x00000000f9c00000,0x00000000f9e7ac98,0x00000000fb800000)
  to   space 28672K, 0% used [0x00000000f8000000,0x00000000f8000000,0x00000000f9c00000)
 ParOldGen       total 349696K, used 349693K [0x00000000e0000000, 0x00000000f5580000, 0x00000000f5580000)
  object space 349696K, 99% used [0x00000000e0000000,0x00000000f557f508,0x00000000f5580000)
 Metaspace       used 59576K, committed 60800K, reserved 1105920K
  class space    used 5935K, committed 6464K, reserved 1048576K
}
Event: 1240.809 GC heap before
{Heap before GC invocations=997 (full 870):
 PSYoungGen      total 72192K, used 46059K [0x00000000f5580000, 0x00000000fba00000, 0x0000000100000000)
  eden space 43520K, 100% used [0x00000000f5580000,0x00000000f8000000,0x00000000f8000000)
  from space 28672K, 8% used [0x00000000f9c00000,0x00000000f9e7ac98,0x00000000fb800000)
  to   space 28672K, 0% used [0x00000000f8000000,0x00000000f8000000,0x00000000f9c00000)
 ParOldGen       total 349696K, used 349694K [0x00000000e0000000, 0x00000000f5580000, 0x00000000f5580000)
  object space 349696K, 99% used [0x00000000e0000000,0x00000000f557f848,0x00000000f5580000)
 Metaspace       used 59576K, committed 60800K, reserved 1105920K
  class space    used 5935K, committed 6464K, reserved 1048576K
}
Event: 1242.221 GC heap after
{Heap after GC invocations=997 (full 870):
 PSYoungGen      total 72192K, used 46059K [0x00000000f5580000, 0x00000000fba00000, 0x0000000100000000)
  eden space 43520K, 99% used [0x00000000f5580000,0x00000000f7ffffb8,0x00000000f8000000)
  from space 28672K, 8% used [0x00000000f9c00000,0x00000000f9e7ac98,0x00000000fb800000)
  to   space 28672K, 0% used [0x00000000f8000000,0x00000000f8000000,0x00000000f9c00000)
 ParOldGen       total 349696K, used 349693K [0x00000000e0000000, 0x00000000f5580000, 0x00000000f5580000)
  object space 349696K, 99% used [0x00000000e0000000,0x00000000f557f6f8,0x00000000f5580000)
 Metaspace       used 59576K, committed 60800K, reserved 1105920K
  class space    used 5935K, committed 6464K, reserved 1048576K
}
Event: 1242.221 GC heap before
{Heap before GC invocations=998 (full 871):
 PSYoungGen      total 72192K, used 46059K [0x00000000f5580000, 0x00000000fba00000, 0x0000000100000000)
  eden space 43520K, 99% used [0x00000000f5580000,0x00000000f7ffffb8,0x00000000f8000000)
  from space 28672K, 8% used [0x00000000f9c00000,0x00000000f9e7ac98,0x00000000fb800000)
  to   space 28672K, 0% used [0x00000000f8000000,0x00000000f8000000,0x00000000f9c00000)
 ParOldGen       total 349696K, used 349693K [0x00000000e0000000, 0x00000000f5580000, 0x00000000f5580000)
  object space 349696K, 99% used [0x00000000e0000000,0x00000000f557f6f8,0x00000000f5580000)
 Metaspace       used 59576K, committed 60800K, reserved 1105920K
  class space    used 5935K, committed 6464K, reserved 1048576K
}
Event: 1243.327 GC heap after
{Heap after GC invocations=998 (full 871):
 PSYoungGen      total 72192K, used 46059K [0x00000000f5580000, 0x00000000fba00000, 0x0000000100000000)
  eden space 43520K, 99% used [0x00000000f5580000,0x00000000f7ffffb8,0x00000000f8000000)
  from space 28672K, 8% used [0x00000000f9c00000,0x00000000f9e7ac98,0x00000000fb800000)
  to   space 28672K, 0% used [0x00000000f8000000,0x00000000f8000000,0x00000000f9c00000)
 ParOldGen       total 349696K, used 349693K [0x00000000e0000000, 0x00000000f5580000, 0x00000000f5580000)
  object space 349696K, 99% used [0x00000000e0000000,0x00000000f557f6f8,0x00000000f5580000)
 Metaspace       used 59576K, committed 60800K, reserved 1105920K
  class space    used 5935K, committed 6464K, reserved 1048576K
}

Dll operation events (9 events):
Event: 0.002 Loaded shared library /nix/store/gpxl5qgg8kicmcvivwmybwjlpf7wh20l-graalvm17-ce-22.3.0/lib/libjava.so
Event: 0.012 Loaded shared library /nix/store/gpxl5qgg8kicmcvivwmybwjlpf7wh20l-graalvm17-ce-22.3.0/lib/libjsvml.so
Event: 0.293 Loaded shared library /nix/store/gpxl5qgg8kicmcvivwmybwjlpf7wh20l-graalvm17-ce-22.3.0/lib/libnio.so
Event: 0.295 Loaded shared library /nix/store/gpxl5qgg8kicmcvivwmybwjlpf7wh20l-graalvm17-ce-22.3.0/lib/libjvmcicompiler.so
Event: 0.312 Loaded shared library /nix/store/gpxl5qgg8kicmcvivwmybwjlpf7wh20l-graalvm17-ce-22.3.0/lib/libzip.so
Event: 0.685 Loaded shared library /nix/store/gpxl5qgg8kicmcvivwmybwjlpf7wh20l-graalvm17-ce-22.3.0/lib/libjimage.so
Event: 1.200 Loaded shared library /nix/store/gpxl5qgg8kicmcvivwmybwjlpf7wh20l-graalvm17-ce-22.3.0/lib/libnet.so
Event: 4.497 Loaded shared library /home/runner/.cache/jdt-language-server/config/org.eclipse.equinox.launcher/org.eclipse.equinox.launcher.gtk.linux.x86_64_1.2.400.v20211117-0650/eclipse_11600.so
Event: 12.483 Loaded shared library /nix/store/gpxl5qgg8kicmcvivwmybwjlpf7wh20l-graalvm17-ce-22.3.0/lib/libextnet.so

Deoptimization events (20 events):
Event: 59.092 Thread 0x00007fe7a8489550 DEOPT PACKING pc=0x00007fe7f84f93dd sp=0x00007fe7bedfe530
Event: 59.092 Thread 0x00007fe7a8489550 DEOPT UNPACKING pc=0x00007fe7f7505325 sp=0x00007fe7bedfda20 mode 0
Event: 59.099 Thread 0x00007fe7a8489550 DEOPT PACKING pc=0x00007fe7f84f93dd sp=0x00007fe7bedfe530
Event: 59.099 Thread 0x00007fe7a8489550 DEOPT UNPACKING pc=0x00007fe7f7505325 sp=0x00007fe7bedfda20 mode 0
Event: 59.103 Thread 0x00007fe7a8489550 DEOPT PACKING pc=0x00007fe7f84f93dd sp=0x00007fe7bedfe530
Event: 59.103 Thread 0x00007fe7a8489550 DEOPT UNPACKING pc=0x00007fe7f7505325 sp=0x00007fe7bedfda20 mode 0
Event: 59.104 Thread 0x00007fe7a8489550 DEOPT PACKING pc=0x00007fe7f84f93dd sp=0x00007fe7bedfe530
Event: 59.104 Thread 0x00007fe7a8489550 DEOPT UNPACKING pc=0x00007fe7f7505325 sp=0x00007fe7bedfda20 mode 0
Event: 59.105 Thread 0x00007fe7a8489550 DEOPT PACKING pc=0x00007fe7f84f93dd sp=0x00007fe7bedfe530
Event: 59.105 Thread 0x00007fe7a8489550 DEOPT UNPACKING pc=0x00007fe7f7505325 sp=0x00007fe7bedfda20 mode 0
Event: 59.108 Thread 0x00007fe7a8489550 DEOPT PACKING pc=0x00007fe7f84f93dd sp=0x00007fe7bedfe530
Event: 59.108 Thread 0x00007fe7a8489550 DEOPT UNPACKING pc=0x00007fe7f7505325 sp=0x00007fe7bedfda20 mode 0
Event: 59.110 Thread 0x00007fe7a8489550 DEOPT PACKING pc=0x00007fe7f84f93dd sp=0x00007fe7bedfe530
Event: 59.110 Thread 0x00007fe7a8489550 DEOPT UNPACKING pc=0x00007fe7f7505325 sp=0x00007fe7bedfda20 mode 0
Event: 59.207 Thread 0x00007fe7a8489550 DEOPT PACKING pc=0x00007fe7f84f93dd sp=0x00007fe7bedfe530
Event: 59.207 Thread 0x00007fe7a8489550 DEOPT UNPACKING pc=0x00007fe7f7505325 sp=0x00007fe7bedfda20 mode 0
Event: 59.209 Thread 0x00007fe7a8489550 DEOPT PACKING pc=0x00007fe7f84f93dd sp=0x00007fe7bedfe530
Event: 59.209 Thread 0x00007fe7a8489550 DEOPT UNPACKING pc=0x00007fe7f7505325 sp=0x00007fe7bedfda20 mode 0
Event: 608.330 Thread 0x00007fe8103a8480 DEOPT PACKING pc=0x00007fe7f829c7d8 sp=0x00007fe7be7fcf10
Event: 608.330 Thread 0x00007fe8103a8480 DEOPT UNPACKING pc=0x00007fe7f7505325 sp=0x00007fe7be7fc428 mode 0

Classes unloaded (20 events):
Event: 69.301 Thread 0x00007fe8100a1c10 Unloading class 0x0000000800ee4000 'jdk/internal/reflect/GeneratedConstructorAccessor8'
Event: 69.301 Thread 0x00007fe8100a1c10 Unloading class 0x0000000800d99000 'java/lang/invoke/LambdaForm$MH+0x0000000800d99000'
Event: 69.301 Thread 0x00007fe8100a1c10 Unloading class 0x0000000800d98c00 'java/lang/invoke/LambdaForm$MH+0x0000000800d98c00'
Event: 69.301 Thread 0x00007fe8100a1c10 Unloading class 0x0000000800d98800 'java/lang/invoke/LambdaForm$MH+0x0000000800d98800'
Event: 69.301 Thread 0x00007fe8100a1c10 Unloading class 0x0000000800d98400 'java/lang/invoke/LambdaForm$MH+0x0000000800d98400'
Event: 69.301 Thread 0x00007fe8100a1c10 Unloading class 0x0000000800d98000 'jdk/internal/reflect/GeneratedConstructorAccessor3'
Event: 69.301 Thread 0x00007fe8100a1c10 Unloading class 0x0000000800d06800 'java/lang/invoke/LambdaForm$MH+0x0000000800d06800'
Event: 69.301 Thread 0x00007fe8100a1c10 Unloading class 0x0000000800d06000 'java/lang/invoke/LambdaForm$MH+0x0000000800d06000'
Event: 69.301 Thread 0x00007fe8100a1c10 Unloading class 0x0000000800d05c00 'java/lang/invoke/LambdaForm$MH+0x0000000800d05c00'
Event: 69.301 Thread 0x00007fe8100a1c10 Unloading class 0x0000000800d05800 'java/lang/invoke/LambdaForm$MH+0x0000000800d05800'
Event: 69.301 Thread 0x00007fe8100a1c10 Unloading class 0x0000000800d05000 'java/lang/invoke/LambdaForm$MH+0x0000000800d05000'
Event: 69.301 Thread 0x00007fe8100a1c10 Unloading class 0x0000000800d04c00 'java/lang/invoke/LambdaForm$MH+0x0000000800d04c00'
Event: 69.301 Thread 0x00007fe8100a1c10 Unloading class 0x0000000800d04800 'java/lang/invoke/LambdaForm$MH+0x0000000800d04800'
Event: 69.301 Thread 0x00007fe8100a1c10 Unloading class 0x0000000800d04000 'java/lang/invoke/LambdaForm$MH+0x0000000800d04000'
Event: 69.301 Thread 0x00007fe8100a1c10 Unloading class 0x0000000800c1d000 'jdk/internal/reflect/GeneratedMethodAccessor5'
Event: 69.301 Thread 0x00007fe8100a1c10 Unloading class 0x0000000800c1cc00 'jdk/internal/reflect/GeneratedMethodAccessor4'
Event: 69.301 Thread 0x00007fe8100a1c10 Unloading class 0x0000000800c1c800 'jdk/internal/reflect/GeneratedMethodAccessor3'
Event: 69.301 Thread 0x00007fe8100a1c10 Unloading class 0x0000000800c1c400 'jdk/internal/reflect/GeneratedMethodAccessor2'
Event: 69.301 Thread 0x00007fe8100a1c10 Unloading class 0x0000000800c1c000 'jdk/internal/reflect/GeneratedMethodAccessor1'
Event: 69.301 Thread 0x00007fe8100a1c10 Unloading class 0x0000000800c01c00 'java/lang/invoke/LambdaForm$DMH+0x0000000800c01c00'

Classes redefined (0 events):
No events

Internal exceptions (20 events):
Event: 44.911 Thread 0x00007fe780188220 Exception <a 'java/lang/ArrayIndexOutOfBoundsException'{0x00000000f6051758}: Index 43 out of bounds for length 43> (0x00000000f6051758) 
thrown [src/hotspot/share/interpreter/interpreterRuntime.cpp, line 428]
Event: 45.100 Thread 0x00007fe7801893f0 Exception <a 'java/lang/ArrayIndexOutOfBoundsException'{0x00000000f5a24e40}: Index 43 out of bounds for length 43> (0x00000000f5a24e40) 
thrown [src/hotspot/share/interpreter/interpreterRuntime.cpp, line 428]
Event: 45.131 Thread 0x00007fe780188220 Exception <a 'java/lang/NoSuchMethodError'{0x00000000f5cb0df0}: 'java.lang.Object java.lang.invoke.DirectMethodHandle$Holder.invokeStatic(java.lang.Object, int, java.lang.Object, java.lang.Object, java.lang.Object, java.lang.Object)'> (0x00000000f5cb0df0) 
thrown [src/hotspot/share/interpreter/linkResolver.cpp, line 758]
Event: 45.189 Thread 0x00007fe7801893f0 Exception <a 'java/lang/NoSuchMethodError'{0x00000000f5f6d540}: 'java.lang.Object java.lang.invoke.DirectMethodHandle$Holder.newInvokeSpecial(java.lang.Object, int, java.lang.Object, java.lang.Object, java.lang.Object)'> (0x00000000f5f6d540) 
thrown [src/hotspot/share/interpreter/linkResolver.cpp, line 758]
Event: 45.585 Thread 0x00007fe7801893f0 Exception <a 'java/lang/NoSuchMethodError'{0x00000000f55987b0}: 'void java.lang.invoke.DirectMethodHandle$Holder.invokeSpecial(java.lang.Object, java.lang.Object, int)'> (0x00000000f55987b0) 
thrown [src/hotspot/share/interpreter/linkResolver.cpp, line 758]
Event: 45.586 Thread 0x00007fe7800381f0 Exception <a 'java/lang/ArrayIndexOutOfBoundsException'{0x00000000f55bded8}: Index 43 out of bounds for length 43> (0x00000000f55bded8) 
thrown [src/hotspot/share/interpreter/interpreterRuntime.cpp, line 428]
Event: 45.603 Thread 0x00007fe7800381f0 Exception <a 'java/lang/ArrayIndexOutOfBoundsException'{0x00000000f57db750}: Index 43 out of bounds for length 43> (0x00000000f57db750) 
thrown [src/hotspot/share/interpreter/interpreterRuntime.cpp, line 428]
Event: 45.698 Thread 0x00007fe7800381f0 Exception <a 'java/lang/ArrayIndexOutOfBoundsException'{0x00000000f5a2c530}: Index 43 out of bounds for length 43> (0x00000000f5a2c530) 
thrown [src/hotspot/share/interpreter/interpreterRuntime.cpp, line 428]
Event: 45.789 Thread 0x00007fe7800381f0 Exception <a 'java/lang/ArrayIndexOutOfBoundsException'{0x00000000f5d08028}: Index 43 out of bounds for length 43> (0x00000000f5d08028) 
thrown [src/hotspot/share/interpreter/interpreterRuntime.cpp, line 428]
Event: 45.915 Thread 0x00007fe7800381f0 Exception <a 'java/lang/ArrayIndexOutOfBoundsException'{0x00000000f5fea5f0}: Index 43 out of bounds for length 43> (0x00000000f5fea5f0) 
thrown [src/hotspot/share/interpreter/interpreterRuntime.cpp, line 428]
Event: 46.023 Thread 0x00007fe7800381f0 Exception <a 'java/lang/ArrayIndexOutOfBoundsException'{0x00000000f57c3d40}: Index 43 out of bounds for length 43> (0x00000000f57c3d40) 
thrown [src/hotspot/share/interpreter/interpreterRuntime.cpp, line 428]
Event: 46.741 Thread 0x00007fe780188220 Exception <a 'java/lang/NoSuchMethodError'{0x00000000f5613d48}: 'int java.lang.invoke.DirectMethodHandle$Holder.invokeSpecialIFC(java.lang.Object, java.lang.Object, java.lang.Object, java.lang.Object)'> (0x00000000f5613d48) 
thrown [src/hotspot/share/interpreter/linkResolver.cpp, line 758]
Event: 46.741 Thread 0x00007fe7800381f0 Exception <a 'java/lang/NoSuchMethodError'{0x00000000f5604b48}: 'int java.lang.invoke.DirectMethodHandle$Holder.invokeSpecialIFC(java.lang.Object, java.lang.Object, java.lang.Object, java.lang.Object)'> (0x00000000f5604b48) 
thrown [src/hotspot/share/interpreter/linkResolver.cpp, line 758]
Event: 48.488 Thread 0x00007fe7801893f0 Exception <a 'java/lang/ArrayIndexOutOfBoundsException'{0x00000000f5d76e38}: Index 43 out of bounds for length 43> (0x00000000f5d76e38) 
thrown [src/hotspot/share/interpreter/interpreterRuntime.cpp, line 428]
Event: 48.581 Thread 0x00007fe7801893f0 Exception <a 'java/lang/ArrayIndexOutOfBoundsException'{0x00000000f60de2b8}: Index 43 out of bounds for length 43> (0x00000000f60de2b8) 
thrown [src/hotspot/share/interpreter/interpreterRuntime.cpp, line 428]
Event: 48.591 Thread 0x00007fe7801893f0 Exception <a 'java/lang/ArrayIndexOutOfBoundsException'{0x00000000f627f128}: Index 43 out of bounds for length 43> (0x00000000f627f128) 
thrown [src/hotspot/share/interpreter/interpreterRuntime.cpp, line 428]
Event: 48.706 Thread 0x00007fe7801893f0 Exception <a 'java/lang/ArrayIndexOutOfBoundsException'{0x00000000f572eca0}: Index 43 out of bounds for length 43> (0x00000000f572eca0) 
thrown [src/hotspot/share/interpreter/interpreterRuntime.cpp, line 428]
Event: 48.782 Thread 0x00007fe7801893f0 Exception <a 'java/lang/ArrayIndexOutOfBoundsException'{0x00000000f58e0380}: Index 43 out of bounds for length 43> (0x00000000f58e0380) 
thrown [src/hotspot/share/interpreter/interpreterRuntime.cpp, line 428]
Event: 48.795 Thread 0x00007fe7801893f0 Exception <a 'java/lang/ArrayIndexOutOfBoundsException'{0x00000000f5a63b68}: Index 43 out of bounds for length 43> (0x00000000f5a63b68) 
thrown [src/hotspot/share/interpreter/interpreterRuntime.cpp, line 428]
Event: 1243.328 Thread 0x00007fe8100b21e0 Exception <a 'java/lang/OutOfMemoryError'{0x00000000e00131c8}> (0x00000000e00131c8) 
thrown [src/hotspot/share/gc/shared/memAllocator.cpp, line 136]

VM Operations (20 events):
Event: 1229.100 Executing VM operation: ParallelGCFailedAllocation
Event: 1230.427 Executing VM operation: ParallelGCFailedAllocation done
Event: 1230.427 Executing VM operation: ParallelGCFailedAllocation
Event: 1231.690 Executing VM operation: ParallelGCFailedAllocation done
Event: 1231.691 Executing VM operation: ParallelGCFailedAllocation
Event: 1233.102 Executing VM operation: ParallelGCFailedAllocation done
Event: 1233.102 Executing VM operation: ParallelGCFailedAllocation
Event: 1234.387 Executing VM operation: ParallelGCFailedAllocation done
Event: 1234.387 Executing VM operation: ParallelGCFailedAllocation
Event: 1235.707 Executing VM operation: ParallelGCFailedAllocation done
Event: 1235.708 Executing VM operation: ParallelGCFailedAllocation
Event: 1237.017 Executing VM operation: ParallelGCFailedAllocation done
Event: 1237.018 Executing VM operation: ParallelGCFailedAllocation
Event: 1238.288 Executing VM operation: ParallelGCFailedAllocation done
Event: 1238.288 Executing VM operation: ParallelGCFailedAllocation
Event: 1239.513 Executing VM operation: ParallelGCFailedAllocation done
Event: 1239.513 Executing VM operation: ParallelGCFailedAllocation
Event: 1240.809 Executing VM operation: ParallelGCFailedAllocation done
Event: 1240.809 Executing VM operation: ParallelGCFailedAllocation
Event: 1243.327 Executing VM operation: ParallelGCFailedAllocation done

Events (20 events):
Event: 57.003 Thread 0x00007fe8100b4b40 flushing nmethod 0x00007fe7f8966690
Event: 57.003 Thread 0x00007fe8100b4b40 flushing nmethod 0x00007fe7f8982510
Event: 57.004 Thread 0x00007fe8100b4b40 flushing nmethod 0x00007fe7f898e390
Event: 57.004 Thread 0x00007fe8100b4b40 flushing nmethod 0x00007fe7f89e1310
Event: 62.087 Thread 0x00007fe8101f7390 Thread exited: 0x00007fe8101f7390
Event: 92.707 Thread 0x00007fe7a0008da0 Thread exited: 0x00007fe7a0008da0
Event: 100.447 Thread 0x00007fe774002270 Thread exited: 0x00007fe774002270
Event: 103.199 Thread 0x00007fe77c001130 Thread exited: 0x00007fe77c001130
Event: 112.599 Thread 0x00007fe78c001010 Thread exited: 0x00007fe78c001010
Event: 114.087 Thread 0x00007fe774000ff0 Thread exited: 0x00007fe774000ff0
Event: 178.084 Thread 0x00007fe7801893f0 Thread added: 0x00007fe7801893f0
Event: 178.085 Protecting memory [0x00007fe7be300000,0x00007fe7be304000] with protection modes 0
Event: 421.993 Thread 0x00007fe77844dad0 Thread exited: 0x00007fe77844dad0
Event: 421.994 Thread 0x00007fe7a0007a70 Thread exited: 0x00007fe7a0007a70
Event: 459.725 Thread 0x00007fe77844e360 Thread exited: 0x00007fe77844e360
Event: 459.725 Thread 0x00007fe780188220 Thread added: 0x00007fe780188220
Event: 459.725 Protecting memory [0x00007fe7f4400000,0x00007fe7f4404000] with protection modes 0
Event: 989.818 Thread 0x00007fe79830afc0 Thread added: 0x00007fe79830afc0
Event: 989.818 Protecting memory [0x00007fe7f4e00000,0x00007fe7f4e04000] with protection modes 0
Event: 998.998 Thread 0x00007fe79830afc0 Thread exited: 0x00007fe79830afc0


Dynamic libraries:
e0000000-f1400000 rw-p 00000000 00:00 0 
f1400000-fba00000 rw-p 00000000 00:00 0 
fba00000-100000000 ---p 00000000 00:00 0 
800000000-800449000 rw-p 00001000 00:107e 4611686019135357769            /nix/store/gpxl5qgg8kicmcvivwmybwjlpf7wh20l-graalvm17-ce-22.3.0/lib/server/classes.jsa
800449000-800bc8000 r--p 0044a000 00:107e 4611686019135357769            /nix/store/gpxl5qgg8kicmcvivwmybwjlpf7wh20l-graalvm17-ce-22.3.0/lib/server/classes.jsa
800bc8000-800c00000 ---p 00000000 00:00 0 
800c00000-800c10000 rw-p 00000000 00:00 0 
800c10000-800c30000 rw-p 00000000 00:00 0 
800c30000-800cb0000 rw-p 00000000 00:00 0 
800cb0000-800cf0000 rw-p 00000000 00:00 0 
800cf0000-800db0000 rw-p 00000000 00:00 0 
800db0000-800df0000 rw-p 00000000 00:00 0 
800df0000-800f30000 rw-p 00000000 00:00 0 
800f30000-800fb0000 rw-p 00000000 00:00 0 
800fb0000-800ff0000 rw-p 00000000 00:00 0 
800ff0000-801250000 rw-p 00000000 00:00 0 
801250000-840c00000 ---p 00000000 00:00 0 
558da0225000-558da0226000 r-xp 00000000 00:107e 4611686019099417844      /nix/store/gpxl5qgg8kicmcvivwmybwjlpf7wh20l-graalvm17-ce-22.3.0/bin/.java-wrapped
558da0227000-558da0228000 r--p 00001000 00:107e 4611686019099417844      /nix/store/gpxl5qgg8kicmcvivwmybwjlpf7wh20l-graalvm17-ce-22.3.0/bin/.java-wrapped
558da0228000-558da0229000 rw-p 00002000 00:107e 4611686019099417844      /nix/store/gpxl5qgg8kicmcvivwmybwjlpf7wh20l-graalvm17-ce-22.3.0/bin/.java-wrapped
558da0229000-558da022a000 rw-p 00004000 00:107e 4611686019099417844      /nix/store/gpxl5qgg8kicmcvivwmybwjlpf7wh20l-graalvm17-ce-22.3.0/bin/.java-wrapped
558da022a000-558da022b000 rw-p 00005000 00:107e 4611686019099417844      /nix/store/gpxl5qgg8kicmcvivwmybwjlpf7wh20l-graalvm17-ce-22.3.0/bin/.java-wrapped
558da1141000-558da1189000 rw-p 00000000 00:00 0                          [heap]
7fe744000000-7fe744094000 rw-p 00000000 00:00 0 
7fe744094000-7fe748000000 ---p 00000000 00:00 0 
7fe748000000-7fe748021000 rw-p 00000000 00:00 0 
7fe748021000-7fe74c000000 ---p 00000000 00:00 0 
7fe74c000000-7fe74c021000 rw-p 00000000 00:00 0 
7fe74c021000-7fe750000000 ---p 00000000 00:00 0 
7fe750000000-7fe750225000 rw-p 00000000 00:00 0 
7fe750225000-7fe754000000 ---p 00000000 00:00 0 
7fe754000000-7fe754021000 rw-p 00000000 00:00 0 
7fe754021000-7fe758000000 ---p 00000000 00:00 0 
7fe758000000-7fe758021000 rw-p 00000000 00:00 0 
7fe758021000-7fe75c000000 ---p 00000000 00:00 0 
7fe75c000000-7fe75c021000 rw-p 00000000 00:00 0 
7fe75c021000-7fe760000000 ---p 00000000 00:00 0 
7fe7624b3000-7fe76c000000 r--s 00000000 00:107e 4611686019135192581      /nix/store/gpxl5qgg8kicmcvivwmybwjlpf7wh20l-graalvm17-ce-22.3.0/lib/modules
7fe76c000000-7fe76c051000 rw-p 00000000 00:00 0 
7fe76c051000-7fe770000000 ---p 00000000 00:00 0 
7fe772c00000-7fe7731b0000 rw-p 00000000 00:00 0 
7fe7731b0000-7fe773400000 ---p 00000000 00:00 0 
7fe773400000-7fe7736f0000 rw-p 00000000 00:00 0 
7fe7736f0000-7fe773760000 rw-p 00000000 00:00 0 
7fe773760000-7fe773800000 ---p 00000000 00:00 0 
7fe773800000-7fe773bf0000 rw-p 00000000 00:00 0 
7fe773bf0000-7fe773c00000 rw-p 00000000 00:00 0 
7fe774000000-7fe774021000 rw-p 00000000 00:00 0 
7fe774021000-7fe778000000 ---p 00000000 00:00 0 
7fe778000000-7fe77850a000 rw-p 00000000 00:00 0 
7fe77850a000-7fe77c000000 ---p 00000000 00:00 0 
7fe77c000000-7fe77c110000 rw-p 00000000 00:00 0 
7fe77c110000-7fe780000000 ---p 00000000 00:00 0 
7fe780000000-7fe7801a5000 rw-p 00000000 00:00 0 
7fe7801a5000-7fe784000000 ---p 00000000 00:00 0 
7fe784000000-7fe784021000 rw-p 00000000 00:00 0 
7fe784021000-7fe788000000 ---p 00000000 00:00 0 
7fe788000000-7fe788021000 rw-p 00000000 00:00 0 
7fe788021000-7fe78c000000 ---p 00000000 00:00 0 
7fe78c000000-7fe78c05f000 rw-p 00000000 00:00 0 
7fe78c05f000-7fe790000000 ---p 00000000 00:00 0 
7fe790000000-7fe790069000 rw-p 00000000 00:00 0 
7fe790069000-7fe794000000 ---p 00000000 00:00 0 
7fe794000000-7fe794021000 rw-p 00000000 00:00 0 
7fe794021000-7fe798000000 ---p 00000000 00:00 0 
7fe798000000-7fe798317000 rw-p 00000000 00:00 0 
7fe798317000-7fe79c000000 ---p 00000000 00:00 0 
7fe79c000000-7fe79c021000 rw-p 00000000 00:00 0 
7fe79c021000-7fe7a0000000 ---p 00000000 00:00 0 
7fe7a0000000-7fe7a0021000 rw-p 00000000 00:00 0 
7fe7a0021000-7fe7a4000000 ---p 00000000 00:00 0 
7fe7a4000000-7fe7a4022000 rw-p 00000000 00:00 0 
7fe7a4022000-7fe7a8000000 ---p 00000000 00:00 0 
7fe7a8000000-7fe7a88c3000 rw-p 00000000 00:00 0 
7fe7a88c3000-7fe7ac000000 ---p 00000000 00:00 0 
7fe7ad400000-7fe7ad6f0000 rw-p 00000000 00:00 0 
7fe7ad6f0000-7fe7adbf0000 rw-p 00000000 00:00 0 
7fe7adbf0000-7fe7adcf0000 rw-p 00000000 00:00 0 
7fe7adcf0000-7fe7addf0000 rw-p 00000000 00:00 0 
7fe7addf0000-7fe7adef0000 rw-p 00000000 00:00 0 
7fe7adef0000-7fe7ae0f0000 rw-p 00000000 00:00 0 
7fe7ae0f0000-7fe7ae1f0000 rw-p 00000000 00:00 0 
7fe7ae1f0000-7fe7ae3f0000 rw-p 00000000 00:00 0 
7fe7ae3f0000-7fe7ae4f0000 rw-p 00000000 00:00 0 
7fe7ae4f0000-7fe7ae5f0000 rw-p 00000000 00:00 0 
7fe7ae5f0000-7fe7aeaf0000 rw-p 00000000 00:00 0 
7fe7aeaf0000-7fe7aebf0000 rw-p 00000000 00:00 0 
7fe7aebf0000-7fe7aecf0000 rw-p 00000000 00:00 0 
7fe7aecf0000-7fe7aedf0000 rw-p 00000000 00:00 0 
7fe7aedf0000-7fe7af0f0000 rw-p 00000000 00:00 0 
7fe7af0f0000-7fe7af1f0000 rw-p 00000000 00:00 0 
7fe7af1f0000-7fe7af400000 rw-p 00000000 00:00 0 
7fe7af800000-7fe7af810000 r-xp 00000000 00:105d 362                      /home/runner/.cache/jdt-language-server/config/org.eclipse.equinox.launcher/org.eclipse.equinox.launcher.gtk.linux.x86_64_1.2.400.v20211117-0650/eclipse_11600.so
7fe7af810000-7fe7afa0f000 ---p 00010000 00:105d 362                      /home/runner/.cache/jdt-language-server/config/org.eclipse.equinox.launcher/org.eclipse.equinox.launcher.gtk.linux.x86_64_1.2.400.v20211117-0650/eclipse_11600.so
7fe7afa0f000-7fe7afa10000 r--p 0000f000 00:105d 362                      /home/runner/.cache/jdt-language-server/config/org.eclipse.equinox.launcher/org.eclipse.equinox.launcher.gtk.linux.x86_64_1.2.400.v20211117-0650/eclipse_11600.so
7fe7afa10000-7fe7afa11000 rw-p 00010000 00:105d 362                      /home/runner/.cache/jdt-language-server/config/org.eclipse.equinox.launcher/org.eclipse.equinox.launcher.gtk.linux.x86_64_1.2.400.v20211117-0650/eclipse_11600.so
7fe7b0000000-7fe7b0021000 rw-p 00000000 00:00 0 
7fe7b0021000-7fe7b4000000 ---p 00000000 00:00 0 
7fe7b4000000-7fe7b4021000 rw-p 00000000 00:00 0 
7fe7b4021000-7fe7b8000000 ---p 00000000 00:00 0 
7fe7b8000000-7fe7b8021000 rw-p 00000000 00:00 0 
7fe7b8021000-7fe7bc000000 ---p 00000000 00:00 0 
7fe7bcb00000-7fe7bcc00000 ---p 00000000 00:00 0 
7fe7bcc00000-7fe7bd1af000 r--p 01122000 00:107e 4611686019135190040      /nix/store/gpxl5qgg8kicmcvivwmybwjlpf7wh20l-graalvm17-ce-22.3.0/lib/libjvmcicompiler.so
7fe7bd1af000-7fe7bd300000 r--p 00000000 00:00 0 
7fe7bd300000-7fe7bd33d000 rw-p 00000000 00:00 0 
7fe7bd33d000-7fe7bd85d000 rw-p 0185f000 00:107e 4611686019135190040      /nix/store/gpxl5qgg8kicmcvivwmybwjlpf7wh20l-graalvm17-ce-22.3.0/lib/libjvmcicompiler.so
7fe7bd85d000-7fe7bdc44000 r--p 01d7f000 00:107e 4611686019135190040      /nix/store/gpxl5qgg8kicmcvivwmybwjlpf7wh20l-graalvm17-ce-22.3.0/lib/libjvmcicompiler.so
7fe7bdd00000-7fe7bdd04000 ---p 00000000 00:00 0 
7fe7bdd04000-7fe7bde00000 rw-p 00000000 00:00 0 
7fe7bdf00000-7fe7bdf04000 ---p 00000000 00:00 0 
7fe7bdf04000-7fe7be000000 rw-p 00000000 00:00 0 
7fe7be000000-7fe7be004000 ---p 00000000 00:00 0 
7fe7be004000-7fe7be100000 rw-p 00000000 00:00 0 
7fe7be100000-7fe7be104000 ---p 00000000 00:00 0 
7fe7be104000-7fe7be200000 rw-p 00000000 00:00 0 
7fe7be300000-7fe7be304000 ---p 00000000 00:00 0 
7fe7be304000-7fe7be400000 rw-p 00000000 00:00 0 
7fe7be400000-7fe7be404000 ---p 00000000 00:00 0 
7fe7be404000-7fe7be500000 rw-p 00000000 00:00 0 
7fe7be500000-7fe7be504000 ---p 00000000 00:00 0 
7fe7be504000-7fe7be600000 rw-p 00000000 00:00 0 
7fe7be700000-7fe7be704000 ---p 00000000 00:00 0 
7fe7be704000-7fe7be800000 rw-p 00000000 00:00 0 
7fe7be900000-7fe7be904000 ---p 00000000 00:00 0 
7fe7be904000-7fe7bea00000 rw-p 00000000 00:00 0 
7fe7bea00000-7fe7bea04000 ---p 00000000 00:00 0 
7fe7bea04000-7fe7beb00000 rw-p 00000000 00:00 0 
7fe7beb00000-7fe7beb04000 ---p 00000000 00:00 0 
7fe7beb04000-7fe7bec00000 rw-p 00000000 00:00 0 
7fe7bec00000-7fe7bec04000 ---p 00000000 00:00 0 
7fe7bec04000-7fe7bed00000 rw-p 00000000 00:00 0 
7fe7bed00000-7fe7bed04000 ---p 00000000 00:00 0 
7fe7bed04000-7fe7bee00000 rw-p 00000000 00:00 0 
7fe7bfa68000-7fe7bff00000 rw-p 00000000 00:00 0 
7fe7c0000000-7fe7c0021000 rw-p 00000000 00:00 0 
7fe7c0021000-7fe7c4000000 ---p 00000000 00:00 0 
7fe7c4000000-7fe7c4021000 rw-p 00000000 00:00 0 
7fe7c4021000-7fe7c8000000 ---p 00000000 00:00 0 
7fe7c8000000-7fe7c8041000 rw-p 00000000 00:00 0 
7fe7c8041000-7fe7cc000000 ---p 00000000 00:00 0 
7fe7cc000000-7fe7cc021000 rw-p 00000000 00:00 0 
7fe7cc021000-7fe7d0000000 ---p 00000000 00:00 0 
7fe7d0000000-7fe7d00e8000 rw-p 00000000 00:00 0 
7fe7d00e8000-7fe7d4000000 ---p 00000000 00:00 0 
7fe7d4000000-7fe7d4ad0000 rw-p 00000000 00:00 0 
7fe7d4ad0000-7fe7d8000000 ---p 00000000 00:00 0 
7fe7d8000000-7fe7d8021000 rw-p 00000000 00:00 0 
7fe7d8021000-7fe7dc000000 ---p 00000000 00:00 0 
7fe7dc000000-7fe7dc021000 rw-p 00000000 00:00 0 
7fe7dc021000-7fe7e0000000 ---p 00000000 00:00 0 
7fe7e0000000-7fe7e0021000 rw-p 00000000 00:00 0 
7fe7e0021000-7fe7e4000000 ---p 00000000 00:00 0 
7fe7e4000000-7fe7e4021000 rw-p 00000000 00:00 0 
7fe7e4021000-7fe7e8000000 ---p 00000000 00:00 0 
7fe7e8000000-7fe7e8021000 rw-p 00000000 00:00 0 
7fe7e8021000-7fe7ec000000 ---p 00000000 00:00 0 
7fe7ec000000-7fe7ec021000 rw-p 00000000 00:00 0 
7fe7ec021000-7fe7f0000000 ---p 00000000 00:00 0 
7fe7f0000000-7fe7f0082000 rw-p 00000000 00:00 0 
7fe7f0082000-7fe7f4000000 ---p 00000000 00:00 0 
7fe7f4100000-7fe7f4104000 ---p 00000000 00:00 0 
7fe7f4104000-7fe7f4200000 rw-p 00000000 00:00 0 
7fe7f4300000-7fe7f4304000 ---p 00000000 00:00 0 
7fe7f4304000-7fe7f4400000 rw-p 00000000 00:00 0 
7fe7f4400000-7fe7f4404000 ---p 00000000 00:00 0 
7fe7f4404000-7fe7f4500000 rw-p 00000000 00:00 0 
7fe7f4500000-7fe7f4504000 ---p 00000000 00:00 0 
7fe7f4504000-7fe7f4600000 rw-p 00000000 00:00 0 
7fe7f4700000-7fe7f4704000 ---p 00000000 00:00 0 
7fe7f4704000-7fe7f4800000 rw-p 00000000 00:00 0 
7fe7f4900000-7fe7f4904000 ---p 00000000 00:00 0 
7fe7f4904000-7fe7f4a00000 rw-p 00000000 00:00 0 
7fe7f4b00000-7fe7f4b04000 ---p 00000000 00:00 0 
7fe7f4b04000-7fe7f4c00000 rw-p 00000000 00:00 0 
7fe7f4d00000-7fe7f4d04000 ---p 00000000 00:00 0 
7fe7f4d04000-7fe7f4e00000 rw-p 00000000 00:00 0 
7fe7f4e00000-7fe7f4e04000 ---p 00000000 00:00 0 
7fe7f4e04000-7fe7f4f00000 rw-p 00000000 00:00 0 
7fe7f4f00000-7fe7f4f04000 ---p 00000000 00:00 0 
7fe7f4f04000-7fe7f5000000 rw-p 00000000 00:00 0 
7fe7f5000000-7fe7f716a000 r-xp 00000000 00:107e 4611686019135190040      /nix/store/gpxl5qgg8kicmcvivwmybwjlpf7wh20l-graalvm17-ce-22.3.0/lib/libjvmcicompiler.so
7fe7f716a000-7fe7f7369000 ---p 0216a000 00:107e 4611686019135190040      /nix/store/gpxl5qgg8kicmcvivwmybwjlpf7wh20l-graalvm17-ce-22.3.0/lib/libjvmcicompiler.so
7fe7f7369000-7fe7f736a000 r--p 02169000 00:107e 4611686019135190040      /nix/store/gpxl5qgg8kicmcvivwmybwjlpf7wh20l-graalvm17-ce-22.3.0/lib/libjvmcicompiler.so
7fe7f736a000-7fe7f736c000 rw-p 0216a000 00:107e 4611686019135190040      /nix/store/gpxl5qgg8kicmcvivwmybwjlpf7wh20l-graalvm17-ce-22.3.0/lib/libjvmcicompiler.so
7fe7f736c000-7fe7f736d000 rw-p 00000000 00:00 0 
7fe7f736d000-7fe7f7372000 rw-p 023c3000 00:107e 4611686019135190040      /nix/store/gpxl5qgg8kicmcvivwmybwjlpf7wh20l-graalvm17-ce-22.3.0/lib/libjvmcicompiler.so
7fe7f73b3000-7fe7f73b7000 ---p 00000000 00:00 0 
7fe7f73b7000-7fe7f74b3000 rw-p 00000000 00:00 0 
7fe7f74b3000-7fe7f7723000 rwxp 00000000 00:00 0 
7fe7f7723000-7fe7f7a42000 ---p 00000000 00:00 0 
7fe7f7a42000-7fe7f8a02000 rwxp 00000000 00:00 0 
7fe7f8a02000-7fe7fef7a000 ---p 00000000 00:00 0 
7fe7fef7a000-7fe7ff1ea000 rwxp 00000000 00:00 0 
7fe7ff1ea000-7fe8064b3000 ---p 00000000 00:00 0 
7fe8064b3000-7fe810000000 r--s 00000000 00:107e 4611686019135192581      /nix/store/gpxl5qgg8kicmcvivwmybwjlpf7wh20l-graalvm17-ce-22.3.0/lib/modules
7fe810000000-7fe810602000 rw-p 00000000 00:00 0 
7fe810602000-7fe814000000 ---p 00000000 00:00 0 
7fe8140f6000-7fe8140fa000 ---p 00000000 00:00 0 
7fe8140fa000-7fe814118000 rw-p 00000000 00:00 0 
7fe814118000-7fe814119000 ---p 00000000 00:00 0 
7fe814119000-7fe81421a000 rw-p 00000000 00:00 0 
7fe81421a000-7fe81421e000 ---p 00000000 00:00 0 
7fe81421e000-7fe81431a000 rw-p 00000000 00:00 0 
7fe81431a000-7fe81431e000 ---p 00000000 00:00 0 
7fe81431e000-7fe81441a000 rw-p 00000000 00:00 0 
7fe81441a000-7fe81441e000 ---p 00000000 00:00 0 
7fe81441e000-7fe81451a000 rw-p 00000000 00:00 0 
7fe81451a000-7fe81451e000 ---p 00000000 00:00 0 
7fe81451e000-7fe81471a000 rw-p 00000000 00:00 0 
7fe81471a000-7fe81471e000 ---p 00000000 00:00 0 
7fe81471e000-7fe81491a000 rw-p 00000000 00:00 0 
7fe81491a000-7fe81491e000 ---p 00000000 00:00 0 
7fe81491e000-7fe814a1a000 rw-p 00000000 00:00 0 
7fe814a1a000-7fe814a1e000 ---p 00000000 00:00 0 
7fe814a1e000-7fe814b1a000 rw-p 00000000 00:00 0 
7fe814b1a000-7fe814b1e000 ---p 00000000 00:00 0 
7fe814b1e000-7fe814c1a000 rw-p 00000000 00:00 0 
7fe814c1a000-7fe814f00000 r--p 00000000 00:1000 28444448                 /usr/lib/locale/locale-archive
7fe814f00000-7fe814f04000 ---p 00000000 00:00 0 
7fe814f04000-7fe8153f0000 rw-p 00000000 00:00 0 
7fe8153f0000-7fe8156f0000 rw-p 00000000 00:00 0 
7fe8156f0000-7fe815800000 rw-p 00000000 00:00 0 
7fe815815000-7fe815817000 r-xp 00000000 00:107e 4611686019135190017      /nix/store/gpxl5qgg8kicmcvivwmybwjlpf7wh20l-graalvm17-ce-22.3.0/lib/libextnet.so
7fe815817000-7fe815818000 r--p 00001000 00:107e 4611686019135190017      /nix/store/gpxl5qgg8kicmcvivwmybwjlpf7wh20l-graalvm17-ce-22.3.0/lib/libextnet.so
7fe815818000-7fe815819000 rw-p 00002000 00:107e 4611686019135190017      /nix/store/gpxl5qgg8kicmcvivwmybwjlpf7wh20l-graalvm17-ce-22.3.0/lib/libextnet.so
7fe815819000-7fe81581a000 rw-p 00004000 00:107e 4611686019135190017      /nix/store/gpxl5qgg8kicmcvivwmybwjlpf7wh20l-graalvm17-ce-22.3.0/lib/libextnet.so
7fe81581a000-7fe815821000 r-xp 00000000 00:107e 4611686019135192580      /nix/store/gpxl5qgg8kicmcvivwmybwjlpf7wh20l-graalvm17-ce-22.3.0/lib/libzip.so
7fe815821000-7fe815822000 ---p 00007000 00:107e 4611686019135192580      /nix/store/gpxl5qgg8kicmcvivwmybwjlpf7wh20l-graalvm17-ce-22.3.0/lib/libzip.so
7fe815822000-7fe815823000 r--p 00007000 00:107e 4611686019135192580      /nix/store/gpxl5qgg8kicmcvivwmybwjlpf7wh20l-graalvm17-ce-22.3.0/lib/libzip.so
7fe815823000-7fe815824000 rw-p 00008000 00:107e 4611686019135192580      /nix/store/gpxl5qgg8kicmcvivwmybwjlpf7wh20l-graalvm17-ce-22.3.0/lib/libzip.so
7fe815824000-7fe815826000 rw-p 0000b000 00:107e 4611686019135192580      /nix/store/gpxl5qgg8kicmcvivwmybwjlpf7wh20l-graalvm17-ce-22.3.0/lib/libzip.so
7fe815826000-7fe81583b000 r-xp 00000000 00:107e 4611686019135192570      /nix/store/gpxl5qgg8kicmcvivwmybwjlpf7wh20l-graalvm17-ce-22.3.0/lib/libnet.so
7fe81583b000-7fe81583c000 ---p 00015000 00:107e 4611686019135192570      /nix/store/gpxl5qgg8kicmcvivwmybwjlpf7wh20l-graalvm17-ce-22.3.0/lib/libnet.so
7fe81583c000-7fe81583d000 r--p 00015000 00:107e 4611686019135192570      /nix/store/gpxl5qgg8kicmcvivwmybwjlpf7wh20l-graalvm17-ce-22.3.0/lib/libnet.so
7fe81583d000-7fe81583e000 rw-p 00016000 00:107e 4611686019135192570      /nix/store/gpxl5qgg8kicmcvivwmybwjlpf7wh20l-graalvm17-ce-22.3.0/lib/libnet.so
7fe81583e000-7fe815841000 rw-p 0001b000 00:107e 4611686019135192570      /nix/store/gpxl5qgg8kicmcvivwmybwjlpf7wh20l-graalvm17-ce-22.3.0/lib/libnet.so
7fe815841000-7fe815854000 r-xp 00000000 00:107e 4611686019135192571      /nix/store/gpxl5qgg8kicmcvivwmybwjlpf7wh20l-graalvm17-ce-22.3.0/lib/libnio.so
7fe815854000-7fe815855000 r--p 00012000 00:107e 4611686019135192571      /nix/store/gpxl5qgg8kicmcvivwmybwjlpf7wh20l-graalvm17-ce-22.3.0/lib/libnio.so
7fe815855000-7fe815856000 rw-p 00013000 00:107e 4611686019135192571      /nix/store/gpxl5qgg8kicmcvivwmybwjlpf7wh20l-graalvm17-ce-22.3.0/lib/libnio.so
7fe815856000-7fe81585b000 rw-p 00019000 00:107e 4611686019135192571      /nix/store/gpxl5qgg8kicmcvivwmybwjlpf7wh20l-graalvm17-ce-22.3.0/lib/libnio.so
7fe81585b000-7fe81585f000 ---p 00000000 00:00 0 
7fe81585f000-7fe81595b000 rw-p 00000000 00:00 0 
7fe81595b000-7fe81595c000 ---p 00000000 00:00 0 
7fe81595c000-7fe815a5d000 rw-p 00000000 00:00 0 
7fe815a5d000-7fe815b2b000 r-xp 00000000 00:107e 4611686019135190036      /nix/store/gpxl5qgg8kicmcvivwmybwjlpf7wh20l-graalvm17-ce-22.3.0/lib/libjsvml.so
7fe815b2b000-7fe815b2c000 r--p 000cd000 00:107e 4611686019135190036      /nix/store/gpxl5qgg8kicmcvivwmybwjlpf7wh20l-graalvm17-ce-22.3.0/lib/libjsvml.so
7fe815b2c000-7fe815b2d000 rw-p 000ce000 00:107e 4611686019135190036      /nix/store/gpxl5qgg8kicmcvivwmybwjlpf7wh20l-graalvm17-ce-22.3.0/lib/libjsvml.so
7fe815b2d000-7fe817405000 rw-p 00000000 00:00 0 
7fe817405000-7fe817406000 ---p 00000000 00:00 0 
7fe817406000-7fe817591000 rw-p 00000000 00:00 0 
7fe817591000-7fe8175e4000 rw-p 00000000 00:00 0 
7fe8175e4000-7fe817607000 ---p 00000000 00:00 0 
7fe817607000-7fe81760d000 rw-p 00000000 00:00 0 
7fe81760d000-7fe8176f3000 ---p 00000000 00:00 0 
7fe8176f3000-7fe817713000 rw-p 00000000 00:00 0 
7fe817713000-7fe8177de000 ---p 00000000 00:00 0 
7fe8177de000-7fe8177e3000 rw-p 00000000 00:00 0 
7fe8177e3000-7fe8177ea000 ---p 00000000 00:00 0 
7fe8177ea000-7fe81780e000 r-xp 00000000 00:107e 4611686019135190028      /nix/store/gpxl5qgg8kicmcvivwmybwjlpf7wh20l-graalvm17-ce-22.3.0/lib/libjava.so
7fe81780e000-7fe81780f000 ---p 00024000 00:107e 4611686019135190028      /nix/store/gpxl5qgg8kicmcvivwmybwjlpf7wh20l-graalvm17-ce-22.3.0/lib/libjava.so
7fe81780f000-7fe817810000 r--p 00024000 00:107e 4611686019135190028      /nix/store/gpxl5qgg8kicmcvivwmybwjlpf7wh20l-graalvm17-ce-22.3.0/lib/libjava.so
7fe817810000-7fe817811000 rw-p 00025000 00:107e 4611686019135190028      /nix/store/gpxl5qgg8kicmcvivwmybwjlpf7wh20l-graalvm17-ce-22.3.0/lib/libjava.so
7fe817811000-7fe817812000 rw-p 00000000 00:00 0 
7fe817812000-7fe817819000 rw-p 0002f000 00:107e 4611686019135190028      /nix/store/gpxl5qgg8kicmcvivwmybwjlpf7wh20l-graalvm17-ce-22.3.0/lib/libjava.so
7fe817819000-7fe817821000 rw-s 00000000 00:5f4 359                       /tmp/hsperfdata_runner/20
7fe817821000-7fe817822000 ---p 00000000 00:00 0 
7fe817822000-7fe817823000 r--p 00000000 00:00 0 
7fe817823000-7fe817824000 rwxp 00000000 00:00 0 
7fe817824000-7fe81783f000 r-xp 00000000 00:107e 4611686019135190032      /nix/store/gpxl5qgg8kicmcvivwmybwjlpf7wh20l-graalvm17-ce-22.3.0/lib/libjimage.so
7fe81783f000-7fe817840000 ---p 0001b000 00:107e 4611686019135190032      /nix/store/gpxl5qgg8kicmcvivwmybwjlpf7wh20l-graalvm17-ce-22.3.0/lib/libjimage.so
7fe817840000-7fe817842000 r--p 0001b000 00:107e 4611686019135190032      /nix/store/gpxl5qgg8kicmcvivwmybwjlpf7wh20l-graalvm17-ce-22.3.0/lib/libjimage.so
7fe817842000-7fe817843000 rw-p 0001d000 00:107e 4611686019135190032      /nix/store/gpxl5qgg8kicmcvivwmybwjlpf7wh20l-graalvm17-ce-22.3.0/lib/libjimage.so
7fe817843000-7fe817844000 rw-p 00024000 00:107e 4611686019135190032      /nix/store/gpxl5qgg8kicmcvivwmybwjlpf7wh20l-graalvm17-ce-22.3.0/lib/libjimage.so
7fe817844000-7fe817848000 ---p 00000000 00:00 0 
7fe817848000-7fe817944000 rw-p 00000000 00:00 0 
7fe817944000-7fe817952000 r--p 00000000 00:107e 4611686019027979927      /nix/store/4nlgxhb09sdr51nc9hdm8az5b08vzkgx-glibc-2.35-163/lib/libm.so.6
7fe817952000-7fe8179c5000 r-xp 0000e000 00:107e 4611686019027979927      /nix/store/4nlgxhb09sdr51nc9hdm8az5b08vzkgx-glibc-2.35-163/lib/libm.so.6
7fe8179c5000-7fe817a22000 r--p 00081000 00:107e 4611686019027979927      /nix/store/4nlgxhb09sdr51nc9hdm8az5b08vzkgx-glibc-2.35-163/lib/libm.so.6
7fe817a22000-7fe817a23000 r--p 000dd000 00:107e 4611686019027979927      /nix/store/4nlgxhb09sdr51nc9hdm8az5b08vzkgx-glibc-2.35-163/lib/libm.so.6
7fe817a23000-7fe817a24000 rw-p 000de000 00:107e 4611686019027979927      /nix/store/4nlgxhb09sdr51nc9hdm8az5b08vzkgx-glibc-2.35-163/lib/libm.so.6
7fe817a24000-7fe817a25000 r--p 00000000 00:107e 4611686019027979946      /nix/store/4nlgxhb09sdr51nc9hdm8az5b08vzkgx-glibc-2.35-163/lib/librt.so.1
7fe817a25000-7fe817a26000 r-xp 00001000 00:107e 4611686019027979946      /nix/store/4nlgxhb09sdr51nc9hdm8az5b08vzkgx-glibc-2.35-163/lib/librt.so.1
7fe817a26000-7fe817a27000 r--p 00002000 00:107e 4611686019027979946      /nix/store/4nlgxhb09sdr51nc9hdm8az5b08vzkgx-glibc-2.35-163/lib/librt.so.1
7fe817a27000-7fe817a28000 r--p 00002000 00:107e 4611686019027979946      /nix/store/4nlgxhb09sdr51nc9hdm8az5b08vzkgx-glibc-2.35-163/lib/librt.so.1
7fe817a28000-7fe817a29000 rw-p 00003000 00:107e 4611686019027979946      /nix/store/4nlgxhb09sdr51nc9hdm8az5b08vzkgx-glibc-2.35-163/lib/librt.so.1
7fe817a29000-7fe818b3c000 r-xp 00000000 00:107e 4611686019135360866      /nix/store/gpxl5qgg8kicmcvivwmybwjlpf7wh20l-graalvm17-ce-22.3.0/lib/server/libjvm.so
7fe818b3c000-7fe818b3d000 ---p 01113000 00:107e 4611686019135360866      /nix/store/gpxl5qgg8kicmcvivwmybwjlpf7wh20l-graalvm17-ce-22.3.0/lib/server/libjvm.so
7fe818b3d000-7fe818bf2000 r--p 01113000 00:107e 4611686019135360866      /nix/store/gpxl5qgg8kicmcvivwmybwjlpf7wh20l-graalvm17-ce-22.3.0/lib/server/libjvm.so
7fe818bf2000-7fe818c26000 rw-p 011c8000 00:107e 4611686019135360866      /nix/store/gpxl5qgg8kicmcvivwmybwjlpf7wh20l-graalvm17-ce-22.3.0/lib/server/libjvm.so
7fe818c26000-7fe818c82000 rw-p 00000000 00:00 0 
7fe818c82000-7fe818caa000 r--p 00000000 00:107e 4611686019027979918      /nix/store/4nlgxhb09sdr51nc9hdm8az5b08vzkgx-glibc-2.35-163/lib/libc.so.6
7fe818caa000-7fe818e20000 r-xp 00028000 00:107e 4611686019027979918      /nix/store/4nlgxhb09sdr51nc9hdm8az5b08vzkgx-glibc-2.35-163/lib/libc.so.6
7fe818e20000-7fe818e78000 r--p 0019e000 00:107e 4611686019027979918      /nix/store/4nlgxhb09sdr51nc9hdm8az5b08vzkgx-glibc-2.35-163/lib/libc.so.6
7fe818e78000-7fe818e7c000 r--p 001f6000 00:107e 4611686019027979918      /nix/store/4nlgxhb09sdr51nc9hdm8az5b08vzkgx-glibc-2.35-163/lib/libc.so.6
7fe818e7c000-7fe818e7e000 rw-p 001fa000 00:107e 4611686019027979918      /nix/store/4nlgxhb09sdr51nc9hdm8az5b08vzkgx-glibc-2.35-163/lib/libc.so.6
7fe818e7e000-7fe818e8d000 rw-p 00000000 00:00 0 
7fe818e8d000-7fe818e8e000 r--p 00000000 00:107e 4611686019027979923      /nix/store/4nlgxhb09sdr51nc9hdm8az5b08vzkgx-glibc-2.35-163/lib/libdl.so.2
7fe818e8e000-7fe818e8f000 r-xp 00001000 00:107e 4611686019027979923      /nix/store/4nlgxhb09sdr51nc9hdm8az5b08vzkgx-glibc-2.35-163/lib/libdl.so.2
7fe818e8f000-7fe818e90000 r--p 00002000 00:107e 4611686019027979923      /nix/store/4nlgxhb09sdr51nc9hdm8az5b08vzkgx-glibc-2.35-163/lib/libdl.so.2
7fe818e90000-7fe818e91000 r--p 00002000 00:107e 4611686019027979923      /nix/store/4nlgxhb09sdr51nc9hdm8az5b08vzkgx-glibc-2.35-163/lib/libdl.so.2
7fe818e91000-7fe818e92000 rw-p 00003000 00:107e 4611686019027979923      /nix/store/4nlgxhb09sdr51nc9hdm8az5b08vzkgx-glibc-2.35-163/lib/libdl.so.2
7fe818e92000-7fe818e93000 r--p 00000000 00:107e 4611686019027979942      /nix/store/4nlgxhb09sdr51nc9hdm8az5b08vzkgx-glibc-2.35-163/lib/libpthread.so.0
7fe818e93000-7fe818e94000 r-xp 00001000 00:107e 4611686019027979942      /nix/store/4nlgxhb09sdr51nc9hdm8az5b08vzkgx-glibc-2.35-163/lib/libpthread.so.0
7fe818e94000-7fe818e95000 r--p 00002000 00:107e 4611686019027979942      /nix/store/4nlgxhb09sdr51nc9hdm8az5b08vzkgx-glibc-2.35-163/lib/libpthread.so.0
7fe818e95000-7fe818e96000 r--p 00002000 00:107e 4611686019027979942      /nix/store/4nlgxhb09sdr51nc9hdm8az5b08vzkgx-glibc-2.35-163/lib/libpthread.so.0
7fe818e96000-7fe818e97000 rw-p 00003000 00:107e 4611686019027979942      /nix/store/4nlgxhb09sdr51nc9hdm8az5b08vzkgx-glibc-2.35-163/lib/libpthread.so.0
7fe818e97000-7fe818ea5000 r-xp 00000000 00:107e 4611686019135190033      /nix/store/gpxl5qgg8kicmcvivwmybwjlpf7wh20l-graalvm17-ce-22.3.0/lib/libjli.so
7fe818ea5000-7fe818ea6000 ---p 0000e000 00:107e 4611686019135190033      /nix/store/gpxl5qgg8kicmcvivwmybwjlpf7wh20l-graalvm17-ce-22.3.0/lib/libjli.so
7fe818ea6000-7fe818ea7000 r--p 0000e000 00:107e 4611686019135190033      /nix/store/gpxl5qgg8kicmcvivwmybwjlpf7wh20l-graalvm17-ce-22.3.0/lib/libjli.so
7fe818ea7000-7fe818ea8000 rw-p 0000f000 00:107e 4611686019135190033      /nix/store/gpxl5qgg8kicmcvivwmybwjlpf7wh20l-graalvm17-ce-22.3.0/lib/libjli.so
7fe818ea8000-7fe818ea9000 rw-p 00012000 00:107e 4611686019135190033      /nix/store/gpxl5qgg8kicmcvivwmybwjlpf7wh20l-graalvm17-ce-22.3.0/lib/libjli.so
7fe818ea9000-7fe818eac000 r--p 00000000 00:107e 4611686019106210071      /nix/store/026hln0aq1hyshaxsdvhg0kmcm6yf45r-zlib-1.2.13/lib/libz.so.1.2.13
7fe818eac000-7fe818ebe000 r-xp 00003000 00:107e 4611686019106210071      /nix/store/026hln0aq1hyshaxsdvhg0kmcm6yf45r-zlib-1.2.13/lib/libz.so.1.2.13
7fe818ebe000-7fe818ec5000 r--p 00015000 00:107e 4611686019106210071      /nix/store/026hln0aq1hyshaxsdvhg0kmcm6yf45r-zlib-1.2.13/lib/libz.so.1.2.13
7fe818ec5000-7fe818ec6000 r--p 0001b000 00:107e 4611686019106210071      /nix/store/026hln0aq1hyshaxsdvhg0kmcm6yf45r-zlib-1.2.13/lib/libz.so.1.2.13
7fe818ec6000-7fe818ec7000 rw-p 0001c000 00:107e 4611686019106210071      /nix/store/026hln0aq1hyshaxsdvhg0kmcm6yf45r-zlib-1.2.13/lib/libz.so.1.2.13
7fe818ec7000-7fe818ec9000 rw-p 00000000 00:00 0 
7fe818ec9000-7fe818ecb000 r--p 00000000 00:107e 4611686019027979912      /nix/store/4nlgxhb09sdr51nc9hdm8az5b08vzkgx-glibc-2.35-163/lib/ld-linux-x86-64.so.2
7fe818ecb000-7fe818ef2000 r-xp 00002000 00:107e 4611686019027979912      /nix/store/4nlgxhb09sdr51nc9hdm8az5b08vzkgx-glibc-2.35-163/lib/ld-linux-x86-64.so.2
7fe818ef2000-7fe818efe000 r--p 00029000 00:107e 4611686019027979912      /nix/store/4nlgxhb09sdr51nc9hdm8az5b08vzkgx-glibc-2.35-163/lib/ld-linux-x86-64.so.2
7fe818efe000-7fe818f00000 r--p 00034000 00:107e 4611686019027979912      /nix/store/4nlgxhb09sdr51nc9hdm8az5b08vzkgx-glibc-2.35-163/lib/ld-linux-x86-64.so.2
7fe818f00000-7fe818f02000 rw-p 00036000 00:107e 4611686019027979912      /nix/store/4nlgxhb09sdr51nc9hdm8az5b08vzkgx-glibc-2.35-163/lib/ld-linux-x86-64.so.2
7ffcd6781000-7ffcd67a5000 rw-p 00000000 00:00 0                          [stack]
7ffcd67a8000-7ffcd67ac000 r--p 00000000 00:00 0                          [vvar]
7ffcd67ac000-7ffcd67ae000 r-xp 00000000 00:00 0                          [vdso]
ffffffffff600000-ffffffffff601000 --xp 00000000 00:00 0                  [vsyscall]


VM Arguments:
jvm_args: -XX:ThreadPriorityPolicy=1 -XX:+UnlockExperimentalVMOptions -XX:+EnableJVMCIProduct -XX:JVMCIThreadsPerNativeLibraryRuntime=1 -XX:-UnlockExperimentalVMOptions -Declipse.application=org.eclipse.jdt.ls.core.id1 -Dosgi.bundles.defaultStartLevel=4 -Declipse.product=org.eclipse.jdt.ls.core.product -Dlog.level=ALL -Xverify:none -XX:+UseParallelGC -XX:GCTimeRatio=4 -XX:AdaptiveSizePolicyWeight=90 -Dsun.zip.disableMemoryMapping=true -Xmx512m -Xms100m 
java_command: /nix/store/m6gcpi1ii6rghy04cjwjddcavv7i90df-jdt-language-server-1.9.0/share/java/plugins/org.eclipse.equinox.launcher_1.6.400.v20210924-0641.jar --add-modules=ALL-SYSTEM --add-opens java.base/java.util=ALL-UNNAMED --add-opens java.base/java.lang=ALL-UNNAMED -configuration /home/runner/.cache/jdt-language-server/config -data /home/runner/.cache/jdt-language-server/data/home/runner/javamngbatch6
java_class_path (initial): /nix/store/m6gcpi1ii6rghy04cjwjddcavv7i90df-jdt-language-server-1.9.0/share/java/plugins/org.eclipse.equinox.launcher_1.6.400.v20210924-0641.jar
Launcher Type: SUN_STANDARD

[Global flags]
    uintx AdaptiveSizePolicyWeight                 = 90                                        {product} {command line}
     intx CICompilerCount                          = 2                                         {product} {ergonomic}
     bool EnableJVMCIProduct                       = true                                {JVMCI product} {jimage}
    uintx GCTimeRatio                              = 4                                         {product} {command line}
   size_t InitialHeapSize                          = 104857600                                 {product} {command line}
     uint JVMCIThreadsPerNativeLibraryRuntime      = 1                                   {JVMCI product} {jimage}
   size_t MaxHeapSize                              = 536870912                                 {product} {command line}
   size_t MaxNewSize                               = 178782208                                 {product} {ergonomic}
   size_t MinHeapDeltaBytes                        = 524288                                    {product} {ergonomic}
   size_t MinHeapSize                              = 104857600                                 {product} {command line}
   size_t NewSize                                  = 34603008                                  {product} {ergonomic}
    uintx NonNMethodCodeHeapSize                   = 5826188                                {pd product} {ergonomic}
    uintx NonProfiledCodeHeapSize                  = 122916026                              {pd product} {ergonomic}
   size_t OldSize                                  = 70254592                                  {product} {ergonomic}
    uintx ProfiledCodeHeapSize                     = 122916026                              {pd product} {ergonomic}
    uintx ReservedCodeCacheSize                    = 251658240                              {pd product} {ergonomic}
     bool SegmentedCodeCache                       = true                                      {product} {ergonomic}
   size_t SoftMaxHeapSize                          = 536870912                              {manageable} {ergonomic}
     intx ThreadPriorityPolicy                     = 1                                         {product} {jimage}
     bool UseCompressedClassPointers               = true                           {product lp64_product} {ergonomic}
     bool UseCompressedOops                        = true                           {product lp64_product} {ergonomic}
     bool UseParallelGC                            = true                                      {product} {command line}

Logging:
Log output configuration:
 #0: stdout all=warning uptime,level,tags
 #1: stderr all=off uptime,level,tags

Environment Variables:
JAVA_HOME=/nix/store/gpxl5qgg8kicmcvivwmybwjlpf7wh20l-graalvm17-ce-22.3.0
PATH=/nix/store/1d6ian3r8kdzspw8hacjhl3xkp40g1lj-binutils-wrapper-2.39/bin:/nix/store/dq0xwmsk1g0i2ayg6pb7y87na2knzylh-gcc-wrapper-11.3.0/bin:/nix/store/bap4d0lpcrhpwmpb8ayjcgkmvfj62lnq-bash-interactive-5.1-p16/bin:/nix/store/pr5n59mb4jzmfx6kanwxly0l07p861fg-patchelf-0.15.0/bin:/nix/store/1gf2flfqnpqbr1b4p4qz2f72y42bs56r-gcc-11.3.0/bin:/nix/store/57xv61c5zi8pphjbcwxxjlgc34p61ic9-glibc-2.35-163-bin/bin:/nix/store/a7gvj343m05j2s32xcnwr35v31ynlypr-coreutils-9.1/bin:/nix/store/039g378vc3pc3dvi9dzdlrd0i4q93qwf-binutils-2.39/bin:/nix/store/gpxl5qgg8kicmcvivwmybwjlpf7wh20l-graalvm17-ce-22.3.0/bin:/nix/store/6z9ag3ihc8mq2hzsw48lhbznvzny65nz-apache-maven-3.8.6/bin:/nix/store/m6gcpi1ii6rghy04cjwjddcavv7i90df-jdt-language-server-1.9.0/bin:/nix/store/84xs5alhs01zrbr4ywm05kxbjbp5590l-java-debug/bin:/nix/store/mydc6f4k2z73xlcz7ilif3v2lcaiqvza-findutils-4.9.0/bin:/nix/store/j9p3g8472iijd50vhdprx0nmk2fqn5gv-diffutils-3.8/bin:/nix/store/89zs7rms6x00xfq4dq6m7mjnhkr8a6r4-gnused-4.8/bin:/nix/store/86bp03jkmsl6f92w0yzg4s59g5mhxwmy-gnugrep-3.7/bin:/nix/store/hwcdqw4jrjnd37wxqgsd47hd0j8bnj09-gawk-5.1.1/bin:/nix/store/cfbhw8r8ags41vwqaz47r583d0p4h4a1-gnutar-1.34/bin:/nix/store/p3m1ndl1lapwrlh698bnb5lvvxh67378-gzip-1.12/bin:/nix/store/a8mhcagrsly7c7mpjrpsnaahk4aax056-bzip2-1.0.8-bin/bin:/nix/store/mblgz65m3zv9x548a3d5m96fj2pbwr09-gnumake-4.3/bin:/nix/store/dsd5gz46hdbdk2rfdimqddhq6m8m8fqs-bash-5.1-p16/bin:/nix/store/v7ljksji50mg3w61dykaa3n3y79n6nil-patch-2.7.6/bin:/nix/store/zlcnmqq14jz5x9439jf937mvayyl63da-xz-5.2.7-bin/bin:/nix/store/y6aj732zm9m87c82fpvf103a1xb22blp-file-5.43/bin:/nix/store/i4kzir3m7mrisxmf5xvlnkw01x4qaqr4-prybar-elisp-0.0.0-e0d9a52/bin:/nix/store/lwwivxf6h7x3cvxp9zv8sj0mv7dak99r-prybar-lua-0.0.0-e0d9a52/bin:/nix/store/gxj28g1cg4hq3qanmjv07156h800qr58-prybar-python3-0.0.0-e0d9a52/bin:/nix/store/hshkjnxrgidigf8x75vg6lqng2xlx9i3-prybar-sqlite-0.0.0-e0d9a52/bin:/nix/store/c4w01bpjgyy5ixmwdk8m1pw87zq4sl26-prybar-tcl-0.0.0-e0d9a52/bin:/nix/store/hpbvrlwd5viqmvcaisb3x0118i913a9n-st
LD_LIBRARY_PATH=/nix/store/a4pff549sk2idnkpzk5nsfps3mdkdnvm-cups-2.4.2-lib/lib:/nix/store/72mqxxhh3cy5yifh92wh2yb8cl2hikyy-cairo-1.16.0/lib:/nix/store/2k366jrbsra97gjfxwvrhvixjfxdach5-glib-2.74.1/lib:/nix/store/2j2znigd8ak37rlwh9khz0ry3clqlw1l-gtk+3-3.24.34/lib:/nix/store/hisqvx32cd57apbpcsnkpx6k3549wql1-libglvnd-1.4.0/lib:/nix/store/p36pgcv991mq5srvg765b78yqpxvk3qs-mesa-21.3.3-drivers/lib:/nix/store/mav4251if1ahjq5vkpwycyyvnmy459c4-pulseaudio-14.2/lib
DISPLAY=:0
LANG=en_US.UTF-8

Signal Handlers:
   SIGSEGV: crash_handler in libjvm.so, mask=11100100010111111101111111111110, flags=SA_RESTART|SA_SIGINFO
    SIGBUS: crash_handler in libjvm.so, mask=11100100010111111101111111111110, flags=SA_RESTART|SA_SIGINFO
    SIGFPE: crash_handler in libjvm.so, mask=11100100010111111101111111111110, flags=SA_RESTART|SA_SIGINFO
   SIGPIPE: IsolateEnterStub_IgnoreSIGPIPEStartupHook_noopSignalHandler_8f19bff2f35b5f630d83b364d6b2339320d4ec70_216e8361c6bc87a8f89f58cc10d3b2fd4415bf87 in libjvmcicompiler.so, mask=00000000000000000000000000000000, flags=SA_RESTART
  *** Handler was modified!
  *** Expected: javaSignalHandler in libjvm.so, mask=11100100110111111111111111111110, flags=SA_RESTART|SA_SIGINFO
   SIGXFSZ: javaSignalHandler in libjvm.so, mask=11100100010111111101111111111110, flags=SA_RESTART|SA_SIGINFO
    SIGILL: crash_handler in libjvm.so, mask=11100100010111111101111111111110, flags=SA_RESTART|SA_SIGINFO
   SIGUSR2: SR_handler in libjvm.so, mask=00000000000000000000000000000000, flags=SA_RESTART|SA_SIGINFO
    SIGHUP: UserHandler in libjvm.so, mask=11100100010111111101111111111110, flags=SA_RESTART|SA_SIGINFO
    SIGINT: UserHandler in libjvm.so, mask=11100100010111111101111111111110, flags=SA_RESTART|SA_SIGINFO
   SIGTERM: UserHandler in libjvm.so, mask=11100100010111111101111111111110, flags=SA_RESTART|SA_SIGINFO
   SIGQUIT: UserHandler in libjvm.so, mask=11100100010111111101111111111110, flags=SA_RESTART|SA_SIGINFO
  *** Handler was modified!
  *** Expected: javaSignalHandler in libjvm.so, mask=11100100110111111111111111111110, flags=SA_RESTART|SA_SIGINFO
   SIGTRAP: crash_handler in libjvm.so, mask=11100100010111111101111111111110, flags=SA_RESTART|SA_SIGINFO


---------------  S Y S T E M  ---------------

OS:
DISTRIB_ID=Ubuntu
DISTRIB_RELEASE=20.04
DISTRIB_CODENAME=focal
DISTRIB_DESCRIPTION="Ubuntu 20.04.2 LTS"
uname: Linux 6.2.0-1011-gcp #11~22.04.1-Ubuntu SMP Wed Aug  2 05:19:58 UTC 2023 x86_64
OS uptime: 0 days 9:15 hours
libc: glibc 2.35 NPTL 2.35 
rlimit (soft/hard): STACK 8192k/infinity , CORE infinity/infinity , NPROC infinity/infinity , NOFILE 5242/5242 , AS infinity/infinity , CPU infinity/infinity , DATA infinity/infinity , FSIZE infinity/infinity , MEMLOCK 8192k/8192k
load average: 11.49 10.74 10.24

/proc/meminfo:
MemTotal:       65835948 kB
MemFree:         9848684 kB
MemAvailable:   39944836 kB
Buffers:         2853888 kB
Cached:         25918820 kB
SwapCached:            0 kB
Active:         12837232 kB
Inactive:       39963680 kB
Active(anon):      13628 kB
Inactive(anon): 23585324 kB
Active(file):   12823604 kB
Inactive(file): 16378356 kB
Unevictable:       29212 kB
Mlocked:           29212 kB
SwapTotal:             0 kB
SwapFree:              0 kB
Zswap:                 0 kB
Zswapped:              0 kB
Dirty:              4900 kB
Writeback:             0 kB
AnonPages:      22920180 kB
Mapped:          2128024 kB
Shmem:             21860 kB
KReclaimable:    1620644 kB
Slab:            2321508 kB
SReclaimable:    1620644 kB
SUnreclaim:       700864 kB
KernelStack:      196784 kB
PageTables:       279268 kB
SecPageTables:         0 kB
NFS_Unstable:          0 kB
Bounce:                0 kB
WritebackTmp:          0 kB
CommitLimit:    32917972 kB
Committed_AS:   80851040 kB
VmallocTotal:   34359738367 kB
VmallocUsed:      230508 kB
VmallocChunk:          0 kB
Percpu:            38080 kB
HardwareCorrupted:     0 kB
AnonHugePages:   2981888 kB
ShmemHugePages:        0 kB
ShmemPmdMapped:        0 kB
FileHugePages:         0 kB
FilePmdMapped:         0 kB
HugePages_Total:       0
HugePages_Free:        0
HugePages_Rsvd:        0
HugePages_Surp:        0
Hugepagesize:       2048 kB
Hugetlb:               0 kB
DirectMap4k:      820024 kB
DirectMap2M:    48459776 kB
DirectMap1G:    19922944 kB

/sys/kernel/mm/transparent_hugepage/enabled: always [madvise] never
/sys/kernel/mm/transparent_hugepage/defrag (defrag/compaction efforts parameter): always defer defer+madvise [madvise] never

Process Memory:
Virtual Size: 4921980K (peak: 4958148K)
Resident Set Size: 791212K (peak: 823560K) (anon: 593408K, file: 197804K, shmem: 0K)
Swapped out: 0K
C-Heap outstanding allocations: 43622K, retained: 12453K
glibc malloc tunables: (default)

/proc/sys/kernel/threads-max (system-wide limit on the number of threads): 514277
/proc/sys/vm/max_map_count (maximum number of memory map areas a process may have): 65530
/proc/sys/kernel/pid_max (system-wide limit on number of process identifiers): 4194304

container (cgroup) information:
container_type: cgroupv1
cpu_cpuset_cpus: 2-7
cpu_memory_nodes: 0
active_processor_count: 1
cpu_quota: 50000
cpu_period: 100000
cpu_shares: 512
memory_limit_in_bytes: 1048576 k
memory_and_swap_limit_in_bytes: 1048576 k
memory_soft_limit_in_bytes: 524288 k
memory_usage_in_bytes: 640512 k
memory_max_usage_in_bytes: 709448 k
maximum number of tasks: 1000
current number of tasks: 49

KVM virtualization detected
Steal ticks since vm start: 0
Steal ticks percentage since vm start:  0.000

CPU: total 8 (initial active 1) (8 cores per cpu, 2 threads per core) family 23 model 49 stepping 0 microcode 0xffffffff, cx8, cmov, fxsr, ht, mmx, 3dnowpref, sse, sse2, sse3, ssse3, sse4a, sse4.1, sse4.2, popcnt, lzcnt, tsc, tscinvbit, avx, avx2, aes, clmul, bmi1, bmi2, adx, sha, fma, vzeroupper, clflush, clflushopt, hv
CPU Model and flags from /proc/cpuinfo:
model name	: AMD EPYC 7B12
flags		: fpu vme de pse tsc msr pae mce cx8 apic sep mtrr pge mca cmov pat pse36 clflush mmx fxsr sse sse2 ht syscall nx mmxext fxsr_opt pdpe1gb rdtscp lm constant_tsc rep_good nopl nonstop_tsc cpuid extd_apicid tsc_known_freq pni pclmulqdq ssse3 fma cx16 sse4_1 sse4_2 movbe popcnt aes xsave avx f16c rdrand hypervisor lahf_lm cmp_legacy cr8_legacy abm sse4a misalignsse 3dnowprefetch osvw topoext ssbd ibrs ibpb stibp vmmcall fsgsbase tsc_adjust bmi1 avx2 smep bmi2 rdseed adx smap clflushopt clwb sha_ni xsaveopt xsavec xgetbv1 clzero xsaveerptr arat npt nrip_save umip rdpid

Online cpus: 0-7
Offline cpus: 
BIOS frequency limitation: <Not Available>
Frequency switch latency (ns): <Not Available>
Available cpu frequencies: <Not Available>
Current governor: <Not Available>
Core performance/turbo boost: <Not Available>

Memory: 4k page, physical 1048576k(408060k free), swap 0k(0k free)
Page Sizes: 4k

vm_info: OpenJDK 64-Bit Server VM (17.0.5+8-jvmci-22.3-b08) for linux-amd64 JRE (17.0.5+8-jvmci-22.3-b08), built on Oct 19 2022 09:01:27 by "buildslave" with gcc 10.3.0

END.
